13-Mar-2025 12:29:10.858 INFO [main] org.apache.catalina.startup.VersionLoggerListener.log Server version name:   Apache Tomcat/8.5.99
13-Mar-2025 12:29:10.860 INFO [main] org.apache.catalina.startup.VersionLoggerListener.log Server built:          Feb 14 2024 22:52:13 UTC
13-Mar-2025 12:29:10.860 INFO [main] org.apache.catalina.startup.VersionLoggerListener.log Server version number: 8.5.99.0
13-Mar-2025 12:29:10.860 INFO [main] org.apache.catalina.startup.VersionLoggerListener.log OS Name:               Windows 10
13-Mar-2025 12:29:10.861 INFO [main] org.apache.catalina.startup.VersionLoggerListener.log OS Version:            10.0
13-Mar-2025 12:29:10.861 INFO [main] org.apache.catalina.startup.VersionLoggerListener.log Architecture:          amd64
13-Mar-2025 12:29:10.862 INFO [main] org.apache.catalina.startup.VersionLoggerListener.log Java Home:             C:\Program Files\Java\jdk1.8.0_202\jre
13-Mar-2025 12:29:10.862 INFO [main] org.apache.catalina.startup.VersionLoggerListener.log JVM Version:           1.8.0_202-b08
13-Mar-2025 12:29:10.862 INFO [main] org.apache.catalina.startup.VersionLoggerListener.log JVM Vendor:            Oracle Corporation
13-Mar-2025 12:29:10.862 INFO [main] org.apache.catalina.startup.VersionLoggerListener.log CATALINA_BASE:         C:\Users\ducmi\OneDrive\Documents\GitHub\PRJ301\IDE\apache-tomcat-8.5.99
13-Mar-2025 12:29:10.862 INFO [main] org.apache.catalina.startup.VersionLoggerListener.log CATALINA_HOME:         C:\Users\ducmi\OneDrive\Documents\GitHub\PRJ301\IDE\apache-tomcat-8.5.99
13-Mar-2025 12:29:10.862 INFO [main] org.apache.catalina.startup.VersionLoggerListener.log Command line argument: -Djava.util.logging.config.file=C:\Users\ducmi\OneDrive\Documents\GitHub\PRJ301\IDE\apache-tomcat-8.5.99\conf\logging.properties
13-Mar-2025 12:29:10.862 INFO [main] org.apache.catalina.startup.VersionLoggerListener.log Command line argument: -Djava.util.logging.manager=org.apache.juli.ClassLoaderLogManager
13-Mar-2025 12:29:10.862 INFO [main] org.apache.catalina.startup.VersionLoggerListener.log Command line argument: -Dhttp.nonProxyHosts=localhost|127.0.0.1|DucMinh
13-Mar-2025 12:29:10.862 INFO [main] org.apache.catalina.startup.VersionLoggerListener.log Command line argument: -Djdk.tls.ephemeralDHKeySize=2048
13-Mar-2025 12:29:10.862 INFO [main] org.apache.catalina.startup.VersionLoggerListener.log Command line argument: -Djava.protocol.handler.pkgs=org.apache.catalina.webresources
13-Mar-2025 12:29:10.862 INFO [main] org.apache.catalina.startup.VersionLoggerListener.log Command line argument: -Dignore.endorsed.dirs=
13-Mar-2025 12:29:10.862 INFO [main] org.apache.catalina.startup.VersionLoggerListener.log Command line argument: -Dcatalina.base=C:\Users\ducmi\OneDrive\Documents\GitHub\PRJ301\IDE\apache-tomcat-8.5.99
13-Mar-2025 12:29:10.862 INFO [main] org.apache.catalina.startup.VersionLoggerListener.log Command line argument: -Dcatalina.home=C:\Users\ducmi\OneDrive\Documents\GitHub\PRJ301\IDE\apache-tomcat-8.5.99
13-Mar-2025 12:29:10.862 INFO [main] org.apache.catalina.startup.VersionLoggerListener.log Command line argument: -Djava.io.tmpdir=C:\Users\ducmi\OneDrive\Documents\GitHub\PRJ301\IDE\apache-tomcat-8.5.99\temp
13-Mar-2025 12:29:10.862 INFO [main] org.apache.catalina.core.AprLifecycleListener.lifecycleEvent The Apache Tomcat Native library which allows using OpenSSL was not found on the java.library.path: [C:\Program Files\Java\jdk1.8.0_202\bin;C:\WINDOWS\Sun\Java\bin;C:\WINDOWS\system32;C:\WINDOWS;C:\Program Files (x86)\Common Files\Oracle\Java\java8path;C:\Program Files (x86)\Common Files\Oracle\Java\javapath;C:\WINDOWS\system32;C:\WINDOWS;C:\WINDOWS\System32\Wbem;C:\WINDOWS\System32\WindowsPowerShell\v1.0\;C:\WINDOWS\System32\OpenSSH\;C:\Program Files (x86)\NVIDIA Corporation\PhysX\Common;C:\Program Files\Cloudflare\Cloudflare WARP\;C:\Program Files (x86)\Microsoft SQL Server\160\Tools\Binn\;C:\Program Files\Microsoft SQL Server\160\Tools\Binn\;C:\Program Files\Microsoft SQL Server\Client SDK\ODBC\170\Tools\Binn\;C:\Program Files\Microsoft SQL Server\160\DTS\Binn\;C:\Program Files\NVIDIA Corporation\NVIDIA app\NvDLISR;C:\Program Files (x86)\Microsoft SQL Server\160\DTS\Binn\;C:\Users\ducmi\AppData\Local\Microsoft\WindowsApps;C:\Users\ducmi\AppData\Local\GitHubDesktop\bin;C:\Users\ducmi\AppData\Local\Programs\Microsoft VS Code\bin;.]
13-Mar-2025 12:29:11.057 INFO [main] org.apache.coyote.AbstractProtocol.init Initializing ProtocolHandler ["http-nio-8080"]
13-Mar-2025 12:29:11.073 INFO [main] org.apache.catalina.startup.Catalina.load Initialization processed in 526 ms
13-Mar-2025 12:29:11.098 INFO [main] org.apache.catalina.core.StandardService.startInternal Starting service [Catalina]
13-Mar-2025 12:29:11.099 INFO [main] org.apache.catalina.core.StandardEngine.startInternal Starting Servlet engine: [Apache Tomcat/8.5.99]
13-Mar-2025 12:29:11.107 INFO [localhost-startStop-1] org.apache.catalina.startup.HostConfig.deployDescriptor Deploying deployment descriptor [C:\Users\ducmi\OneDrive\Documents\GitHub\PRJ301\IDE\apache-tomcat-8.5.99\conf\Catalina\localhost\Final_Project.xml]
13-Mar-2025 12:29:11.119 WARNING [localhost-startStop-1] org.apache.catalina.startup.HostConfig.deployDescriptor The path attribute with value [/Final_Project] in deployment descriptor [C:\Users\ducmi\OneDrive\Documents\GitHub\PRJ301\IDE\apache-tomcat-8.5.99\conf\Catalina\localhost\Final_Project.xml] has been ignored
13-Mar-2025 12:29:11.478 INFO [localhost-startStop-1] org.apache.jasper.servlet.TldScanner.scanJars At least one JAR was scanned for TLDs yet contained no TLDs. Enable debug logging for this logger for a complete list of JARs that were scanned but no TLDs were found in them. Skipping unneeded JARs during scanning can improve startup time and JSP compilation time.
13-Mar-2025 12:29:11.672 WARNING [localhost-startStop-1] org.apache.catalina.util.SessionIdGeneratorBase.createSecureRandom Creation of SecureRandom instance for session ID generation using [SHA1PRNG] took [163] milliseconds.
13-Mar-2025 12:29:11.684 INFO [localhost-startStop-1] org.apache.catalina.startup.HostConfig.deployDescriptor Deployment of deployment descriptor [C:\Users\ducmi\OneDrive\Documents\GitHub\PRJ301\IDE\apache-tomcat-8.5.99\conf\Catalina\localhost\Final_Project.xml] has finished in [577] ms
13-Mar-2025 12:29:11.685 INFO [localhost-startStop-1] org.apache.catalina.startup.HostConfig.deployDescriptor Deploying deployment descriptor [C:\Users\ducmi\OneDrive\Documents\GitHub\PRJ301\IDE\apache-tomcat-8.5.99\conf\Catalina\localhost\Online_Examination.xml]
13-Mar-2025 12:29:11.685 WARNING [localhost-startStop-1] org.apache.catalina.startup.HostConfig.deployDescriptor The path attribute with value [/Online_Examination] in deployment descriptor [C:\Users\ducmi\OneDrive\Documents\GitHub\PRJ301\IDE\apache-tomcat-8.5.99\conf\Catalina\localhost\Online_Examination.xml] has been ignored
13-Mar-2025 12:29:11.856 INFO [localhost-startStop-1] org.apache.jasper.servlet.TldScanner.scanJars At least one JAR was scanned for TLDs yet contained no TLDs. Enable debug logging for this logger for a complete list of JARs that were scanned but no TLDs were found in them. Skipping unneeded JARs during scanning can improve startup time and JSP compilation time.
13-Mar-2025 12:29:11.868 INFO [localhost-startStop-1] org.apache.catalina.startup.HostConfig.deployDescriptor Deployment of deployment descriptor [C:\Users\ducmi\OneDrive\Documents\GitHub\PRJ301\IDE\apache-tomcat-8.5.99\conf\Catalina\localhost\Online_Examination.xml] has finished in [184] ms
13-Mar-2025 12:29:11.868 INFO [localhost-startStop-1] org.apache.catalina.startup.HostConfig.deployDescriptor Deploying deployment descriptor [C:\Users\ducmi\OneDrive\Documents\GitHub\PRJ301\IDE\apache-tomcat-8.5.99\conf\Catalina\localhost\WebApplication_14.xml]
13-Mar-2025 12:29:11.869 WARNING [localhost-startStop-1] org.apache.catalina.startup.HostConfig.deployDescriptor The path attribute with value [/WebApplication_14] in deployment descriptor [C:\Users\ducmi\OneDrive\Documents\GitHub\PRJ301\IDE\apache-tomcat-8.5.99\conf\Catalina\localhost\WebApplication_14.xml] has been ignored
13-Mar-2025 12:29:12.025 INFO [localhost-startStop-1] org.apache.jasper.servlet.TldScanner.scanJars At least one JAR was scanned for TLDs yet contained no TLDs. Enable debug logging for this logger for a complete list of JARs that were scanned but no TLDs were found in them. Skipping unneeded JARs during scanning can improve startup time and JSP compilation time.
13-Mar-2025 12:29:12.035 INFO [localhost-startStop-1] org.apache.catalina.startup.HostConfig.deployDescriptor Deployment of deployment descriptor [C:\Users\ducmi\OneDrive\Documents\GitHub\PRJ301\IDE\apache-tomcat-8.5.99\conf\Catalina\localhost\WebApplication_14.xml] has finished in [166] ms
13-Mar-2025 12:29:12.035 INFO [localhost-startStop-1] org.apache.catalina.startup.HostConfig.deployDirectory Deploying web application directory [C:\Users\ducmi\OneDrive\Documents\GitHub\PRJ301\IDE\apache-tomcat-8.5.99\webapps\docs]
13-Mar-2025 12:29:12.052 INFO [localhost-startStop-1] org.apache.catalina.startup.HostConfig.deployDirectory Deployment of web application directory [C:\Users\ducmi\OneDrive\Documents\GitHub\PRJ301\IDE\apache-tomcat-8.5.99\webapps\docs] has finished in [17] ms
13-Mar-2025 12:29:12.052 INFO [localhost-startStop-1] org.apache.catalina.startup.HostConfig.deployDirectory Deploying web application directory [C:\Users\ducmi\OneDrive\Documents\GitHub\PRJ301\IDE\apache-tomcat-8.5.99\webapps\examples]
13-Mar-2025 12:29:12.256 INFO [localhost-startStop-1] org.apache.catalina.startup.HostConfig.deployDirectory Deployment of web application directory [C:\Users\ducmi\OneDrive\Documents\GitHub\PRJ301\IDE\apache-tomcat-8.5.99\webapps\examples] has finished in [204] ms
13-Mar-2025 12:29:12.256 INFO [localhost-startStop-1] org.apache.catalina.startup.HostConfig.deployDirectory Deploying web application directory [C:\Users\ducmi\OneDrive\Documents\GitHub\PRJ301\IDE\apache-tomcat-8.5.99\webapps\host-manager]
13-Mar-2025 12:29:12.278 INFO [localhost-startStop-1] org.apache.catalina.startup.HostConfig.deployDirectory Deployment of web application directory [C:\Users\ducmi\OneDrive\Documents\GitHub\PRJ301\IDE\apache-tomcat-8.5.99\webapps\host-manager] has finished in [21] ms
13-Mar-2025 12:29:12.278 INFO [localhost-startStop-1] org.apache.catalina.startup.HostConfig.deployDirectory Deploying web application directory [C:\Users\ducmi\OneDrive\Documents\GitHub\PRJ301\IDE\apache-tomcat-8.5.99\webapps\manager]
13-Mar-2025 12:29:12.300 INFO [localhost-startStop-1] org.apache.catalina.startup.HostConfig.deployDirectory Deployment of web application directory [C:\Users\ducmi\OneDrive\Documents\GitHub\PRJ301\IDE\apache-tomcat-8.5.99\webapps\manager] has finished in [22] ms
13-Mar-2025 12:29:12.300 INFO [localhost-startStop-1] org.apache.catalina.startup.HostConfig.deployDirectory Deploying web application directory [C:\Users\ducmi\OneDrive\Documents\GitHub\PRJ301\IDE\apache-tomcat-8.5.99\webapps\ROOT]
13-Mar-2025 12:29:12.322 INFO [localhost-startStop-1] org.apache.catalina.startup.HostConfig.deployDirectory Deployment of web application directory [C:\Users\ducmi\OneDrive\Documents\GitHub\PRJ301\IDE\apache-tomcat-8.5.99\webapps\ROOT] has finished in [22] ms
13-Mar-2025 12:29:12.325 INFO [main] org.apache.coyote.AbstractProtocol.start Starting ProtocolHandler ["http-nio-8080"]
13-Mar-2025 12:29:12.380 INFO [main] org.apache.catalina.startup.Catalina.start Server startup in 1305 ms
13-Mar-2025 12:29:14.016 INFO [http-nio-8080-exec-9] org.apache.catalina.startup.HostConfig.deployDescriptor Deploying deployment descriptor [C:\Users\ducmi\OneDrive\Documents\GitHub\PRJ301\IDE\apache-tomcat-8.5.99\conf\Catalina\localhost\WebApplication_15.xml]
13-Mar-2025 12:29:14.016 WARNING [http-nio-8080-exec-9] org.apache.catalina.startup.HostConfig.deployDescriptor The path attribute with value [/WebApplication_15] in deployment descriptor [C:\Users\ducmi\OneDrive\Documents\GitHub\PRJ301\IDE\apache-tomcat-8.5.99\conf\Catalina\localhost\WebApplication_15.xml] has been ignored
13-Mar-2025 12:29:14.159 INFO [http-nio-8080-exec-9] org.apache.jasper.servlet.TldScanner.scanJars At least one JAR was scanned for TLDs yet contained no TLDs. Enable debug logging for this logger for a complete list of JARs that were scanned but no TLDs were found in them. Skipping unneeded JARs during scanning can improve startup time and JSP compilation time.
13-Mar-2025 12:29:14.165 INFO [http-nio-8080-exec-9] org.apache.catalina.startup.HostConfig.deployDescriptor Deployment of deployment descriptor [C:\Users\ducmi\OneDrive\Documents\GitHub\PRJ301\IDE\apache-tomcat-8.5.99\conf\Catalina\localhost\WebApplication_15.xml] has finished in [150] ms
13-Mar-2025 12:29:14.170 INFO [http-nio-8080-exec-1] org.apache.catalina.util.LifecycleBase.start The start() method was called on component [StandardEngine[Catalina].StandardHost[localhost].StandardContext[/WebApplication_15]] after start() had already been called. The second call will be ignored.
13-Mar-2025 12:29:38.946 INFO [http-nio-8080-exec-8] org.apache.catalina.core.StandardContext.reload Reloading Context with name [/WebApplication_15] has started
13-Mar-2025 12:29:39.088 INFO [http-nio-8080-exec-8] org.apache.jasper.servlet.TldScanner.scanJars At least one JAR was scanned for TLDs yet contained no TLDs. Enable debug logging for this logger for a complete list of JARs that were scanned but no TLDs were found in them. Skipping unneeded JARs during scanning can improve startup time and JSP compilation time.
13-Mar-2025 12:29:39.099 INFO [http-nio-8080-exec-8] org.apache.catalina.core.StandardContext.reload Reloading Context with name [/WebApplication_15] is completed
13-Mar-2025 12:30:23.084 INFO [http-nio-8080-exec-3] org.apache.catalina.core.StandardContext.reload Reloading Context with name [/WebApplication_15] has started
13-Mar-2025 12:30:23.216 INFO [http-nio-8080-exec-3] org.apache.jasper.servlet.TldScanner.scanJars At least one JAR was scanned for TLDs yet contained no TLDs. Enable debug logging for this logger for a complete list of JARs that were scanned but no TLDs were found in them. Skipping unneeded JARs during scanning can improve startup time and JSP compilation time.
13-Mar-2025 12:30:23.229 INFO [http-nio-8080-exec-3] org.apache.catalina.core.StandardContext.reload Reloading Context with name [/WebApplication_15] is completed
13-Mar-2025 12:30:26.467 INFO [http-nio-8080-exec-12] org.apache.catalina.core.StandardContext.reload Reloading Context with name [/WebApplication_15] has started
13-Mar-2025 12:30:26.596 INFO [http-nio-8080-exec-12] org.apache.jasper.servlet.TldScanner.scanJars At least one JAR was scanned for TLDs yet contained no TLDs. Enable debug logging for this logger for a complete list of JARs that were scanned but no TLDs were found in them. Skipping unneeded JARs during scanning can improve startup time and JSP compilation time.
13-Mar-2025 12:30:26.609 INFO [http-nio-8080-exec-12] org.apache.catalina.core.StandardContext.reload Reloading Context with name [/WebApplication_15] is completed
13-Mar-2025 12:31:58.932 INFO [http-nio-8080-exec-3] org.apache.catalina.core.StandardContext.reload Reloading Context with name [/WebApplication_15] has started
13-Mar-2025 12:31:58.943 WARNING [http-nio-8080-exec-3] org.apache.catalina.loader.WebappClassLoaderBase.clearReferencesJdbc The web application [WebApplication_15] registered the JDBC driver [com.microsoft.sqlserver.jdbc.SQLServerDriver] but failed to unregister it when the web application was stopped. To prevent a memory leak, the JDBC Driver has been forcibly unregistered.
13-Mar-2025 12:31:58.945 SEVERE [http-nio-8080-exec-3] org.apache.catalina.loader.WebappClassLoaderBase.checkThreadLocalMapForLeaks The web application [WebApplication_15] created a ThreadLocal with key of type [com.microsoft.sqlserver.jdbc.ActivityCorrelator$1] (value [com.microsoft.sqlserver.jdbc.ActivityCorrelator$1@329fb822]) and a value of type [com.microsoft.sqlserver.jdbc.ActivityId] (value [06b056fc-5bd4-4da6-a888-c3171a347fdd-1]) but failed to remove it when the web application was stopped. Threads are going to be renewed over time to try and avoid a probable memory leak.
13-Mar-2025 12:31:58.946 SEVERE [http-nio-8080-exec-3] org.apache.catalina.loader.WebappClassLoaderBase.checkThreadLocalMapForLeaks The web application [WebApplication_15] created a ThreadLocal with key of type [com.microsoft.sqlserver.jdbc.ActivityCorrelator$1] (value [com.microsoft.sqlserver.jdbc.ActivityCorrelator$1@329fb822]) and a value of type [com.microsoft.sqlserver.jdbc.ActivityId] (value [436ffd6e-ccb6-4973-89ae-40f077c70bb4-1]) but failed to remove it when the web application was stopped. Threads are going to be renewed over time to try and avoid a probable memory leak.
13-Mar-2025 12:31:58.947 SEVERE [http-nio-8080-exec-3] org.apache.catalina.loader.WebappClassLoaderBase.checkThreadLocalMapForLeaks The web application [WebApplication_15] created a ThreadLocal with key of type [com.microsoft.sqlserver.jdbc.ActivityCorrelator$1] (value [com.microsoft.sqlserver.jdbc.ActivityCorrelator$1@329fb822]) and a value of type [com.microsoft.sqlserver.jdbc.ActivityId] (value [06582afb-94b8-4d58-87e1-0b8a32a8c67d-1]) but failed to remove it when the web application was stopped. Threads are going to be renewed over time to try and avoid a probable memory leak.
13-Mar-2025 12:31:58.947 SEVERE [http-nio-8080-exec-3] org.apache.catalina.loader.WebappClassLoaderBase.checkThreadLocalMapForLeaks The web application [WebApplication_15] created a ThreadLocal with key of type [com.microsoft.sqlserver.jdbc.ActivityCorrelator$1] (value [com.microsoft.sqlserver.jdbc.ActivityCorrelator$1@329fb822]) and a value of type [com.microsoft.sqlserver.jdbc.ActivityId] (value [431f431c-e005-46f2-bb52-093e1715cc2a-1]) but failed to remove it when the web application was stopped. Threads are going to be renewed over time to try and avoid a probable memory leak.
13-Mar-2025 12:31:59.443 INFO [http-nio-8080-exec-3] org.apache.jasper.servlet.TldScanner.scanJars At least one JAR was scanned for TLDs yet contained no TLDs. Enable debug logging for this logger for a complete list of JARs that were scanned but no TLDs were found in them. Skipping unneeded JARs during scanning can improve startup time and JSP compilation time.
13-Mar-2025 12:31:59.470 INFO [http-nio-8080-exec-3] org.apache.catalina.core.StandardContext.reload Reloading Context with name [/WebApplication_15] is completed
13-Mar-2025 12:32:08.249 INFO [http-nio-8080-exec-18] org.apache.catalina.core.StandardContext.reload Reloading Context with name [/WebApplication_15] has started
13-Mar-2025 12:32:08.368 INFO [http-nio-8080-exec-18] org.apache.jasper.servlet.TldScanner.scanJars At least one JAR was scanned for TLDs yet contained no TLDs. Enable debug logging for this logger for a complete list of JARs that were scanned but no TLDs were found in them. Skipping unneeded JARs during scanning can improve startup time and JSP compilation time.
13-Mar-2025 12:32:08.378 INFO [http-nio-8080-exec-18] org.apache.catalina.core.StandardContext.reload Reloading Context with name [/WebApplication_15] is completed
13-Mar-2025 12:32:17.758 INFO [http-nio-8080-exec-15] org.apache.catalina.core.StandardContext.reload Reloading Context with name [/WebApplication_15] has started
13-Mar-2025 12:32:17.918 INFO [http-nio-8080-exec-15] org.apache.jasper.servlet.TldScanner.scanJars At least one JAR was scanned for TLDs yet contained no TLDs. Enable debug logging for this logger for a complete list of JARs that were scanned but no TLDs were found in them. Skipping unneeded JARs during scanning can improve startup time and JSP compilation time.
13-Mar-2025 12:32:17.924 INFO [http-nio-8080-exec-15] org.apache.catalina.core.StandardContext.reload Reloading Context with name [/WebApplication_15] is completed
13-Mar-2025 12:32:38.703 INFO [http-nio-8080-exec-20] org.apache.catalina.core.StandardContext.reload Reloading Context with name [/WebApplication_15] has started
13-Mar-2025 12:32:38.823 INFO [http-nio-8080-exec-20] org.apache.jasper.servlet.TldScanner.scanJars At least one JAR was scanned for TLDs yet contained no TLDs. Enable debug logging for this logger for a complete list of JARs that were scanned but no TLDs were found in them. Skipping unneeded JARs during scanning can improve startup time and JSP compilation time.
13-Mar-2025 12:32:38.829 INFO [http-nio-8080-exec-20] org.apache.catalina.core.StandardContext.reload Reloading Context with name [/WebApplication_15] is completed
13-Mar-2025 12:32:55.324 INFO [http-nio-8080-exec-18] org.apache.catalina.core.StandardContext.reload Reloading Context with name [/WebApplication_15] has started
13-Mar-2025 12:32:55.440 INFO [http-nio-8080-exec-18] org.apache.jasper.servlet.TldScanner.scanJars At least one JAR was scanned for TLDs yet contained no TLDs. Enable debug logging for this logger for a complete list of JARs that were scanned but no TLDs were found in them. Skipping unneeded JARs during scanning can improve startup time and JSP compilation time.
13-Mar-2025 12:32:55.446 INFO [http-nio-8080-exec-18] org.apache.catalina.core.StandardContext.reload Reloading Context with name [/WebApplication_15] is completed
13-Mar-2025 12:33:43.753 INFO [http-nio-8080-exec-23] org.apache.catalina.core.StandardContext.reload Reloading Context with name [/WebApplication_15] has started
13-Mar-2025 12:33:43.878 INFO [http-nio-8080-exec-23] org.apache.jasper.servlet.TldScanner.scanJars At least one JAR was scanned for TLDs yet contained no TLDs. Enable debug logging for this logger for a complete list of JARs that were scanned but no TLDs were found in them. Skipping unneeded JARs during scanning can improve startup time and JSP compilation time.
13-Mar-2025 12:33:43.888 INFO [http-nio-8080-exec-23] org.apache.catalina.core.StandardContext.reload Reloading Context with name [/WebApplication_15] is completed
13-Mar-2025 12:49:14.212 INFO [main] org.apache.catalina.core.StandardServer.await A valid shutdown command was received via the shutdown port. Stopping the Server instance.
13-Mar-2025 12:49:14.212 INFO [main] org.apache.coyote.AbstractProtocol.pause Pausing ProtocolHandler ["http-nio-8080"]
13-Mar-2025 12:49:14.340 INFO [main] org.apache.catalina.core.StandardService.stopInternal Stopping service [Catalina]
13-Mar-2025 12:49:14.347 WARNING [localhost-startStop-2] org.apache.catalina.loader.WebappClassLoaderBase.clearReferencesJdbc The web application [WebApplication_15] registered the JDBC driver [com.microsoft.sqlserver.jdbc.SQLServerDriver] but failed to unregister it when the web application was stopped. To prevent a memory leak, the JDBC Driver has been forcibly unregistered.
13-Mar-2025 12:49:14.347 SEVERE [localhost-startStop-2] org.apache.catalina.loader.WebappClassLoaderBase.checkThreadLocalMapForLeaks The web application [WebApplication_15] created a ThreadLocal with key of type [com.microsoft.sqlserver.jdbc.ActivityCorrelator$1] (value [com.microsoft.sqlserver.jdbc.ActivityCorrelator$1@389f2299]) and a value of type [com.microsoft.sqlserver.jdbc.ActivityId] (value [3974ae9d-6644-4237-8247-ba405a855574-4]) but failed to remove it when the web application was stopped. Threads are going to be renewed over time to try and avoid a probable memory leak.
13-Mar-2025 12:49:14.347 SEVERE [localhost-startStop-2] org.apache.catalina.loader.WebappClassLoaderBase.checkThreadLocalMapForLeaks The web application [WebApplication_15] created a ThreadLocal with key of type [com.microsoft.sqlserver.jdbc.ActivityCorrelator$1] (value [com.microsoft.sqlserver.jdbc.ActivityCorrelator$1@389f2299]) and a value of type [com.microsoft.sqlserver.jdbc.ActivityId] (value [e070fed1-536f-4bf7-b280-89d1b605eb97-3]) but failed to remove it when the web application was stopped. Threads are going to be renewed over time to try and avoid a probable memory leak.
13-Mar-2025 12:49:14.348 SEVERE [localhost-startStop-2] org.apache.catalina.loader.WebappClassLoaderBase.checkThreadLocalMapForLeaks The web application [WebApplication_15] created a ThreadLocal with key of type [com.microsoft.sqlserver.jdbc.ActivityCorrelator$1] (value [com.microsoft.sqlserver.jdbc.ActivityCorrelator$1@389f2299]) and a value of type [com.microsoft.sqlserver.jdbc.ActivityId] (value [cbd43a57-847f-4ba4-b63c-01f32f65f18d-1]) but failed to remove it when the web application was stopped. Threads are going to be renewed over time to try and avoid a probable memory leak.
13-Mar-2025 12:49:14.348 SEVERE [localhost-startStop-2] org.apache.catalina.loader.WebappClassLoaderBase.checkThreadLocalMapForLeaks The web application [WebApplication_15] created a ThreadLocal with key of type [com.microsoft.sqlserver.jdbc.ActivityCorrelator$1] (value [com.microsoft.sqlserver.jdbc.ActivityCorrelator$1@389f2299]) and a value of type [com.microsoft.sqlserver.jdbc.ActivityId] (value [0751ab00-b320-409e-8332-c309e5346be7-2]) but failed to remove it when the web application was stopped. Threads are going to be renewed over time to try and avoid a probable memory leak.
13-Mar-2025 12:49:14.356 INFO [main] org.apache.coyote.AbstractProtocol.stop Stopping ProtocolHandler ["http-nio-8080"]
13-Mar-2025 12:49:14.368 INFO [main] org.apache.coyote.AbstractProtocol.destroy Destroying ProtocolHandler ["http-nio-8080"]
13-Mar-2025 12:52:26.503 INFO [main] org.apache.catalina.startup.VersionLoggerListener.log Server version name:   Apache Tomcat/8.5.99
13-Mar-2025 12:52:26.505 INFO [main] org.apache.catalina.startup.VersionLoggerListener.log Server built:          Feb 14 2024 22:52:13 UTC
13-Mar-2025 12:52:26.505 INFO [main] org.apache.catalina.startup.VersionLoggerListener.log Server version number: 8.5.99.0
13-Mar-2025 12:52:26.505 INFO [main] org.apache.catalina.startup.VersionLoggerListener.log OS Name:               Windows 10
13-Mar-2025 12:52:26.506 INFO [main] org.apache.catalina.startup.VersionLoggerListener.log OS Version:            10.0
13-Mar-2025 12:52:26.507 INFO [main] org.apache.catalina.startup.VersionLoggerListener.log Architecture:          amd64
13-Mar-2025 12:52:26.507 INFO [main] org.apache.catalina.startup.VersionLoggerListener.log Java Home:             C:\Program Files\Java\jdk1.8.0_202\jre
13-Mar-2025 12:52:26.507 INFO [main] org.apache.catalina.startup.VersionLoggerListener.log JVM Version:           1.8.0_202-b08
13-Mar-2025 12:52:26.507 INFO [main] org.apache.catalina.startup.VersionLoggerListener.log JVM Vendor:            Oracle Corporation
13-Mar-2025 12:52:26.507 INFO [main] org.apache.catalina.startup.VersionLoggerListener.log CATALINA_BASE:         C:\Users\ducmi\OneDrive\Documents\GitHub\PRJ301\IDE\apache-tomcat-8.5.99
13-Mar-2025 12:52:26.507 INFO [main] org.apache.catalina.startup.VersionLoggerListener.log CATALINA_HOME:         C:\Users\ducmi\OneDrive\Documents\GitHub\PRJ301\IDE\apache-tomcat-8.5.99
13-Mar-2025 12:52:26.507 INFO [main] org.apache.catalina.startup.VersionLoggerListener.log Command line argument: -Djava.util.logging.config.file=C:\Users\ducmi\OneDrive\Documents\GitHub\PRJ301\IDE\apache-tomcat-8.5.99\conf\logging.properties
13-Mar-2025 12:52:26.507 INFO [main] org.apache.catalina.startup.VersionLoggerListener.log Command line argument: -Djava.util.logging.manager=org.apache.juli.ClassLoaderLogManager
13-Mar-2025 12:52:26.507 INFO [main] org.apache.catalina.startup.VersionLoggerListener.log Command line argument: -Dhttp.nonProxyHosts=localhost|127.0.0.1|DucMinh
13-Mar-2025 12:52:26.507 INFO [main] org.apache.catalina.startup.VersionLoggerListener.log Command line argument: -Djdk.tls.ephemeralDHKeySize=2048
13-Mar-2025 12:52:26.507 INFO [main] org.apache.catalina.startup.VersionLoggerListener.log Command line argument: -Djava.protocol.handler.pkgs=org.apache.catalina.webresources
13-Mar-2025 12:52:26.507 INFO [main] org.apache.catalina.startup.VersionLoggerListener.log Command line argument: -Dignore.endorsed.dirs=
13-Mar-2025 12:52:26.507 INFO [main] org.apache.catalina.startup.VersionLoggerListener.log Command line argument: -Dcatalina.base=C:\Users\ducmi\OneDrive\Documents\GitHub\PRJ301\IDE\apache-tomcat-8.5.99
13-Mar-2025 12:52:26.507 INFO [main] org.apache.catalina.startup.VersionLoggerListener.log Command line argument: -Dcatalina.home=C:\Users\ducmi\OneDrive\Documents\GitHub\PRJ301\IDE\apache-tomcat-8.5.99
13-Mar-2025 12:52:26.507 INFO [main] org.apache.catalina.startup.VersionLoggerListener.log Command line argument: -Djava.io.tmpdir=C:\Users\ducmi\OneDrive\Documents\GitHub\PRJ301\IDE\apache-tomcat-8.5.99\temp
13-Mar-2025 12:52:26.507 INFO [main] org.apache.catalina.core.AprLifecycleListener.lifecycleEvent The Apache Tomcat Native library which allows using OpenSSL was not found on the java.library.path: [C:\Program Files\Java\jdk1.8.0_202\bin;C:\WINDOWS\Sun\Java\bin;C:\WINDOWS\system32;C:\WINDOWS;C:\Program Files (x86)\Common Files\Oracle\Java\java8path;C:\Program Files (x86)\Common Files\Oracle\Java\javapath;C:\WINDOWS\system32;C:\WINDOWS;C:\WINDOWS\System32\Wbem;C:\WINDOWS\System32\WindowsPowerShell\v1.0\;C:\WINDOWS\System32\OpenSSH\;C:\Program Files (x86)\NVIDIA Corporation\PhysX\Common;C:\Program Files\Cloudflare\Cloudflare WARP\;C:\Program Files (x86)\Microsoft SQL Server\160\Tools\Binn\;C:\Program Files\Microsoft SQL Server\160\Tools\Binn\;C:\Program Files\Microsoft SQL Server\Client SDK\ODBC\170\Tools\Binn\;C:\Program Files\Microsoft SQL Server\160\DTS\Binn\;C:\Program Files\NVIDIA Corporation\NVIDIA app\NvDLISR;C:\Program Files (x86)\Microsoft SQL Server\160\DTS\Binn\;C:\Users\ducmi\AppData\Local\Microsoft\WindowsApps;C:\Users\ducmi\AppData\Local\GitHubDesktop\bin;C:\Users\ducmi\AppData\Local\Programs\Microsoft VS Code\bin;.]
13-Mar-2025 12:52:26.683 INFO [main] org.apache.coyote.AbstractProtocol.init Initializing ProtocolHandler ["http-nio-8080"]
13-Mar-2025 12:52:26.696 INFO [main] org.apache.catalina.startup.Catalina.load Initialization processed in 481 ms
13-Mar-2025 12:52:26.716 INFO [main] org.apache.catalina.core.StandardService.startInternal Starting service [Catalina]
13-Mar-2025 12:52:26.716 INFO [main] org.apache.catalina.core.StandardEngine.startInternal Starting Servlet engine: [Apache Tomcat/8.5.99]
13-Mar-2025 12:52:26.723 INFO [localhost-startStop-1] org.apache.catalina.startup.HostConfig.deployDescriptor Deploying deployment descriptor [C:\Users\ducmi\OneDrive\Documents\GitHub\PRJ301\IDE\apache-tomcat-8.5.99\conf\Catalina\localhost\Final_Project.xml]
13-Mar-2025 12:52:26.734 WARNING [localhost-startStop-1] org.apache.catalina.startup.HostConfig.deployDescriptor The path attribute with value [/Final_Project] in deployment descriptor [C:\Users\ducmi\OneDrive\Documents\GitHub\PRJ301\IDE\apache-tomcat-8.5.99\conf\Catalina\localhost\Final_Project.xml] has been ignored
13-Mar-2025 12:52:27.084 INFO [localhost-startStop-1] org.apache.jasper.servlet.TldScanner.scanJars At least one JAR was scanned for TLDs yet contained no TLDs. Enable debug logging for this logger for a complete list of JARs that were scanned but no TLDs were found in them. Skipping unneeded JARs during scanning can improve startup time and JSP compilation time.
13-Mar-2025 12:52:27.344 WARNING [localhost-startStop-1] org.apache.catalina.util.SessionIdGeneratorBase.createSecureRandom Creation of SecureRandom instance for session ID generation using [SHA1PRNG] took [216] milliseconds.
13-Mar-2025 12:52:27.367 INFO [localhost-startStop-1] org.apache.catalina.startup.HostConfig.deployDescriptor Deployment of deployment descriptor [C:\Users\ducmi\OneDrive\Documents\GitHub\PRJ301\IDE\apache-tomcat-8.5.99\conf\Catalina\localhost\Final_Project.xml] has finished in [644] ms
13-Mar-2025 12:52:27.367 INFO [localhost-startStop-1] org.apache.catalina.startup.HostConfig.deployDescriptor Deploying deployment descriptor [C:\Users\ducmi\OneDrive\Documents\GitHub\PRJ301\IDE\apache-tomcat-8.5.99\conf\Catalina\localhost\Online_Examination.xml]
13-Mar-2025 12:52:27.368 WARNING [localhost-startStop-1] org.apache.catalina.startup.HostConfig.deployDescriptor The path attribute with value [/Online_Examination] in deployment descriptor [C:\Users\ducmi\OneDrive\Documents\GitHub\PRJ301\IDE\apache-tomcat-8.5.99\conf\Catalina\localhost\Online_Examination.xml] has been ignored
13-Mar-2025 12:52:27.536 INFO [localhost-startStop-1] org.apache.jasper.servlet.TldScanner.scanJars At least one JAR was scanned for TLDs yet contained no TLDs. Enable debug logging for this logger for a complete list of JARs that were scanned but no TLDs were found in them. Skipping unneeded JARs during scanning can improve startup time and JSP compilation time.
13-Mar-2025 12:52:27.549 INFO [localhost-startStop-1] org.apache.catalina.startup.HostConfig.deployDescriptor Deployment of deployment descriptor [C:\Users\ducmi\OneDrive\Documents\GitHub\PRJ301\IDE\apache-tomcat-8.5.99\conf\Catalina\localhost\Online_Examination.xml] has finished in [182] ms
13-Mar-2025 12:52:27.549 INFO [localhost-startStop-1] org.apache.catalina.startup.HostConfig.deployDescriptor Deploying deployment descriptor [C:\Users\ducmi\OneDrive\Documents\GitHub\PRJ301\IDE\apache-tomcat-8.5.99\conf\Catalina\localhost\WebApplication_14.xml]
13-Mar-2025 12:52:27.550 WARNING [localhost-startStop-1] org.apache.catalina.startup.HostConfig.deployDescriptor The path attribute with value [/WebApplication_14] in deployment descriptor [C:\Users\ducmi\OneDrive\Documents\GitHub\PRJ301\IDE\apache-tomcat-8.5.99\conf\Catalina\localhost\WebApplication_14.xml] has been ignored
13-Mar-2025 12:52:27.698 INFO [localhost-startStop-1] org.apache.jasper.servlet.TldScanner.scanJars At least one JAR was scanned for TLDs yet contained no TLDs. Enable debug logging for this logger for a complete list of JARs that were scanned but no TLDs were found in them. Skipping unneeded JARs during scanning can improve startup time and JSP compilation time.
13-Mar-2025 12:52:27.710 INFO [localhost-startStop-1] org.apache.catalina.startup.HostConfig.deployDescriptor Deployment of deployment descriptor [C:\Users\ducmi\OneDrive\Documents\GitHub\PRJ301\IDE\apache-tomcat-8.5.99\conf\Catalina\localhost\WebApplication_14.xml] has finished in [161] ms
13-Mar-2025 12:52:27.710 INFO [localhost-startStop-1] org.apache.catalina.startup.HostConfig.deployDescriptor Deploying deployment descriptor [C:\Users\ducmi\OneDrive\Documents\GitHub\PRJ301\IDE\apache-tomcat-8.5.99\conf\Catalina\localhost\WebApplication_15.xml]
13-Mar-2025 12:52:27.711 WARNING [localhost-startStop-1] org.apache.catalina.startup.HostConfig.deployDescriptor The path attribute with value [/WebApplication_15] in deployment descriptor [C:\Users\ducmi\OneDrive\Documents\GitHub\PRJ301\IDE\apache-tomcat-8.5.99\conf\Catalina\localhost\WebApplication_15.xml] has been ignored
13-Mar-2025 12:52:27.861 INFO [localhost-startStop-1] org.apache.jasper.servlet.TldScanner.scanJars At least one JAR was scanned for TLDs yet contained no TLDs. Enable debug logging for this logger for a complete list of JARs that were scanned but no TLDs were found in them. Skipping unneeded JARs during scanning can improve startup time and JSP compilation time.
13-Mar-2025 12:52:27.915 INFO [localhost-startStop-1] org.apache.catalina.startup.HostConfig.deployDescriptor Deployment of deployment descriptor [C:\Users\ducmi\OneDrive\Documents\GitHub\PRJ301\IDE\apache-tomcat-8.5.99\conf\Catalina\localhost\WebApplication_15.xml] has finished in [205] ms
13-Mar-2025 12:52:27.915 INFO [localhost-startStop-1] org.apache.catalina.startup.HostConfig.deployDirectory Deploying web application directory [C:\Users\ducmi\OneDrive\Documents\GitHub\PRJ301\IDE\apache-tomcat-8.5.99\webapps\docs]
13-Mar-2025 12:52:27.933 INFO [localhost-startStop-1] org.apache.catalina.startup.HostConfig.deployDirectory Deployment of web application directory [C:\Users\ducmi\OneDrive\Documents\GitHub\PRJ301\IDE\apache-tomcat-8.5.99\webapps\docs] has finished in [18] ms
13-Mar-2025 12:52:27.933 INFO [localhost-startStop-1] org.apache.catalina.startup.HostConfig.deployDirectory Deploying web application directory [C:\Users\ducmi\OneDrive\Documents\GitHub\PRJ301\IDE\apache-tomcat-8.5.99\webapps\examples]
13-Mar-2025 12:52:28.109 INFO [localhost-startStop-1] org.apache.catalina.startup.HostConfig.deployDirectory Deployment of web application directory [C:\Users\ducmi\OneDrive\Documents\GitHub\PRJ301\IDE\apache-tomcat-8.5.99\webapps\examples] has finished in [176] ms
13-Mar-2025 12:52:28.110 INFO [localhost-startStop-1] org.apache.catalina.startup.HostConfig.deployDirectory Deploying web application directory [C:\Users\ducmi\OneDrive\Documents\GitHub\PRJ301\IDE\apache-tomcat-8.5.99\webapps\host-manager]
13-Mar-2025 12:52:28.127 INFO [localhost-startStop-1] org.apache.catalina.startup.HostConfig.deployDirectory Deployment of web application directory [C:\Users\ducmi\OneDrive\Documents\GitHub\PRJ301\IDE\apache-tomcat-8.5.99\webapps\host-manager] has finished in [17] ms
13-Mar-2025 12:52:28.127 INFO [localhost-startStop-1] org.apache.catalina.startup.HostConfig.deployDirectory Deploying web application directory [C:\Users\ducmi\OneDrive\Documents\GitHub\PRJ301\IDE\apache-tomcat-8.5.99\webapps\manager]
13-Mar-2025 12:52:28.142 INFO [localhost-startStop-1] org.apache.catalina.startup.HostConfig.deployDirectory Deployment of web application directory [C:\Users\ducmi\OneDrive\Documents\GitHub\PRJ301\IDE\apache-tomcat-8.5.99\webapps\manager] has finished in [15] ms
13-Mar-2025 12:52:28.143 INFO [localhost-startStop-1] org.apache.catalina.startup.HostConfig.deployDirectory Deploying web application directory [C:\Users\ducmi\OneDrive\Documents\GitHub\PRJ301\IDE\apache-tomcat-8.5.99\webapps\ROOT]
13-Mar-2025 12:52:28.157 INFO [localhost-startStop-1] org.apache.catalina.startup.HostConfig.deployDirectory Deployment of web application directory [C:\Users\ducmi\OneDrive\Documents\GitHub\PRJ301\IDE\apache-tomcat-8.5.99\webapps\ROOT] has finished in [15] ms
13-Mar-2025 12:52:28.160 INFO [main] org.apache.coyote.AbstractProtocol.start Starting ProtocolHandler ["http-nio-8080"]
13-Mar-2025 12:52:28.169 INFO [main] org.apache.catalina.startup.Catalina.start Server startup in 1474 ms
13-Mar-2025 13:10:02.878 INFO [http-nio-8080-exec-8] org.apache.catalina.core.StandardContext.reload Reloading Context with name [/WebApplication_15] has started
13-Mar-2025 13:10:02.884 WARNING [http-nio-8080-exec-8] org.apache.catalina.loader.WebappClassLoaderBase.clearReferencesJdbc The web application [WebApplication_15] registered the JDBC driver [com.microsoft.sqlserver.jdbc.SQLServerDriver] but failed to unregister it when the web application was stopped. To prevent a memory leak, the JDBC Driver has been forcibly unregistered.
13-Mar-2025 13:10:02.885 SEVERE [http-nio-8080-exec-8] org.apache.catalina.loader.WebappClassLoaderBase.checkThreadLocalMapForLeaks The web application [WebApplication_15] created a ThreadLocal with key of type [com.microsoft.sqlserver.jdbc.ActivityCorrelator$1] (value [com.microsoft.sqlserver.jdbc.ActivityCorrelator$1@797d5a43]) and a value of type [com.microsoft.sqlserver.jdbc.ActivityId] (value [a7543e39-192a-466f-922a-74a356ea7dae-2]) but failed to remove it when the web application was stopped. Threads are going to be renewed over time to try and avoid a probable memory leak.
13-Mar-2025 13:10:02.885 SEVERE [http-nio-8080-exec-8] org.apache.catalina.loader.WebappClassLoaderBase.checkThreadLocalMapForLeaks The web application [WebApplication_15] created a ThreadLocal with key of type [com.microsoft.sqlserver.jdbc.ActivityCorrelator$1] (value [com.microsoft.sqlserver.jdbc.ActivityCorrelator$1@797d5a43]) and a value of type [com.microsoft.sqlserver.jdbc.ActivityId] (value [00433007-018a-40cb-8c82-2f0a9b539b2e-1]) but failed to remove it when the web application was stopped. Threads are going to be renewed over time to try and avoid a probable memory leak.
13-Mar-2025 13:10:02.885 SEVERE [http-nio-8080-exec-8] org.apache.catalina.loader.WebappClassLoaderBase.checkThreadLocalMapForLeaks The web application [WebApplication_15] created a ThreadLocal with key of type [com.microsoft.sqlserver.jdbc.ActivityCorrelator$1] (value [com.microsoft.sqlserver.jdbc.ActivityCorrelator$1@797d5a43]) and a value of type [com.microsoft.sqlserver.jdbc.ActivityId] (value [fae756d4-597b-4731-90d8-d1828ab0088a-2]) but failed to remove it when the web application was stopped. Threads are going to be renewed over time to try and avoid a probable memory leak.
13-Mar-2025 13:10:02.885 SEVERE [http-nio-8080-exec-8] org.apache.catalina.loader.WebappClassLoaderBase.checkThreadLocalMapForLeaks The web application [WebApplication_15] created a ThreadLocal with key of type [com.microsoft.sqlserver.jdbc.ActivityCorrelator$1] (value [com.microsoft.sqlserver.jdbc.ActivityCorrelator$1@797d5a43]) and a value of type [com.microsoft.sqlserver.jdbc.ActivityId] (value [ddd5fcf2-c195-4759-a707-f7cfaed80991-3]) but failed to remove it when the web application was stopped. Threads are going to be renewed over time to try and avoid a probable memory leak.
13-Mar-2025 13:10:02.885 SEVERE [http-nio-8080-exec-8] org.apache.catalina.loader.WebappClassLoaderBase.checkThreadLocalMapForLeaks The web application [WebApplication_15] created a ThreadLocal with key of type [com.microsoft.sqlserver.jdbc.ActivityCorrelator$1] (value [com.microsoft.sqlserver.jdbc.ActivityCorrelator$1@797d5a43]) and a value of type [com.microsoft.sqlserver.jdbc.ActivityId] (value [6370eb9e-9004-471f-8ef2-dd7e198568d0-1]) but failed to remove it when the web application was stopped. Threads are going to be renewed over time to try and avoid a probable memory leak.
13-Mar-2025 13:10:02.886 SEVERE [http-nio-8080-exec-8] org.apache.catalina.loader.WebappClassLoaderBase.checkThreadLocalMapForLeaks The web application [WebApplication_15] created a ThreadLocal with key of type [com.microsoft.sqlserver.jdbc.ActivityCorrelator$1] (value [com.microsoft.sqlserver.jdbc.ActivityCorrelator$1@797d5a43]) and a value of type [com.microsoft.sqlserver.jdbc.ActivityId] (value [deb29118-6701-469d-952f-a1452ac6453d-1]) but failed to remove it when the web application was stopped. Threads are going to be renewed over time to try and avoid a probable memory leak.
13-Mar-2025 13:10:02.886 SEVERE [http-nio-8080-exec-8] org.apache.catalina.loader.WebappClassLoaderBase.checkThreadLocalMapForLeaks The web application [WebApplication_15] created a ThreadLocal with key of type [com.microsoft.sqlserver.jdbc.ActivityCorrelator$1] (value [com.microsoft.sqlserver.jdbc.ActivityCorrelator$1@797d5a43]) and a value of type [com.microsoft.sqlserver.jdbc.ActivityId] (value [51c36e33-3a01-4e11-9d8d-3dd124af68fe-5]) but failed to remove it when the web application was stopped. Threads are going to be renewed over time to try and avoid a probable memory leak.
13-Mar-2025 13:10:03.181 SEVERE [http-nio-8080-exec-8] org.apache.catalina.loader.WebappClassLoaderBase.checkThreadLocalMapForLeaks The web application [WebApplication_15] created a ThreadLocal with key of type [com.microsoft.sqlserver.jdbc.ActivityCorrelator$1] (value [com.microsoft.sqlserver.jdbc.ActivityCorrelator$1@797d5a43]) and a value of type [com.microsoft.sqlserver.jdbc.ActivityId] (value [0d357cac-03ba-42b6-945a-d26813829f2d-2]) but failed to remove it when the web application was stopped. Threads are going to be renewed over time to try and avoid a probable memory leak.
13-Mar-2025 13:10:03.181 SEVERE [http-nio-8080-exec-8] org.apache.catalina.loader.WebappClassLoaderBase.checkThreadLocalMapForLeaks The web application [WebApplication_15] created a ThreadLocal with key of type [com.microsoft.sqlserver.jdbc.ActivityCorrelator$1] (value [com.microsoft.sqlserver.jdbc.ActivityCorrelator$1@797d5a43]) and a value of type [com.microsoft.sqlserver.jdbc.ActivityId] (value [51050b9e-9306-48d4-9597-1d9df116c0c5-3]) but failed to remove it when the web application was stopped. Threads are going to be renewed over time to try and avoid a probable memory leak.
13-Mar-2025 13:10:03.310 INFO [http-nio-8080-exec-8] org.apache.jasper.servlet.TldScanner.scanJars At least one JAR was scanned for TLDs yet contained no TLDs. Enable debug logging for this logger for a complete list of JARs that were scanned but no TLDs were found in them. Skipping unneeded JARs during scanning can improve startup time and JSP compilation time.
13-Mar-2025 13:10:03.319 INFO [http-nio-8080-exec-8] org.apache.catalina.core.StandardContext.reload Reloading Context with name [/WebApplication_15] is completed
13-Mar-2025 13:10:51.803 INFO [http-nio-8080-exec-11] org.apache.catalina.core.StandardContext.reload Reloading Context with name [/WebApplication_15] has started
13-Mar-2025 13:10:51.930 INFO [http-nio-8080-exec-11] org.apache.jasper.servlet.TldScanner.scanJars At least one JAR was scanned for TLDs yet contained no TLDs. Enable debug logging for this logger for a complete list of JARs that were scanned but no TLDs were found in them. Skipping unneeded JARs during scanning can improve startup time and JSP compilation time.
13-Mar-2025 13:10:51.935 INFO [http-nio-8080-exec-11] org.apache.catalina.core.StandardContext.reload Reloading Context with name [/WebApplication_15] is completed
13-Mar-2025 13:12:11.725 INFO [http-nio-8080-exec-12] org.apache.catalina.startup.HostConfig.deployDescriptor Deploying deployment descriptor [C:\Users\ducmi\OneDrive\Documents\GitHub\PRJ301\IDE\apache-tomcat-8.5.99\conf\Catalina\localhost\WebApplication_16.xml]
13-Mar-2025 13:12:11.727 WARNING [http-nio-8080-exec-12] org.apache.catalina.startup.HostConfig.deployDescriptor The path attribute with value [/WebApplication_16] in deployment descriptor [C:\Users\ducmi\OneDrive\Documents\GitHub\PRJ301\IDE\apache-tomcat-8.5.99\conf\Catalina\localhost\WebApplication_16.xml] has been ignored
13-Mar-2025 13:12:11.850 INFO [http-nio-8080-exec-12] org.apache.jasper.servlet.TldScanner.scanJars At least one JAR was scanned for TLDs yet contained no TLDs. Enable debug logging for this logger for a complete list of JARs that were scanned but no TLDs were found in them. Skipping unneeded JARs during scanning can improve startup time and JSP compilation time.
13-Mar-2025 13:12:11.857 INFO [http-nio-8080-exec-12] org.apache.catalina.startup.HostConfig.deployDescriptor Deployment of deployment descriptor [C:\Users\ducmi\OneDrive\Documents\GitHub\PRJ301\IDE\apache-tomcat-8.5.99\conf\Catalina\localhost\WebApplication_16.xml] has finished in [132] ms
13-Mar-2025 13:12:11.860 INFO [http-nio-8080-exec-6] org.apache.catalina.util.LifecycleBase.start The start() method was called on component [StandardEngine[Catalina].StandardHost[localhost].StandardContext[/WebApplication_16]] after start() had already been called. The second call will be ignored.
13-Mar-2025 13:12:30.902 INFO [http-nio-8080-exec-16] org.apache.catalina.core.StandardContext.reload Reloading Context with name [/WebApplication_15] has started
13-Mar-2025 13:12:31.025 INFO [http-nio-8080-exec-16] org.apache.jasper.servlet.TldScanner.scanJars At least one JAR was scanned for TLDs yet contained no TLDs. Enable debug logging for this logger for a complete list of JARs that were scanned but no TLDs were found in them. Skipping unneeded JARs during scanning can improve startup time and JSP compilation time.
13-Mar-2025 13:12:31.029 INFO [http-nio-8080-exec-16] org.apache.catalina.core.StandardContext.reload Reloading Context with name [/WebApplication_15] is completed
13-Mar-2025 13:37:03.724 INFO [http-nio-8080-exec-29] org.apache.catalina.startup.HostConfig.deployDescriptor Deploying deployment descriptor [C:\Users\ducmi\OneDrive\Documents\GitHub\PRJ301\IDE\apache-tomcat-8.5.99\conf\Catalina\localhost\WebApplication_16_b.xml]
13-Mar-2025 13:37:03.725 WARNING [http-nio-8080-exec-29] org.apache.catalina.startup.HostConfig.deployDescriptor The path attribute with value [/WebApplication_16_b] in deployment descriptor [C:\Users\ducmi\OneDrive\Documents\GitHub\PRJ301\IDE\apache-tomcat-8.5.99\conf\Catalina\localhost\WebApplication_16_b.xml] has been ignored
13-Mar-2025 13:37:03.854 INFO [http-nio-8080-exec-29] org.apache.jasper.servlet.TldScanner.scanJars At least one JAR was scanned for TLDs yet contained no TLDs. Enable debug logging for this logger for a complete list of JARs that were scanned but no TLDs were found in them. Skipping unneeded JARs during scanning can improve startup time and JSP compilation time.
13-Mar-2025 13:37:03.860 INFO [http-nio-8080-exec-29] org.apache.catalina.startup.HostConfig.deployDescriptor Deployment of deployment descriptor [C:\Users\ducmi\OneDrive\Documents\GitHub\PRJ301\IDE\apache-tomcat-8.5.99\conf\Catalina\localhost\WebApplication_16_b.xml] has finished in [136] ms
13-Mar-2025 13:37:03.863 INFO [http-nio-8080-exec-24] org.apache.catalina.util.LifecycleBase.start The start() method was called on component [StandardEngine[Catalina].StandardHost[localhost].StandardContext[/WebApplication_16_b]] after start() had already been called. The second call will be ignored.
13-Mar-2025 14:32:58.656 INFO [main] org.apache.catalina.core.StandardServer.await A valid shutdown command was received via the shutdown port. Stopping the Server instance.
13-Mar-2025 14:32:58.658 INFO [main] org.apache.coyote.AbstractProtocol.pause Pausing ProtocolHandler ["http-nio-8080"]
13-Mar-2025 14:32:59.284 INFO [main] org.apache.catalina.core.StandardService.stopInternal Stopping service [Catalina]
13-Mar-2025 14:32:59.316 WARNING [localhost-startStop-2] org.apache.catalina.loader.WebappClassLoaderBase.clearReferencesJdbc The web application [WebApplication_15] registered the JDBC driver [com.microsoft.sqlserver.jdbc.SQLServerDriver] but failed to unregister it when the web application was stopped. To prevent a memory leak, the JDBC Driver has been forcibly unregistered.
13-Mar-2025 14:32:59.317 SEVERE [localhost-startStop-2] org.apache.catalina.loader.WebappClassLoaderBase.checkThreadLocalMapForLeaks The web application [WebApplication_15] created a ThreadLocal with key of type [com.microsoft.sqlserver.jdbc.ActivityCorrelator$1] (value [com.microsoft.sqlserver.jdbc.ActivityCorrelator$1@62705c58]) and a value of type [com.microsoft.sqlserver.jdbc.ActivityId] (value [6a4fa2b5-a897-4891-8b2f-e50d9db356ff-1]) but failed to remove it when the web application was stopped. Threads are going to be renewed over time to try and avoid a probable memory leak.
13-Mar-2025 14:32:59.318 SEVERE [localhost-startStop-2] org.apache.catalina.loader.WebappClassLoaderBase.checkThreadLocalMapForLeaks The web application [WebApplication_15] created a ThreadLocal with key of type [com.microsoft.sqlserver.jdbc.ActivityCorrelator$1] (value [com.microsoft.sqlserver.jdbc.ActivityCorrelator$1@62705c58]) and a value of type [com.microsoft.sqlserver.jdbc.ActivityId] (value [c9b8d158-a0c4-4d79-ac26-0ba6d13e5d95-1]) but failed to remove it when the web application was stopped. Threads are going to be renewed over time to try and avoid a probable memory leak.
13-Mar-2025 14:32:59.318 SEVERE [localhost-startStop-2] org.apache.catalina.loader.WebappClassLoaderBase.checkThreadLocalMapForLeaks The web application [WebApplication_15] created a ThreadLocal with key of type [com.microsoft.sqlserver.jdbc.ActivityCorrelator$1] (value [com.microsoft.sqlserver.jdbc.ActivityCorrelator$1@62705c58]) and a value of type [com.microsoft.sqlserver.jdbc.ActivityId] (value [4a2d8caa-b91e-47d2-a5b0-37a6ab44a796-1]) but failed to remove it when the web application was stopped. Threads are going to be renewed over time to try and avoid a probable memory leak.
13-Mar-2025 14:32:59.346 WARNING [localhost-startStop-2] org.apache.catalina.loader.WebappClassLoaderBase.clearReferencesJdbc The web application [WebApplication_16] registered the JDBC driver [com.microsoft.sqlserver.jdbc.SQLServerDriver] but failed to unregister it when the web application was stopped. To prevent a memory leak, the JDBC Driver has been forcibly unregistered.
13-Mar-2025 14:32:59.346 SEVERE [localhost-startStop-2] org.apache.catalina.loader.WebappClassLoaderBase.checkThreadLocalMapForLeaks The web application [WebApplication_16] created a ThreadLocal with key of type [com.microsoft.sqlserver.jdbc.ActivityCorrelator$1] (value [com.microsoft.sqlserver.jdbc.ActivityCorrelator$1@268b2a31]) and a value of type [com.microsoft.sqlserver.jdbc.ActivityId] (value [711b563b-9bb8-4851-b3b1-256d216751a2-2]) but failed to remove it when the web application was stopped. Threads are going to be renewed over time to try and avoid a probable memory leak.
13-Mar-2025 14:32:59.347 SEVERE [localhost-startStop-2] org.apache.catalina.loader.WebappClassLoaderBase.checkThreadLocalMapForLeaks The web application [WebApplication_16] created a ThreadLocal with key of type [com.microsoft.sqlserver.jdbc.ActivityCorrelator$1] (value [com.microsoft.sqlserver.jdbc.ActivityCorrelator$1@268b2a31]) and a value of type [com.microsoft.sqlserver.jdbc.ActivityId] (value [2cd0f871-4796-4cc5-90a6-2de66cb2565d-4]) but failed to remove it when the web application was stopped. Threads are going to be renewed over time to try and avoid a probable memory leak.
13-Mar-2025 14:32:59.348 SEVERE [localhost-startStop-2] org.apache.catalina.loader.WebappClassLoaderBase.checkThreadLocalMapForLeaks The web application [WebApplication_16] created a ThreadLocal with key of type [com.microsoft.sqlserver.jdbc.ActivityCorrelator$1] (value [com.microsoft.sqlserver.jdbc.ActivityCorrelator$1@268b2a31]) and a value of type [com.microsoft.sqlserver.jdbc.ActivityId] (value [08cc2291-2f96-439a-99fc-fbe02b01320d-10]) but failed to remove it when the web application was stopped. Threads are going to be renewed over time to try and avoid a probable memory leak.
13-Mar-2025 14:32:59.380 SEVERE [localhost-startStop-2] org.apache.catalina.loader.WebappClassLoaderBase.checkThreadLocalMapForLeaks The web application [WebApplication_16] created a ThreadLocal with key of type [com.microsoft.sqlserver.jdbc.ActivityCorrelator$1] (value [com.microsoft.sqlserver.jdbc.ActivityCorrelator$1@268b2a31]) and a value of type [com.microsoft.sqlserver.jdbc.ActivityId] (value [667f4125-41d5-443f-9076-8c499b1cbe1f-5]) but failed to remove it when the web application was stopped. Threads are going to be renewed over time to try and avoid a probable memory leak.
13-Mar-2025 14:32:59.381 SEVERE [localhost-startStop-2] org.apache.catalina.loader.WebappClassLoaderBase.checkThreadLocalMapForLeaks The web application [WebApplication_16] created a ThreadLocal with key of type [com.microsoft.sqlserver.jdbc.ActivityCorrelator$1] (value [com.microsoft.sqlserver.jdbc.ActivityCorrelator$1@268b2a31]) and a value of type [com.microsoft.sqlserver.jdbc.ActivityId] (value [b2924e52-870a-434e-b2a8-643480c0ed00-4]) but failed to remove it when the web application was stopped. Threads are going to be renewed over time to try and avoid a probable memory leak.
13-Mar-2025 14:32:59.381 SEVERE [localhost-startStop-2] org.apache.catalina.loader.WebappClassLoaderBase.checkThreadLocalMapForLeaks The web application [WebApplication_16] created a ThreadLocal with key of type [com.microsoft.sqlserver.jdbc.ActivityCorrelator$1] (value [com.microsoft.sqlserver.jdbc.ActivityCorrelator$1@268b2a31]) and a value of type [com.microsoft.sqlserver.jdbc.ActivityId] (value [920b5d42-761b-4a86-b616-e70ab9a0efac-3]) but failed to remove it when the web application was stopped. Threads are going to be renewed over time to try and avoid a probable memory leak.
13-Mar-2025 14:32:59.381 SEVERE [localhost-startStop-2] org.apache.catalina.loader.WebappClassLoaderBase.checkThreadLocalMapForLeaks The web application [WebApplication_16] created a ThreadLocal with key of type [com.microsoft.sqlserver.jdbc.ActivityCorrelator$1] (value [com.microsoft.sqlserver.jdbc.ActivityCorrelator$1@268b2a31]) and a value of type [com.microsoft.sqlserver.jdbc.ActivityId] (value [5b67f492-8f18-4dc4-823b-f9308ca8ee47-8]) but failed to remove it when the web application was stopped. Threads are going to be renewed over time to try and avoid a probable memory leak.
13-Mar-2025 14:32:59.381 SEVERE [localhost-startStop-2] org.apache.catalina.loader.WebappClassLoaderBase.checkThreadLocalMapForLeaks The web application [WebApplication_16] created a ThreadLocal with key of type [com.microsoft.sqlserver.jdbc.ActivityCorrelator$1] (value [com.microsoft.sqlserver.jdbc.ActivityCorrelator$1@268b2a31]) and a value of type [com.microsoft.sqlserver.jdbc.ActivityId] (value [e89feea0-d5db-4b7c-8583-0049b3e1e30a-1]) but failed to remove it when the web application was stopped. Threads are going to be renewed over time to try and avoid a probable memory leak.
13-Mar-2025 14:32:59.381 SEVERE [localhost-startStop-2] org.apache.catalina.loader.WebappClassLoaderBase.checkThreadLocalMapForLeaks The web application [WebApplication_16] created a ThreadLocal with key of type [com.microsoft.sqlserver.jdbc.ActivityCorrelator$1] (value [com.microsoft.sqlserver.jdbc.ActivityCorrelator$1@268b2a31]) and a value of type [com.microsoft.sqlserver.jdbc.ActivityId] (value [3f2ca1fe-5d28-4428-899f-987873abadca-9]) but failed to remove it when the web application was stopped. Threads are going to be renewed over time to try and avoid a probable memory leak.
13-Mar-2025 14:32:59.381 SEVERE [localhost-startStop-2] org.apache.catalina.loader.WebappClassLoaderBase.checkThreadLocalMapForLeaks The web application [WebApplication_16] created a ThreadLocal with key of type [com.microsoft.sqlserver.jdbc.ActivityCorrelator$1] (value [com.microsoft.sqlserver.jdbc.ActivityCorrelator$1@268b2a31]) and a value of type [com.microsoft.sqlserver.jdbc.ActivityId] (value [80081395-43c2-4497-96a0-f78c52fca4ea-6]) but failed to remove it when the web application was stopped. Threads are going to be renewed over time to try and avoid a probable memory leak.
13-Mar-2025 14:32:59.635 WARNING [localhost-startStop-2] org.apache.catalina.loader.WebappClassLoaderBase.clearReferencesJdbc The web application [WebApplication_16_b] registered the JDBC driver [com.microsoft.sqlserver.jdbc.SQLServerDriver] but failed to unregister it when the web application was stopped. To prevent a memory leak, the JDBC Driver has been forcibly unregistered.
13-Mar-2025 14:32:59.636 SEVERE [localhost-startStop-2] org.apache.catalina.loader.WebappClassLoaderBase.checkThreadLocalMapForLeaks The web application [WebApplication_16_b] created a ThreadLocal with key of type [com.microsoft.sqlserver.jdbc.ActivityCorrelator$1] (value [com.microsoft.sqlserver.jdbc.ActivityCorrelator$1@68af4ac2]) and a value of type [com.microsoft.sqlserver.jdbc.ActivityId] (value [8a3c1ff9-2c9f-4cf9-be9d-9897cbdc0361-5]) but failed to remove it when the web application was stopped. Threads are going to be renewed over time to try and avoid a probable memory leak.
13-Mar-2025 14:32:59.636 SEVERE [localhost-startStop-2] org.apache.catalina.loader.WebappClassLoaderBase.checkThreadLocalMapForLeaks The web application [WebApplication_16_b] created a ThreadLocal with key of type [com.microsoft.sqlserver.jdbc.ActivityCorrelator$1] (value [com.microsoft.sqlserver.jdbc.ActivityCorrelator$1@68af4ac2]) and a value of type [com.microsoft.sqlserver.jdbc.ActivityId] (value [91e2ea57-bfb3-49a3-acb7-50aa912683fa-3]) but failed to remove it when the web application was stopped. Threads are going to be renewed over time to try and avoid a probable memory leak.
13-Mar-2025 14:32:59.636 SEVERE [localhost-startStop-2] org.apache.catalina.loader.WebappClassLoaderBase.checkThreadLocalMapForLeaks The web application [WebApplication_16_b] created a ThreadLocal with key of type [com.microsoft.sqlserver.jdbc.ActivityCorrelator$1] (value [com.microsoft.sqlserver.jdbc.ActivityCorrelator$1@68af4ac2]) and a value of type [com.microsoft.sqlserver.jdbc.ActivityId] (value [e41eccac-b2c8-4f98-a5bf-174c90f7abe8-6]) but failed to remove it when the web application was stopped. Threads are going to be renewed over time to try and avoid a probable memory leak.
13-Mar-2025 14:32:59.636 SEVERE [localhost-startStop-2] org.apache.catalina.loader.WebappClassLoaderBase.checkThreadLocalMapForLeaks The web application [WebApplication_16_b] created a ThreadLocal with key of type [com.microsoft.sqlserver.jdbc.ActivityCorrelator$1] (value [com.microsoft.sqlserver.jdbc.ActivityCorrelator$1@68af4ac2]) and a value of type [com.microsoft.sqlserver.jdbc.ActivityId] (value [8cb4c43b-94cb-4b6d-b691-22102b8f924d-4]) but failed to remove it when the web application was stopped. Threads are going to be renewed over time to try and avoid a probable memory leak.
13-Mar-2025 14:32:59.637 SEVERE [localhost-startStop-2] org.apache.catalina.loader.WebappClassLoaderBase.checkThreadLocalMapForLeaks The web application [WebApplication_16_b] created a ThreadLocal with key of type [com.microsoft.sqlserver.jdbc.ActivityCorrelator$1] (value [com.microsoft.sqlserver.jdbc.ActivityCorrelator$1@68af4ac2]) and a value of type [com.microsoft.sqlserver.jdbc.ActivityId] (value [f6b634d9-f73d-4e2f-aacf-bacc90466f8a-6]) but failed to remove it when the web application was stopped. Threads are going to be renewed over time to try and avoid a probable memory leak.
13-Mar-2025 14:32:59.637 SEVERE [localhost-startStop-2] org.apache.catalina.loader.WebappClassLoaderBase.checkThreadLocalMapForLeaks The web application [WebApplication_16_b] created a ThreadLocal with key of type [com.microsoft.sqlserver.jdbc.ActivityCorrelator$1] (value [com.microsoft.sqlserver.jdbc.ActivityCorrelator$1@68af4ac2]) and a value of type [com.microsoft.sqlserver.jdbc.ActivityId] (value [7adaebbf-c339-4f64-a047-291b0730e845-3]) but failed to remove it when the web application was stopped. Threads are going to be renewed over time to try and avoid a probable memory leak.
13-Mar-2025 14:32:59.637 SEVERE [localhost-startStop-2] org.apache.catalina.loader.WebappClassLoaderBase.checkThreadLocalMapForLeaks The web application [WebApplication_16_b] created a ThreadLocal with key of type [com.microsoft.sqlserver.jdbc.ActivityCorrelator$1] (value [com.microsoft.sqlserver.jdbc.ActivityCorrelator$1@68af4ac2]) and a value of type [com.microsoft.sqlserver.jdbc.ActivityId] (value [ec0ae69a-6fcc-4694-913a-59046a20b389-6]) but failed to remove it when the web application was stopped. Threads are going to be renewed over time to try and avoid a probable memory leak.
13-Mar-2025 14:32:59.691 INFO [main] org.apache.coyote.AbstractProtocol.stop Stopping ProtocolHandler ["http-nio-8080"]
13-Mar-2025 14:32:59.720 INFO [main] org.apache.coyote.AbstractProtocol.destroy Destroying ProtocolHandler ["http-nio-8080"]
