12-Mar-2025 12:45:23.783 INFO [main] org.apache.catalina.startup.VersionLoggerListener.log Server version name:   Apache Tomcat/8.5.99
12-Mar-2025 12:45:23.785 INFO [main] org.apache.catalina.startup.VersionLoggerListener.log Server built:          Feb 14 2024 22:52:13 UTC
12-Mar-2025 12:45:23.785 INFO [main] org.apache.catalina.startup.VersionLoggerListener.log Server version number: 8.5.99.0
12-Mar-2025 12:45:23.785 INFO [main] org.apache.catalina.startup.VersionLoggerListener.log OS Name:               Windows 10
12-Mar-2025 12:45:23.787 INFO [main] org.apache.catalina.startup.VersionLoggerListener.log OS Version:            10.0
12-Mar-2025 12:45:23.787 INFO [main] org.apache.catalina.startup.VersionLoggerListener.log Architecture:          amd64
12-Mar-2025 12:45:23.787 INFO [main] org.apache.catalina.startup.VersionLoggerListener.log Java Home:             C:\Program Files\Java\jdk1.8.0_202\jre
12-Mar-2025 12:45:23.787 INFO [main] org.apache.catalina.startup.VersionLoggerListener.log JVM Version:           1.8.0_202-b08
12-Mar-2025 12:45:23.787 INFO [main] org.apache.catalina.startup.VersionLoggerListener.log JVM Vendor:            Oracle Corporation
12-Mar-2025 12:45:23.787 INFO [main] org.apache.catalina.startup.VersionLoggerListener.log CATALINA_BASE:         C:\Users\ducmi\OneDrive\Documents\GitHub\PRJ301\IDE\apache-tomcat-8.5.99
12-Mar-2025 12:45:23.787 INFO [main] org.apache.catalina.startup.VersionLoggerListener.log CATALINA_HOME:         C:\Users\ducmi\OneDrive\Documents\GitHub\PRJ301\IDE\apache-tomcat-8.5.99
12-Mar-2025 12:45:23.788 INFO [main] org.apache.catalina.startup.VersionLoggerListener.log Command line argument: -Djava.util.logging.config.file=C:\Users\ducmi\OneDrive\Documents\GitHub\PRJ301\IDE\apache-tomcat-8.5.99\conf\logging.properties
12-Mar-2025 12:45:23.788 INFO [main] org.apache.catalina.startup.VersionLoggerListener.log Command line argument: -Djava.util.logging.manager=org.apache.juli.ClassLoaderLogManager
12-Mar-2025 12:45:23.788 INFO [main] org.apache.catalina.startup.VersionLoggerListener.log Command line argument: -Dhttp.nonProxyHosts=localhost|127.0.0.1|DucMinh
12-Mar-2025 12:45:23.788 INFO [main] org.apache.catalina.startup.VersionLoggerListener.log Command line argument: -Djdk.tls.ephemeralDHKeySize=2048
12-Mar-2025 12:45:23.789 INFO [main] org.apache.catalina.startup.VersionLoggerListener.log Command line argument: -Djava.protocol.handler.pkgs=org.apache.catalina.webresources
12-Mar-2025 12:45:23.789 INFO [main] org.apache.catalina.startup.VersionLoggerListener.log Command line argument: -Dignore.endorsed.dirs=
12-Mar-2025 12:45:23.789 INFO [main] org.apache.catalina.startup.VersionLoggerListener.log Command line argument: -Dcatalina.base=C:\Users\ducmi\OneDrive\Documents\GitHub\PRJ301\IDE\apache-tomcat-8.5.99
12-Mar-2025 12:45:23.789 INFO [main] org.apache.catalina.startup.VersionLoggerListener.log Command line argument: -Dcatalina.home=C:\Users\ducmi\OneDrive\Documents\GitHub\PRJ301\IDE\apache-tomcat-8.5.99
12-Mar-2025 12:45:23.789 INFO [main] org.apache.catalina.startup.VersionLoggerListener.log Command line argument: -Djava.io.tmpdir=C:\Users\ducmi\OneDrive\Documents\GitHub\PRJ301\IDE\apache-tomcat-8.5.99\temp
12-Mar-2025 12:45:23.789 INFO [main] org.apache.catalina.core.AprLifecycleListener.lifecycleEvent The Apache Tomcat Native library which allows using OpenSSL was not found on the java.library.path: [C:\Program Files\Java\jdk1.8.0_202\bin;C:\WINDOWS\Sun\Java\bin;C:\WINDOWS\system32;C:\WINDOWS;C:\Program Files (x86)\Common Files\Oracle\Java\java8path;C:\Program Files (x86)\Common Files\Oracle\Java\javapath;C:\WINDOWS\system32;C:\WINDOWS;C:\WINDOWS\System32\Wbem;C:\WINDOWS\System32\WindowsPowerShell\v1.0\;C:\WINDOWS\System32\OpenSSH\;C:\Program Files (x86)\NVIDIA Corporation\PhysX\Common;C:\Program Files\Cloudflare\Cloudflare WARP\;C:\Program Files (x86)\Microsoft SQL Server\160\Tools\Binn\;C:\Program Files\Microsoft SQL Server\160\Tools\Binn\;C:\Program Files\Microsoft SQL Server\Client SDK\ODBC\170\Tools\Binn\;C:\Program Files\Microsoft SQL Server\160\DTS\Binn\;C:\Program Files\NVIDIA Corporation\NVIDIA app\NvDLISR;C:\Program Files (x86)\Microsoft SQL Server\160\DTS\Binn\;C:\Users\ducmi\AppData\Local\Microsoft\WindowsApps;C:\Users\ducmi\AppData\Local\GitHubDesktop\bin;C:\Users\ducmi\AppData\Local\Programs\Microsoft VS Code\bin;.]
12-Mar-2025 12:45:23.896 INFO [main] org.apache.coyote.AbstractProtocol.init Initializing ProtocolHandler ["http-nio-8080"]
12-Mar-2025 12:45:23.916 INFO [main] org.apache.catalina.startup.Catalina.load Initialization processed in 427 ms
12-Mar-2025 12:45:23.942 INFO [main] org.apache.catalina.core.StandardService.startInternal Starting service [Catalina]
12-Mar-2025 12:45:23.942 INFO [main] org.apache.catalina.core.StandardEngine.startInternal Starting Servlet engine: [Apache Tomcat/8.5.99]
12-Mar-2025 12:45:23.950 INFO [localhost-startStop-1] org.apache.catalina.startup.HostConfig.deployDescriptor Deploying deployment descriptor [C:\Users\ducmi\OneDrive\Documents\GitHub\PRJ301\IDE\apache-tomcat-8.5.99\conf\Catalina\localhost\Final_Project.xml]
12-Mar-2025 12:45:23.963 WARNING [localhost-startStop-1] org.apache.catalina.startup.HostConfig.deployDescriptor The path attribute with value [/Final_Project] in deployment descriptor [C:\Users\ducmi\OneDrive\Documents\GitHub\PRJ301\IDE\apache-tomcat-8.5.99\conf\Catalina\localhost\Final_Project.xml] has been ignored
12-Mar-2025 12:45:24.349 INFO [localhost-startStop-1] org.apache.jasper.servlet.TldScanner.scanJars At least one JAR was scanned for TLDs yet contained no TLDs. Enable debug logging for this logger for a complete list of JARs that were scanned but no TLDs were found in them. Skipping unneeded JARs during scanning can improve startup time and JSP compilation time.
12-Mar-2025 12:45:24.536 WARNING [localhost-startStop-1] org.apache.catalina.util.SessionIdGeneratorBase.createSecureRandom Creation of SecureRandom instance for session ID generation using [SHA1PRNG] took [151] milliseconds.
12-Mar-2025 12:45:24.549 INFO [localhost-startStop-1] org.apache.catalina.startup.HostConfig.deployDescriptor Deployment of deployment descriptor [C:\Users\ducmi\OneDrive\Documents\GitHub\PRJ301\IDE\apache-tomcat-8.5.99\conf\Catalina\localhost\Final_Project.xml] has finished in [599] ms
12-Mar-2025 12:45:24.549 INFO [localhost-startStop-1] org.apache.catalina.startup.HostConfig.deployDescriptor Deploying deployment descriptor [C:\Users\ducmi\OneDrive\Documents\GitHub\PRJ301\IDE\apache-tomcat-8.5.99\conf\Catalina\localhost\WebApplication_14.xml]
12-Mar-2025 12:45:24.550 WARNING [localhost-startStop-1] org.apache.catalina.startup.HostConfig.deployDescriptor The path attribute with value [/WebApplication_14] in deployment descriptor [C:\Users\ducmi\OneDrive\Documents\GitHub\PRJ301\IDE\apache-tomcat-8.5.99\conf\Catalina\localhost\WebApplication_14.xml] has been ignored
12-Mar-2025 12:45:24.712 INFO [localhost-startStop-1] org.apache.jasper.servlet.TldScanner.scanJars At least one JAR was scanned for TLDs yet contained no TLDs. Enable debug logging for this logger for a complete list of JARs that were scanned but no TLDs were found in them. Skipping unneeded JARs during scanning can improve startup time and JSP compilation time.
12-Mar-2025 12:45:24.771 INFO [localhost-startStop-1] org.apache.catalina.startup.HostConfig.deployDescriptor Deployment of deployment descriptor [C:\Users\ducmi\OneDrive\Documents\GitHub\PRJ301\IDE\apache-tomcat-8.5.99\conf\Catalina\localhost\WebApplication_14.xml] has finished in [222] ms
12-Mar-2025 12:45:24.772 INFO [localhost-startStop-1] org.apache.catalina.startup.HostConfig.deployDirectory Deploying web application directory [C:\Users\ducmi\OneDrive\Documents\GitHub\PRJ301\IDE\apache-tomcat-8.5.99\webapps\docs]
12-Mar-2025 12:45:24.794 INFO [localhost-startStop-1] org.apache.catalina.startup.HostConfig.deployDirectory Deployment of web application directory [C:\Users\ducmi\OneDrive\Documents\GitHub\PRJ301\IDE\apache-tomcat-8.5.99\webapps\docs] has finished in [22] ms
12-Mar-2025 12:45:24.794 INFO [localhost-startStop-1] org.apache.catalina.startup.HostConfig.deployDirectory Deploying web application directory [C:\Users\ducmi\OneDrive\Documents\GitHub\PRJ301\IDE\apache-tomcat-8.5.99\webapps\examples]
12-Mar-2025 12:45:25.016 INFO [localhost-startStop-1] org.apache.catalina.startup.HostConfig.deployDirectory Deployment of web application directory [C:\Users\ducmi\OneDrive\Documents\GitHub\PRJ301\IDE\apache-tomcat-8.5.99\webapps\examples] has finished in [222] ms
12-Mar-2025 12:45:25.016 INFO [localhost-startStop-1] org.apache.catalina.startup.HostConfig.deployDirectory Deploying web application directory [C:\Users\ducmi\OneDrive\Documents\GitHub\PRJ301\IDE\apache-tomcat-8.5.99\webapps\host-manager]
12-Mar-2025 12:45:25.037 INFO [localhost-startStop-1] org.apache.catalina.startup.HostConfig.deployDirectory Deployment of web application directory [C:\Users\ducmi\OneDrive\Documents\GitHub\PRJ301\IDE\apache-tomcat-8.5.99\webapps\host-manager] has finished in [21] ms
12-Mar-2025 12:45:25.037 INFO [localhost-startStop-1] org.apache.catalina.startup.HostConfig.deployDirectory Deploying web application directory [C:\Users\ducmi\OneDrive\Documents\GitHub\PRJ301\IDE\apache-tomcat-8.5.99\webapps\manager]
12-Mar-2025 12:45:25.053 INFO [localhost-startStop-1] org.apache.catalina.startup.HostConfig.deployDirectory Deployment of web application directory [C:\Users\ducmi\OneDrive\Documents\GitHub\PRJ301\IDE\apache-tomcat-8.5.99\webapps\manager] has finished in [16] ms
12-Mar-2025 12:45:25.053 INFO [localhost-startStop-1] org.apache.catalina.startup.HostConfig.deployDirectory Deploying web application directory [C:\Users\ducmi\OneDrive\Documents\GitHub\PRJ301\IDE\apache-tomcat-8.5.99\webapps\ROOT]
12-Mar-2025 12:45:25.066 INFO [localhost-startStop-1] org.apache.catalina.startup.HostConfig.deployDirectory Deployment of web application directory [C:\Users\ducmi\OneDrive\Documents\GitHub\PRJ301\IDE\apache-tomcat-8.5.99\webapps\ROOT] has finished in [13] ms
12-Mar-2025 12:45:25.069 INFO [main] org.apache.coyote.AbstractProtocol.start Starting ProtocolHandler ["http-nio-8080"]
12-Mar-2025 12:45:25.086 INFO [main] org.apache.catalina.startup.Catalina.start Server startup in 1168 ms
12-Mar-2025 12:45:26.555 INFO [http-nio-8080-exec-9] org.apache.catalina.startup.HostConfig.deployDescriptor Deploying deployment descriptor [C:\Users\ducmi\OneDrive\Documents\GitHub\PRJ301\IDE\apache-tomcat-8.5.99\conf\Catalina\localhost\Online_Examination.xml]
12-Mar-2025 12:45:26.556 WARNING [http-nio-8080-exec-9] org.apache.catalina.startup.HostConfig.deployDescriptor The path attribute with value [/Online_Examination] in deployment descriptor [C:\Users\ducmi\OneDrive\Documents\GitHub\PRJ301\IDE\apache-tomcat-8.5.99\conf\Catalina\localhost\Online_Examination.xml] has been ignored
12-Mar-2025 12:45:26.697 INFO [http-nio-8080-exec-9] org.apache.jasper.servlet.TldScanner.scanJars At least one JAR was scanned for TLDs yet contained no TLDs. Enable debug logging for this logger for a complete list of JARs that were scanned but no TLDs were found in them. Skipping unneeded JARs during scanning can improve startup time and JSP compilation time.
12-Mar-2025 12:45:26.703 INFO [http-nio-8080-exec-9] org.apache.catalina.startup.HostConfig.deployDescriptor Deployment of deployment descriptor [C:\Users\ducmi\OneDrive\Documents\GitHub\PRJ301\IDE\apache-tomcat-8.5.99\conf\Catalina\localhost\Online_Examination.xml] has finished in [148] ms
12-Mar-2025 12:45:26.707 INFO [http-nio-8080-exec-10] org.apache.catalina.util.LifecycleBase.start The start() method was called on component [StandardEngine[Catalina].StandardHost[localhost].StandardContext[/Online_Examination]] after start() had already been called. The second call will be ignored.
12-Mar-2025 12:47:33.537 INFO [http-nio-8080-exec-5] org.apache.catalina.startup.HostConfig.undeploy Undeploying context [/Online_Examination]
12-Mar-2025 12:47:41.662 INFO [http-nio-8080-exec-9] org.apache.catalina.startup.HostConfig.deployDescriptor Deploying deployment descriptor [C:\Users\ducmi\OneDrive\Documents\GitHub\PRJ301\IDE\apache-tomcat-8.5.99\conf\Catalina\localhost\Online_Examination.xml]
12-Mar-2025 12:47:41.663 WARNING [http-nio-8080-exec-9] org.apache.catalina.startup.HostConfig.deployDescriptor The path attribute with value [/Online_Examination] in deployment descriptor [C:\Users\ducmi\OneDrive\Documents\GitHub\PRJ301\IDE\apache-tomcat-8.5.99\conf\Catalina\localhost\Online_Examination.xml] has been ignored
12-Mar-2025 12:47:41.778 INFO [http-nio-8080-exec-9] org.apache.jasper.servlet.TldScanner.scanJars At least one JAR was scanned for TLDs yet contained no TLDs. Enable debug logging for this logger for a complete list of JARs that were scanned but no TLDs were found in them. Skipping unneeded JARs during scanning can improve startup time and JSP compilation time.
12-Mar-2025 12:47:41.784 INFO [http-nio-8080-exec-9] org.apache.catalina.startup.HostConfig.deployDescriptor Deployment of deployment descriptor [C:\Users\ducmi\OneDrive\Documents\GitHub\PRJ301\IDE\apache-tomcat-8.5.99\conf\Catalina\localhost\Online_Examination.xml] has finished in [122] ms
12-Mar-2025 12:47:41.790 INFO [http-nio-8080-exec-11] org.apache.catalina.util.LifecycleBase.start The start() method was called on component [StandardEngine[Catalina].StandardHost[localhost].StandardContext[/Online_Examination]] after start() had already been called. The second call will be ignored.
12-Mar-2025 13:33:49.236 INFO [main] org.apache.catalina.core.StandardServer.await A valid shutdown command was received via the shutdown port. Stopping the Server instance.
12-Mar-2025 13:33:49.237 INFO [main] org.apache.coyote.AbstractProtocol.pause Pausing ProtocolHandler ["http-nio-8080"]
12-Mar-2025 13:33:49.376 INFO [main] org.apache.catalina.core.StandardService.stopInternal Stopping service [Catalina]
12-Mar-2025 13:33:49.396 INFO [main] org.apache.coyote.AbstractProtocol.stop Stopping ProtocolHandler ["http-nio-8080"]
12-Mar-2025 13:33:49.409 INFO [main] org.apache.coyote.AbstractProtocol.destroy Destroying ProtocolHandler ["http-nio-8080"]
