17-Mar-2025 07:03:56.145 INFO [main] org.apache.catalina.startup.VersionLoggerListener.log Server version name:   Apache Tomcat/8.5.99
17-Mar-2025 07:03:56.147 INFO [main] org.apache.catalina.startup.VersionLoggerListener.log Server built:          Feb 14 2024 22:52:13 UTC
17-Mar-2025 07:03:56.147 INFO [main] org.apache.catalina.startup.VersionLoggerListener.log Server version number: 8.5.99.0
17-Mar-2025 07:03:56.147 INFO [main] org.apache.catalina.startup.VersionLoggerListener.log OS Name:               Windows 10
17-Mar-2025 07:03:56.148 INFO [main] org.apache.catalina.startup.VersionLoggerListener.log OS Version:            10.0
17-Mar-2025 07:03:56.148 INFO [main] org.apache.catalina.startup.VersionLoggerListener.log Architecture:          amd64
17-Mar-2025 07:03:56.148 INFO [main] org.apache.catalina.startup.VersionLoggerListener.log Java Home:             C:\Program Files\Java\jdk1.8.0_202\jre
17-Mar-2025 07:03:56.148 INFO [main] org.apache.catalina.startup.VersionLoggerListener.log JVM Version:           1.8.0_202-b08
17-Mar-2025 07:03:56.148 INFO [main] org.apache.catalina.startup.VersionLoggerListener.log JVM Vendor:            Oracle Corporation
17-Mar-2025 07:03:56.148 INFO [main] org.apache.catalina.startup.VersionLoggerListener.log CATALINA_BASE:         C:\Users\ducmi\OneDrive\Documents\GitHub\PRJ301\IDE\apache-tomcat-8.5.99
17-Mar-2025 07:03:56.148 INFO [main] org.apache.catalina.startup.VersionLoggerListener.log CATALINA_HOME:         C:\Users\ducmi\OneDrive\Documents\GitHub\PRJ301\IDE\apache-tomcat-8.5.99
17-Mar-2025 07:03:56.148 INFO [main] org.apache.catalina.startup.VersionLoggerListener.log Command line argument: -Djava.util.logging.config.file=C:\Users\ducmi\OneDrive\Documents\GitHub\PRJ301\IDE\apache-tomcat-8.5.99\conf\logging.properties
17-Mar-2025 07:03:56.148 INFO [main] org.apache.catalina.startup.VersionLoggerListener.log Command line argument: -Djava.util.logging.manager=org.apache.juli.ClassLoaderLogManager
17-Mar-2025 07:03:56.148 INFO [main] org.apache.catalina.startup.VersionLoggerListener.log Command line argument: -Dhttp.nonProxyHosts=localhost|127.0.0.1|DucMinh
17-Mar-2025 07:03:56.148 INFO [main] org.apache.catalina.startup.VersionLoggerListener.log Command line argument: -Djdk.tls.ephemeralDHKeySize=2048
17-Mar-2025 07:03:56.148 INFO [main] org.apache.catalina.startup.VersionLoggerListener.log Command line argument: -Djava.protocol.handler.pkgs=org.apache.catalina.webresources
17-Mar-2025 07:03:56.149 INFO [main] org.apache.catalina.startup.VersionLoggerListener.log Command line argument: -Dignore.endorsed.dirs=
17-Mar-2025 07:03:56.149 INFO [main] org.apache.catalina.startup.VersionLoggerListener.log Command line argument: -Dcatalina.base=C:\Users\ducmi\OneDrive\Documents\GitHub\PRJ301\IDE\apache-tomcat-8.5.99
17-Mar-2025 07:03:56.149 INFO [main] org.apache.catalina.startup.VersionLoggerListener.log Command line argument: -Dcatalina.home=C:\Users\ducmi\OneDrive\Documents\GitHub\PRJ301\IDE\apache-tomcat-8.5.99
17-Mar-2025 07:03:56.149 INFO [main] org.apache.catalina.startup.VersionLoggerListener.log Command line argument: -Djava.io.tmpdir=C:\Users\ducmi\OneDrive\Documents\GitHub\PRJ301\IDE\apache-tomcat-8.5.99\temp
17-Mar-2025 07:03:56.149 INFO [main] org.apache.catalina.core.AprLifecycleListener.lifecycleEvent The Apache Tomcat Native library which allows using OpenSSL was not found on the java.library.path: [C:\Program Files\Java\jdk1.8.0_202\bin;C:\WINDOWS\Sun\Java\bin;C:\WINDOWS\system32;C:\WINDOWS;C:\Program Files (x86)\Common Files\Oracle\Java\java8path;C:\Program Files (x86)\Common Files\Oracle\Java\javapath;C:\WINDOWS\system32;C:\WINDOWS;C:\WINDOWS\System32\Wbem;C:\WINDOWS\System32\WindowsPowerShell\v1.0\;C:\WINDOWS\System32\OpenSSH\;C:\Program Files (x86)\NVIDIA Corporation\PhysX\Common;C:\Program Files\Cloudflare\Cloudflare WARP\;C:\Program Files (x86)\Microsoft SQL Server\160\Tools\Binn\;C:\Program Files\Microsoft SQL Server\160\Tools\Binn\;C:\Program Files\Microsoft SQL Server\Client SDK\ODBC\170\Tools\Binn\;C:\Program Files\Microsoft SQL Server\160\DTS\Binn\;C:\Program Files\NVIDIA Corporation\NVIDIA app\NvDLISR;C:\Program Files (x86)\Microsoft SQL Server\160\DTS\Binn\;C:\Users\ducmi\AppData\Local\Microsoft\WindowsApps;C:\Users\ducmi\AppData\Local\GitHubDesktop\bin;C:\Users\ducmi\AppData\Local\Programs\Microsoft VS Code\bin;.]
17-Mar-2025 07:03:56.389 INFO [main] org.apache.coyote.AbstractProtocol.init Initializing ProtocolHandler ["http-nio-8080"]
17-Mar-2025 07:03:56.410 INFO [main] org.apache.catalina.startup.Catalina.load Initialization processed in 554 ms
17-Mar-2025 07:03:56.432 INFO [main] org.apache.catalina.core.StandardService.startInternal Starting service [Catalina]
17-Mar-2025 07:03:56.432 INFO [main] org.apache.catalina.core.StandardEngine.startInternal Starting Servlet engine: [Apache Tomcat/8.5.99]
17-Mar-2025 07:03:56.440 INFO [localhost-startStop-1] org.apache.catalina.startup.HostConfig.deployDescriptor Deploying deployment descriptor [C:\Users\ducmi\OneDrive\Documents\GitHub\PRJ301\IDE\apache-tomcat-8.5.99\conf\Catalina\localhost\Final_Project.xml]
17-Mar-2025 07:03:56.465 WARNING [localhost-startStop-1] org.apache.catalina.startup.HostConfig.deployDescriptor The path attribute with value [/Final_Project] in deployment descriptor [C:\Users\ducmi\OneDrive\Documents\GitHub\PRJ301\IDE\apache-tomcat-8.5.99\conf\Catalina\localhost\Final_Project.xml] has been ignored
17-Mar-2025 07:03:56.870 INFO [localhost-startStop-1] org.apache.jasper.servlet.TldScanner.scanJars At least one JAR was scanned for TLDs yet contained no TLDs. Enable debug logging for this logger for a complete list of JARs that were scanned but no TLDs were found in them. Skipping unneeded JARs during scanning can improve startup time and JSP compilation time.
17-Mar-2025 07:03:57.105 WARNING [localhost-startStop-1] org.apache.catalina.util.SessionIdGeneratorBase.createSecureRandom Creation of SecureRandom instance for session ID generation using [SHA1PRNG] took [199] milliseconds.
17-Mar-2025 07:03:57.119 INFO [localhost-startStop-1] org.apache.catalina.startup.HostConfig.deployDescriptor Deployment of deployment descriptor [C:\Users\ducmi\OneDrive\Documents\GitHub\PRJ301\IDE\apache-tomcat-8.5.99\conf\Catalina\localhost\Final_Project.xml] has finished in [679] ms
17-Mar-2025 07:03:57.119 INFO [localhost-startStop-1] org.apache.catalina.startup.HostConfig.deployDescriptor Deploying deployment descriptor [C:\Users\ducmi\OneDrive\Documents\GitHub\PRJ301\IDE\apache-tomcat-8.5.99\conf\Catalina\localhost\Online_Examination.xml]
17-Mar-2025 07:03:57.120 WARNING [localhost-startStop-1] org.apache.catalina.startup.HostConfig.deployDescriptor The path attribute with value [/Online_Examination] in deployment descriptor [C:\Users\ducmi\OneDrive\Documents\GitHub\PRJ301\IDE\apache-tomcat-8.5.99\conf\Catalina\localhost\Online_Examination.xml] has been ignored
17-Mar-2025 07:03:57.310 INFO [localhost-startStop-1] org.apache.jasper.servlet.TldScanner.scanJars At least one JAR was scanned for TLDs yet contained no TLDs. Enable debug logging for this logger for a complete list of JARs that were scanned but no TLDs were found in them. Skipping unneeded JARs during scanning can improve startup time and JSP compilation time.
17-Mar-2025 07:03:57.325 INFO [localhost-startStop-1] org.apache.catalina.startup.HostConfig.deployDescriptor Deployment of deployment descriptor [C:\Users\ducmi\OneDrive\Documents\GitHub\PRJ301\IDE\apache-tomcat-8.5.99\conf\Catalina\localhost\Online_Examination.xml] has finished in [206] ms
17-Mar-2025 07:03:57.325 INFO [localhost-startStop-1] org.apache.catalina.startup.HostConfig.deployDescriptor Deploying deployment descriptor [C:\Users\ducmi\OneDrive\Documents\GitHub\PRJ301\IDE\apache-tomcat-8.5.99\conf\Catalina\localhost\WebApplication_14.xml]
17-Mar-2025 07:03:57.326 WARNING [localhost-startStop-1] org.apache.catalina.startup.HostConfig.deployDescriptor The path attribute with value [/WebApplication_14] in deployment descriptor [C:\Users\ducmi\OneDrive\Documents\GitHub\PRJ301\IDE\apache-tomcat-8.5.99\conf\Catalina\localhost\WebApplication_14.xml] has been ignored
17-Mar-2025 07:03:57.496 INFO [localhost-startStop-1] org.apache.jasper.servlet.TldScanner.scanJars At least one JAR was scanned for TLDs yet contained no TLDs. Enable debug logging for this logger for a complete list of JARs that were scanned but no TLDs were found in them. Skipping unneeded JARs during scanning can improve startup time and JSP compilation time.
17-Mar-2025 07:03:57.509 INFO [localhost-startStop-1] org.apache.catalina.startup.HostConfig.deployDescriptor Deployment of deployment descriptor [C:\Users\ducmi\OneDrive\Documents\GitHub\PRJ301\IDE\apache-tomcat-8.5.99\conf\Catalina\localhost\WebApplication_14.xml] has finished in [184] ms
17-Mar-2025 07:03:57.509 INFO [localhost-startStop-1] org.apache.catalina.startup.HostConfig.deployDescriptor Deploying deployment descriptor [C:\Users\ducmi\OneDrive\Documents\GitHub\PRJ301\IDE\apache-tomcat-8.5.99\conf\Catalina\localhost\WebApplication_15.xml]
17-Mar-2025 07:03:57.510 WARNING [localhost-startStop-1] org.apache.catalina.startup.HostConfig.deployDescriptor The path attribute with value [/WebApplication_15] in deployment descriptor [C:\Users\ducmi\OneDrive\Documents\GitHub\PRJ301\IDE\apache-tomcat-8.5.99\conf\Catalina\localhost\WebApplication_15.xml] has been ignored
17-Mar-2025 07:03:57.643 INFO [localhost-startStop-1] org.apache.jasper.servlet.TldScanner.scanJars At least one JAR was scanned for TLDs yet contained no TLDs. Enable debug logging for this logger for a complete list of JARs that were scanned but no TLDs were found in them. Skipping unneeded JARs during scanning can improve startup time and JSP compilation time.
17-Mar-2025 07:03:57.661 INFO [localhost-startStop-1] org.apache.catalina.startup.HostConfig.deployDescriptor Deployment of deployment descriptor [C:\Users\ducmi\OneDrive\Documents\GitHub\PRJ301\IDE\apache-tomcat-8.5.99\conf\Catalina\localhost\WebApplication_15.xml] has finished in [152] ms
17-Mar-2025 07:03:57.661 INFO [localhost-startStop-1] org.apache.catalina.startup.HostConfig.deployDescriptor Deploying deployment descriptor [C:\Users\ducmi\OneDrive\Documents\GitHub\PRJ301\IDE\apache-tomcat-8.5.99\conf\Catalina\localhost\WebApplication_16.xml]
17-Mar-2025 07:03:57.662 WARNING [localhost-startStop-1] org.apache.catalina.startup.HostConfig.deployDescriptor The path attribute with value [/WebApplication_16] in deployment descriptor [C:\Users\ducmi\OneDrive\Documents\GitHub\PRJ301\IDE\apache-tomcat-8.5.99\conf\Catalina\localhost\WebApplication_16.xml] has been ignored
17-Mar-2025 07:03:57.800 INFO [localhost-startStop-1] org.apache.jasper.servlet.TldScanner.scanJars At least one JAR was scanned for TLDs yet contained no TLDs. Enable debug logging for this logger for a complete list of JARs that were scanned but no TLDs were found in them. Skipping unneeded JARs during scanning can improve startup time and JSP compilation time.
17-Mar-2025 07:03:57.811 INFO [localhost-startStop-1] org.apache.catalina.startup.HostConfig.deployDescriptor Deployment of deployment descriptor [C:\Users\ducmi\OneDrive\Documents\GitHub\PRJ301\IDE\apache-tomcat-8.5.99\conf\Catalina\localhost\WebApplication_16.xml] has finished in [150] ms
17-Mar-2025 07:03:57.811 INFO [localhost-startStop-1] org.apache.catalina.startup.HostConfig.deployDescriptor Deploying deployment descriptor [C:\Users\ducmi\OneDrive\Documents\GitHub\PRJ301\IDE\apache-tomcat-8.5.99\conf\Catalina\localhost\WebApplication_16_b.xml]
17-Mar-2025 07:03:57.812 WARNING [localhost-startStop-1] org.apache.catalina.startup.HostConfig.deployDescriptor The path attribute with value [/WebApplication_16_b] in deployment descriptor [C:\Users\ducmi\OneDrive\Documents\GitHub\PRJ301\IDE\apache-tomcat-8.5.99\conf\Catalina\localhost\WebApplication_16_b.xml] has been ignored
17-Mar-2025 07:03:57.990 INFO [localhost-startStop-1] org.apache.jasper.servlet.TldScanner.scanJars At least one JAR was scanned for TLDs yet contained no TLDs. Enable debug logging for this logger for a complete list of JARs that were scanned but no TLDs were found in them. Skipping unneeded JARs during scanning can improve startup time and JSP compilation time.
17-Mar-2025 07:03:58.047 INFO [localhost-startStop-1] org.apache.catalina.startup.HostConfig.deployDescriptor Deployment of deployment descriptor [C:\Users\ducmi\OneDrive\Documents\GitHub\PRJ301\IDE\apache-tomcat-8.5.99\conf\Catalina\localhost\WebApplication_16_b.xml] has finished in [236] ms
17-Mar-2025 07:03:58.048 INFO [localhost-startStop-1] org.apache.catalina.startup.HostConfig.deployDirectory Deploying web application directory [C:\Users\ducmi\OneDrive\Documents\GitHub\PRJ301\IDE\apache-tomcat-8.5.99\webapps\docs]
17-Mar-2025 07:03:58.067 INFO [localhost-startStop-1] org.apache.catalina.startup.HostConfig.deployDirectory Deployment of web application directory [C:\Users\ducmi\OneDrive\Documents\GitHub\PRJ301\IDE\apache-tomcat-8.5.99\webapps\docs] has finished in [19] ms
17-Mar-2025 07:03:58.067 INFO [localhost-startStop-1] org.apache.catalina.startup.HostConfig.deployDirectory Deploying web application directory [C:\Users\ducmi\OneDrive\Documents\GitHub\PRJ301\IDE\apache-tomcat-8.5.99\webapps\examples]
17-Mar-2025 07:03:58.332 INFO [localhost-startStop-1] org.apache.catalina.startup.HostConfig.deployDirectory Deployment of web application directory [C:\Users\ducmi\OneDrive\Documents\GitHub\PRJ301\IDE\apache-tomcat-8.5.99\webapps\examples] has finished in [265] ms
17-Mar-2025 07:03:58.332 INFO [localhost-startStop-1] org.apache.catalina.startup.HostConfig.deployDirectory Deploying web application directory [C:\Users\ducmi\OneDrive\Documents\GitHub\PRJ301\IDE\apache-tomcat-8.5.99\webapps\host-manager]
17-Mar-2025 07:03:58.351 INFO [localhost-startStop-1] org.apache.catalina.startup.HostConfig.deployDirectory Deployment of web application directory [C:\Users\ducmi\OneDrive\Documents\GitHub\PRJ301\IDE\apache-tomcat-8.5.99\webapps\host-manager] has finished in [19] ms
17-Mar-2025 07:03:58.351 INFO [localhost-startStop-1] org.apache.catalina.startup.HostConfig.deployDirectory Deploying web application directory [C:\Users\ducmi\OneDrive\Documents\GitHub\PRJ301\IDE\apache-tomcat-8.5.99\webapps\manager]
17-Mar-2025 07:03:58.370 INFO [localhost-startStop-1] org.apache.catalina.startup.HostConfig.deployDirectory Deployment of web application directory [C:\Users\ducmi\OneDrive\Documents\GitHub\PRJ301\IDE\apache-tomcat-8.5.99\webapps\manager] has finished in [19] ms
17-Mar-2025 07:03:58.370 INFO [localhost-startStop-1] org.apache.catalina.startup.HostConfig.deployDirectory Deploying web application directory [C:\Users\ducmi\OneDrive\Documents\GitHub\PRJ301\IDE\apache-tomcat-8.5.99\webapps\ROOT]
17-Mar-2025 07:03:58.387 INFO [localhost-startStop-1] org.apache.catalina.startup.HostConfig.deployDirectory Deployment of web application directory [C:\Users\ducmi\OneDrive\Documents\GitHub\PRJ301\IDE\apache-tomcat-8.5.99\webapps\ROOT] has finished in [17] ms
17-Mar-2025 07:03:58.389 INFO [main] org.apache.coyote.AbstractProtocol.start Starting ProtocolHandler ["http-nio-8080"]
17-Mar-2025 07:03:58.403 INFO [main] org.apache.catalina.startup.Catalina.start Server startup in 1993 ms
17-Mar-2025 07:11:36.174 INFO [http-nio-8080-exec-1] org.apache.catalina.core.StandardContext.reload Reloading Context with name [/Online_Examination] has started
17-Mar-2025 07:11:36.311 INFO [http-nio-8080-exec-1] org.apache.jasper.servlet.TldScanner.scanJars At least one JAR was scanned for TLDs yet contained no TLDs. Enable debug logging for this logger for a complete list of JARs that were scanned but no TLDs were found in them. Skipping unneeded JARs during scanning can improve startup time and JSP compilation time.
17-Mar-2025 07:11:36.326 INFO [http-nio-8080-exec-1] org.apache.catalina.core.StandardContext.reload Reloading Context with name [/Online_Examination] is completed
17-Mar-2025 07:11:42.185 INFO [http-nio-8080-exec-10] org.apache.catalina.core.StandardContext.reload Reloading Context with name [/Online_Examination] has started
17-Mar-2025 07:11:42.300 INFO [http-nio-8080-exec-10] org.apache.jasper.servlet.TldScanner.scanJars At least one JAR was scanned for TLDs yet contained no TLDs. Enable debug logging for this logger for a complete list of JARs that were scanned but no TLDs were found in them. Skipping unneeded JARs during scanning can improve startup time and JSP compilation time.
17-Mar-2025 07:11:42.313 INFO [http-nio-8080-exec-10] org.apache.catalina.core.StandardContext.reload Reloading Context with name [/Online_Examination] is completed
17-Mar-2025 07:14:13.018 INFO [http-nio-8080-exec-20] org.apache.catalina.core.StandardContext.reload Reloading Context with name [/Online_Examination] has started
17-Mar-2025 07:14:13.130 INFO [http-nio-8080-exec-20] org.apache.jasper.servlet.TldScanner.scanJars At least one JAR was scanned for TLDs yet contained no TLDs. Enable debug logging for this logger for a complete list of JARs that were scanned but no TLDs were found in them. Skipping unneeded JARs during scanning can improve startup time and JSP compilation time.
17-Mar-2025 07:14:13.143 INFO [http-nio-8080-exec-20] org.apache.catalina.core.StandardContext.reload Reloading Context with name [/Online_Examination] is completed
17-Mar-2025 07:16:58.707 INFO [http-nio-8080-exec-26] org.apache.catalina.core.StandardContext.reload Reloading Context with name [/Online_Examination] has started
17-Mar-2025 07:16:58.844 INFO [http-nio-8080-exec-26] org.apache.jasper.servlet.TldScanner.scanJars At least one JAR was scanned for TLDs yet contained no TLDs. Enable debug logging for this logger for a complete list of JARs that were scanned but no TLDs were found in them. Skipping unneeded JARs during scanning can improve startup time and JSP compilation time.
17-Mar-2025 07:16:58.857 INFO [http-nio-8080-exec-26] org.apache.catalina.core.StandardContext.reload Reloading Context with name [/Online_Examination] is completed
17-Mar-2025 07:17:26.838 INFO [http-nio-8080-exec-14] org.apache.catalina.core.StandardContext.reload Reloading Context with name [/Online_Examination] has started
17-Mar-2025 07:17:26.968 INFO [http-nio-8080-exec-14] org.apache.jasper.servlet.TldScanner.scanJars At least one JAR was scanned for TLDs yet contained no TLDs. Enable debug logging for this logger for a complete list of JARs that were scanned but no TLDs were found in them. Skipping unneeded JARs during scanning can improve startup time and JSP compilation time.
17-Mar-2025 07:17:26.978 INFO [http-nio-8080-exec-14] org.apache.catalina.core.StandardContext.reload Reloading Context with name [/Online_Examination] is completed
17-Mar-2025 07:17:54.495 INFO [http-nio-8080-exec-22] org.apache.catalina.core.StandardContext.reload Reloading Context with name [/Online_Examination] has started
17-Mar-2025 07:17:54.606 INFO [http-nio-8080-exec-22] org.apache.jasper.servlet.TldScanner.scanJars At least one JAR was scanned for TLDs yet contained no TLDs. Enable debug logging for this logger for a complete list of JARs that were scanned but no TLDs were found in them. Skipping unneeded JARs during scanning can improve startup time and JSP compilation time.
17-Mar-2025 07:17:54.614 INFO [http-nio-8080-exec-22] org.apache.catalina.core.StandardContext.reload Reloading Context with name [/Online_Examination] is completed
17-Mar-2025 07:17:58.230 INFO [main] org.apache.catalina.core.StandardServer.await A valid shutdown command was received via the shutdown port. Stopping the Server instance.
17-Mar-2025 07:17:58.231 INFO [main] org.apache.coyote.AbstractProtocol.pause Pausing ProtocolHandler ["http-nio-8080"]
17-Mar-2025 07:17:58.358 INFO [main] org.apache.catalina.core.StandardService.stopInternal Stopping service [Catalina]
17-Mar-2025 07:17:58.376 INFO [main] org.apache.coyote.AbstractProtocol.stop Stopping ProtocolHandler ["http-nio-8080"]
17-Mar-2025 07:17:58.384 INFO [main] org.apache.coyote.AbstractProtocol.destroy Destroying ProtocolHandler ["http-nio-8080"]
17-Mar-2025 10:17:49.418 INFO [main] org.apache.catalina.startup.VersionLoggerListener.log Server version name:   Apache Tomcat/8.5.99
17-Mar-2025 10:17:49.419 INFO [main] org.apache.catalina.startup.VersionLoggerListener.log Server built:          Feb 14 2024 22:52:13 UTC
17-Mar-2025 10:17:49.420 INFO [main] org.apache.catalina.startup.VersionLoggerListener.log Server version number: 8.5.99.0
17-Mar-2025 10:17:49.420 INFO [main] org.apache.catalina.startup.VersionLoggerListener.log OS Name:               Windows 10
17-Mar-2025 10:17:49.421 INFO [main] org.apache.catalina.startup.VersionLoggerListener.log OS Version:            10.0
17-Mar-2025 10:17:49.421 INFO [main] org.apache.catalina.startup.VersionLoggerListener.log Architecture:          amd64
17-Mar-2025 10:17:49.421 INFO [main] org.apache.catalina.startup.VersionLoggerListener.log Java Home:             C:\Program Files\Java\jdk1.8.0_202\jre
17-Mar-2025 10:17:49.421 INFO [main] org.apache.catalina.startup.VersionLoggerListener.log JVM Version:           1.8.0_202-b08
17-Mar-2025 10:17:49.421 INFO [main] org.apache.catalina.startup.VersionLoggerListener.log JVM Vendor:            Oracle Corporation
17-Mar-2025 10:17:49.421 INFO [main] org.apache.catalina.startup.VersionLoggerListener.log CATALINA_BASE:         C:\Users\ducmi\OneDrive\Documents\GitHub\PRJ301\IDE\apache-tomcat-8.5.99
17-Mar-2025 10:17:49.422 INFO [main] org.apache.catalina.startup.VersionLoggerListener.log CATALINA_HOME:         C:\Users\ducmi\OneDrive\Documents\GitHub\PRJ301\IDE\apache-tomcat-8.5.99
17-Mar-2025 10:17:49.422 INFO [main] org.apache.catalina.startup.VersionLoggerListener.log Command line argument: -Djava.util.logging.config.file=C:\Users\ducmi\OneDrive\Documents\GitHub\PRJ301\IDE\apache-tomcat-8.5.99\conf\logging.properties
17-Mar-2025 10:17:49.422 INFO [main] org.apache.catalina.startup.VersionLoggerListener.log Command line argument: -Djava.util.logging.manager=org.apache.juli.ClassLoaderLogManager
17-Mar-2025 10:17:49.422 INFO [main] org.apache.catalina.startup.VersionLoggerListener.log Command line argument: -Dhttp.nonProxyHosts=localhost|127.0.0.1|DucMinh
17-Mar-2025 10:17:49.422 INFO [main] org.apache.catalina.startup.VersionLoggerListener.log Command line argument: -Djdk.tls.ephemeralDHKeySize=2048
17-Mar-2025 10:17:49.422 INFO [main] org.apache.catalina.startup.VersionLoggerListener.log Command line argument: -Djava.protocol.handler.pkgs=org.apache.catalina.webresources
17-Mar-2025 10:17:49.422 INFO [main] org.apache.catalina.startup.VersionLoggerListener.log Command line argument: -Dignore.endorsed.dirs=
17-Mar-2025 10:17:49.422 INFO [main] org.apache.catalina.startup.VersionLoggerListener.log Command line argument: -Dcatalina.base=C:\Users\ducmi\OneDrive\Documents\GitHub\PRJ301\IDE\apache-tomcat-8.5.99
17-Mar-2025 10:17:49.422 INFO [main] org.apache.catalina.startup.VersionLoggerListener.log Command line argument: -Dcatalina.home=C:\Users\ducmi\OneDrive\Documents\GitHub\PRJ301\IDE\apache-tomcat-8.5.99
17-Mar-2025 10:17:49.422 INFO [main] org.apache.catalina.startup.VersionLoggerListener.log Command line argument: -Djava.io.tmpdir=C:\Users\ducmi\OneDrive\Documents\GitHub\PRJ301\IDE\apache-tomcat-8.5.99\temp
17-Mar-2025 10:17:49.422 INFO [main] org.apache.catalina.core.AprLifecycleListener.lifecycleEvent The Apache Tomcat Native library which allows using OpenSSL was not found on the java.library.path: [C:\Program Files\Java\jdk1.8.0_202\bin;C:\WINDOWS\Sun\Java\bin;C:\WINDOWS\system32;C:\WINDOWS;C:\Program Files (x86)\Common Files\Oracle\Java\java8path;C:\Program Files (x86)\Common Files\Oracle\Java\javapath;C:\WINDOWS\system32;C:\WINDOWS;C:\WINDOWS\System32\Wbem;C:\WINDOWS\System32\WindowsPowerShell\v1.0\;C:\WINDOWS\System32\OpenSSH\;C:\Program Files (x86)\NVIDIA Corporation\PhysX\Common;C:\Program Files\Cloudflare\Cloudflare WARP\;C:\Program Files (x86)\Microsoft SQL Server\160\Tools\Binn\;C:\Program Files\Microsoft SQL Server\160\Tools\Binn\;C:\Program Files\Microsoft SQL Server\Client SDK\ODBC\170\Tools\Binn\;C:\Program Files\Microsoft SQL Server\160\DTS\Binn\;C:\Program Files\NVIDIA Corporation\NVIDIA app\NvDLISR;C:\Program Files (x86)\Microsoft SQL Server\160\DTS\Binn\;C:\Users\ducmi\AppData\Local\Microsoft\WindowsApps;C:\Users\ducmi\AppData\Local\GitHubDesktop\bin;C:\Users\ducmi\AppData\Local\Programs\Microsoft VS Code\bin;.]
17-Mar-2025 10:17:49.612 INFO [main] org.apache.coyote.AbstractProtocol.init Initializing ProtocolHandler ["http-nio-8080"]
17-Mar-2025 10:17:49.627 INFO [main] org.apache.catalina.startup.Catalina.load Initialization processed in 522 ms
17-Mar-2025 10:17:49.653 INFO [main] org.apache.catalina.core.StandardService.startInternal Starting service [Catalina]
17-Mar-2025 10:17:49.653 INFO [main] org.apache.catalina.core.StandardEngine.startInternal Starting Servlet engine: [Apache Tomcat/8.5.99]
17-Mar-2025 10:17:49.660 INFO [localhost-startStop-1] org.apache.catalina.startup.HostConfig.deployDescriptor Deploying deployment descriptor [C:\Users\ducmi\OneDrive\Documents\GitHub\PRJ301\IDE\apache-tomcat-8.5.99\conf\Catalina\localhost\Final_Project.xml]
17-Mar-2025 10:17:49.672 WARNING [localhost-startStop-1] org.apache.catalina.startup.HostConfig.deployDescriptor The path attribute with value [/Final_Project] in deployment descriptor [C:\Users\ducmi\OneDrive\Documents\GitHub\PRJ301\IDE\apache-tomcat-8.5.99\conf\Catalina\localhost\Final_Project.xml] has been ignored
17-Mar-2025 10:17:50.072 INFO [localhost-startStop-1] org.apache.jasper.servlet.TldScanner.scanJars At least one JAR was scanned for TLDs yet contained no TLDs. Enable debug logging for this logger for a complete list of JARs that were scanned but no TLDs were found in them. Skipping unneeded JARs during scanning can improve startup time and JSP compilation time.
17-Mar-2025 10:17:50.259 WARNING [localhost-startStop-1] org.apache.catalina.util.SessionIdGeneratorBase.createSecureRandom Creation of SecureRandom instance for session ID generation using [SHA1PRNG] took [153] milliseconds.
17-Mar-2025 10:17:50.273 INFO [localhost-startStop-1] org.apache.catalina.startup.HostConfig.deployDescriptor Deployment of deployment descriptor [C:\Users\ducmi\OneDrive\Documents\GitHub\PRJ301\IDE\apache-tomcat-8.5.99\conf\Catalina\localhost\Final_Project.xml] has finished in [613] ms
17-Mar-2025 10:17:50.274 INFO [localhost-startStop-1] org.apache.catalina.startup.HostConfig.deployDescriptor Deploying deployment descriptor [C:\Users\ducmi\OneDrive\Documents\GitHub\PRJ301\IDE\apache-tomcat-8.5.99\conf\Catalina\localhost\Online_Examination.xml]
17-Mar-2025 10:17:50.275 WARNING [localhost-startStop-1] org.apache.catalina.startup.HostConfig.deployDescriptor The path attribute with value [/Online_Examination] in deployment descriptor [C:\Users\ducmi\OneDrive\Documents\GitHub\PRJ301\IDE\apache-tomcat-8.5.99\conf\Catalina\localhost\Online_Examination.xml] has been ignored
17-Mar-2025 10:17:50.479 INFO [localhost-startStop-1] org.apache.jasper.servlet.TldScanner.scanJars At least one JAR was scanned for TLDs yet contained no TLDs. Enable debug logging for this logger for a complete list of JARs that were scanned but no TLDs were found in them. Skipping unneeded JARs during scanning can improve startup time and JSP compilation time.
17-Mar-2025 10:17:50.538 INFO [localhost-startStop-1] org.apache.catalina.startup.HostConfig.deployDescriptor Deployment of deployment descriptor [C:\Users\ducmi\OneDrive\Documents\GitHub\PRJ301\IDE\apache-tomcat-8.5.99\conf\Catalina\localhost\Online_Examination.xml] has finished in [264] ms
17-Mar-2025 10:17:50.538 INFO [localhost-startStop-1] org.apache.catalina.startup.HostConfig.deployDescriptor Deploying deployment descriptor [C:\Users\ducmi\OneDrive\Documents\GitHub\PRJ301\IDE\apache-tomcat-8.5.99\conf\Catalina\localhost\WebApplication_14.xml]
17-Mar-2025 10:17:50.539 WARNING [localhost-startStop-1] org.apache.catalina.startup.HostConfig.deployDescriptor The path attribute with value [/WebApplication_14] in deployment descriptor [C:\Users\ducmi\OneDrive\Documents\GitHub\PRJ301\IDE\apache-tomcat-8.5.99\conf\Catalina\localhost\WebApplication_14.xml] has been ignored
17-Mar-2025 10:17:50.709 INFO [localhost-startStop-1] org.apache.jasper.servlet.TldScanner.scanJars At least one JAR was scanned for TLDs yet contained no TLDs. Enable debug logging for this logger for a complete list of JARs that were scanned but no TLDs were found in them. Skipping unneeded JARs during scanning can improve startup time and JSP compilation time.
17-Mar-2025 10:17:50.719 INFO [localhost-startStop-1] org.apache.catalina.startup.HostConfig.deployDescriptor Deployment of deployment descriptor [C:\Users\ducmi\OneDrive\Documents\GitHub\PRJ301\IDE\apache-tomcat-8.5.99\conf\Catalina\localhost\WebApplication_14.xml] has finished in [181] ms
17-Mar-2025 10:17:50.719 INFO [localhost-startStop-1] org.apache.catalina.startup.HostConfig.deployDescriptor Deploying deployment descriptor [C:\Users\ducmi\OneDrive\Documents\GitHub\PRJ301\IDE\apache-tomcat-8.5.99\conf\Catalina\localhost\WebApplication_15.xml]
17-Mar-2025 10:17:50.720 WARNING [localhost-startStop-1] org.apache.catalina.startup.HostConfig.deployDescriptor The path attribute with value [/WebApplication_15] in deployment descriptor [C:\Users\ducmi\OneDrive\Documents\GitHub\PRJ301\IDE\apache-tomcat-8.5.99\conf\Catalina\localhost\WebApplication_15.xml] has been ignored
17-Mar-2025 10:17:50.877 INFO [localhost-startStop-1] org.apache.jasper.servlet.TldScanner.scanJars At least one JAR was scanned for TLDs yet contained no TLDs. Enable debug logging for this logger for a complete list of JARs that were scanned but no TLDs were found in them. Skipping unneeded JARs during scanning can improve startup time and JSP compilation time.
17-Mar-2025 10:17:50.889 INFO [localhost-startStop-1] org.apache.catalina.startup.HostConfig.deployDescriptor Deployment of deployment descriptor [C:\Users\ducmi\OneDrive\Documents\GitHub\PRJ301\IDE\apache-tomcat-8.5.99\conf\Catalina\localhost\WebApplication_15.xml] has finished in [170] ms
17-Mar-2025 10:17:50.889 INFO [localhost-startStop-1] org.apache.catalina.startup.HostConfig.deployDescriptor Deploying deployment descriptor [C:\Users\ducmi\OneDrive\Documents\GitHub\PRJ301\IDE\apache-tomcat-8.5.99\conf\Catalina\localhost\WebApplication_16.xml]
17-Mar-2025 10:17:50.890 WARNING [localhost-startStop-1] org.apache.catalina.startup.HostConfig.deployDescriptor The path attribute with value [/WebApplication_16] in deployment descriptor [C:\Users\ducmi\OneDrive\Documents\GitHub\PRJ301\IDE\apache-tomcat-8.5.99\conf\Catalina\localhost\WebApplication_16.xml] has been ignored
17-Mar-2025 10:17:51.022 INFO [localhost-startStop-1] org.apache.jasper.servlet.TldScanner.scanJars At least one JAR was scanned for TLDs yet contained no TLDs. Enable debug logging for this logger for a complete list of JARs that were scanned but no TLDs were found in them. Skipping unneeded JARs during scanning can improve startup time and JSP compilation time.
17-Mar-2025 10:17:51.031 INFO [localhost-startStop-1] org.apache.catalina.startup.HostConfig.deployDescriptor Deployment of deployment descriptor [C:\Users\ducmi\OneDrive\Documents\GitHub\PRJ301\IDE\apache-tomcat-8.5.99\conf\Catalina\localhost\WebApplication_16.xml] has finished in [142] ms
17-Mar-2025 10:17:51.031 INFO [localhost-startStop-1] org.apache.catalina.startup.HostConfig.deployDescriptor Deploying deployment descriptor [C:\Users\ducmi\OneDrive\Documents\GitHub\PRJ301\IDE\apache-tomcat-8.5.99\conf\Catalina\localhost\WebApplication_16_b.xml]
17-Mar-2025 10:17:51.032 WARNING [localhost-startStop-1] org.apache.catalina.startup.HostConfig.deployDescriptor The path attribute with value [/WebApplication_16_b] in deployment descriptor [C:\Users\ducmi\OneDrive\Documents\GitHub\PRJ301\IDE\apache-tomcat-8.5.99\conf\Catalina\localhost\WebApplication_16_b.xml] has been ignored
17-Mar-2025 10:17:51.176 INFO [localhost-startStop-1] org.apache.jasper.servlet.TldScanner.scanJars At least one JAR was scanned for TLDs yet contained no TLDs. Enable debug logging for this logger for a complete list of JARs that were scanned but no TLDs were found in them. Skipping unneeded JARs during scanning can improve startup time and JSP compilation time.
17-Mar-2025 10:17:51.191 INFO [localhost-startStop-1] org.apache.catalina.startup.HostConfig.deployDescriptor Deployment of deployment descriptor [C:\Users\ducmi\OneDrive\Documents\GitHub\PRJ301\IDE\apache-tomcat-8.5.99\conf\Catalina\localhost\WebApplication_16_b.xml] has finished in [160] ms
17-Mar-2025 10:17:51.191 INFO [localhost-startStop-1] org.apache.catalina.startup.HostConfig.deployDirectory Deploying web application directory [C:\Users\ducmi\OneDrive\Documents\GitHub\PRJ301\IDE\apache-tomcat-8.5.99\webapps\docs]
17-Mar-2025 10:17:51.208 INFO [localhost-startStop-1] org.apache.catalina.startup.HostConfig.deployDirectory Deployment of web application directory [C:\Users\ducmi\OneDrive\Documents\GitHub\PRJ301\IDE\apache-tomcat-8.5.99\webapps\docs] has finished in [17] ms
17-Mar-2025 10:17:51.208 INFO [localhost-startStop-1] org.apache.catalina.startup.HostConfig.deployDirectory Deploying web application directory [C:\Users\ducmi\OneDrive\Documents\GitHub\PRJ301\IDE\apache-tomcat-8.5.99\webapps\examples]
17-Mar-2025 10:17:51.426 INFO [localhost-startStop-1] org.apache.catalina.startup.HostConfig.deployDirectory Deployment of web application directory [C:\Users\ducmi\OneDrive\Documents\GitHub\PRJ301\IDE\apache-tomcat-8.5.99\webapps\examples] has finished in [217] ms
17-Mar-2025 10:17:51.426 INFO [localhost-startStop-1] org.apache.catalina.startup.HostConfig.deployDirectory Deploying web application directory [C:\Users\ducmi\OneDrive\Documents\GitHub\PRJ301\IDE\apache-tomcat-8.5.99\webapps\host-manager]
17-Mar-2025 10:17:51.445 INFO [localhost-startStop-1] org.apache.catalina.startup.HostConfig.deployDirectory Deployment of web application directory [C:\Users\ducmi\OneDrive\Documents\GitHub\PRJ301\IDE\apache-tomcat-8.5.99\webapps\host-manager] has finished in [19] ms
17-Mar-2025 10:17:51.445 INFO [localhost-startStop-1] org.apache.catalina.startup.HostConfig.deployDirectory Deploying web application directory [C:\Users\ducmi\OneDrive\Documents\GitHub\PRJ301\IDE\apache-tomcat-8.5.99\webapps\manager]
17-Mar-2025 10:17:51.469 INFO [localhost-startStop-1] org.apache.catalina.startup.HostConfig.deployDirectory Deployment of web application directory [C:\Users\ducmi\OneDrive\Documents\GitHub\PRJ301\IDE\apache-tomcat-8.5.99\webapps\manager] has finished in [23] ms
17-Mar-2025 10:17:51.469 INFO [localhost-startStop-1] org.apache.catalina.startup.HostConfig.deployDirectory Deploying web application directory [C:\Users\ducmi\OneDrive\Documents\GitHub\PRJ301\IDE\apache-tomcat-8.5.99\webapps\ROOT]
17-Mar-2025 10:17:51.488 INFO [localhost-startStop-1] org.apache.catalina.startup.HostConfig.deployDirectory Deployment of web application directory [C:\Users\ducmi\OneDrive\Documents\GitHub\PRJ301\IDE\apache-tomcat-8.5.99\webapps\ROOT] has finished in [19] ms
17-Mar-2025 10:17:51.490 INFO [main] org.apache.coyote.AbstractProtocol.start Starting ProtocolHandler ["http-nio-8080"]
17-Mar-2025 10:17:51.508 INFO [main] org.apache.catalina.startup.Catalina.start Server startup in 1879 ms
17-Mar-2025 10:17:53.945 INFO [http-nio-8080-exec-10] org.apache.catalina.core.StandardContext.reload Reloading Context with name [/Online_Examination] has started
17-Mar-2025 10:17:54.129 INFO [http-nio-8080-exec-10] org.apache.jasper.servlet.TldScanner.scanJars At least one JAR was scanned for TLDs yet contained no TLDs. Enable debug logging for this logger for a complete list of JARs that were scanned but no TLDs were found in them. Skipping unneeded JARs during scanning can improve startup time and JSP compilation time.
17-Mar-2025 10:17:54.145 INFO [http-nio-8080-exec-10] org.apache.catalina.core.StandardContext.reload Reloading Context with name [/Online_Examination] is completed
17-Mar-2025 10:35:51.253 INFO [http-nio-8080-exec-13] org.apache.catalina.startup.HostConfig.deployDescriptor Deploying deployment descriptor [C:\Users\ducmi\OneDrive\Documents\GitHub\PRJ301\IDE\apache-tomcat-8.5.99\conf\Catalina\localhost\Startup_Project_Management.xml]
17-Mar-2025 10:35:51.254 WARNING [http-nio-8080-exec-13] org.apache.catalina.startup.HostConfig.deployDescriptor The path attribute with value [/Startup_Project_Management] in deployment descriptor [C:\Users\ducmi\OneDrive\Documents\GitHub\PRJ301\IDE\apache-tomcat-8.5.99\conf\Catalina\localhost\Startup_Project_Management.xml] has been ignored
17-Mar-2025 10:35:51.349 INFO [http-nio-8080-exec-13] org.apache.jasper.servlet.TldScanner.scanJars At least one JAR was scanned for TLDs yet contained no TLDs. Enable debug logging for this logger for a complete list of JARs that were scanned but no TLDs were found in them. Skipping unneeded JARs during scanning can improve startup time and JSP compilation time.
17-Mar-2025 10:35:51.351 INFO [http-nio-8080-exec-13] org.apache.catalina.startup.HostConfig.deployDescriptor Deployment of deployment descriptor [C:\Users\ducmi\OneDrive\Documents\GitHub\PRJ301\IDE\apache-tomcat-8.5.99\conf\Catalina\localhost\Startup_Project_Management.xml] has finished in [99] ms
17-Mar-2025 10:35:51.355 INFO [http-nio-8080-exec-17] org.apache.catalina.util.LifecycleBase.start The start() method was called on component [StandardEngine[Catalina].StandardHost[localhost].StandardContext[/Startup_Project_Management]] after start() had already been called. The second call will be ignored.
17-Mar-2025 10:36:01.310 SEVERE [http-nio-8080-exec-15] dao.UserDAO.readById null
	com.microsoft.sqlserver.jdbc.SQLServerException: Cannot open database "StartupProjectManagement" requested by the login. The login failed. ClientConnectionId:360b8270-0195-418b-a940-3445a592388b
		at com.microsoft.sqlserver.jdbc.SQLServerException.makeFromDatabaseError(SQLServerException.java:216)
		at com.microsoft.sqlserver.jdbc.TDSTokenHandler.onEOF(tdsparser.java:254)
		at com.microsoft.sqlserver.jdbc.TDSParser.parse(tdsparser.java:84)
		at com.microsoft.sqlserver.jdbc.SQLServerConnection.sendLogon(SQLServerConnection.java:2908)
		at com.microsoft.sqlserver.jdbc.SQLServerConnection.logon(SQLServerConnection.java:2234)
		at com.microsoft.sqlserver.jdbc.SQLServerConnection.access$000(SQLServerConnection.java:41)
		at com.microsoft.sqlserver.jdbc.SQLServerConnection$LogonCommand.doExecute(SQLServerConnection.java:2220)
		at com.microsoft.sqlserver.jdbc.TDSCommand.execute(IOBuffer.java:5696)
		at com.microsoft.sqlserver.jdbc.SQLServerConnection.executeCommand(SQLServerConnection.java:1715)
		at com.microsoft.sqlserver.jdbc.SQLServerConnection.connectHelper(SQLServerConnection.java:1326)
		at com.microsoft.sqlserver.jdbc.SQLServerConnection.login(SQLServerConnection.java:991)
		at com.microsoft.sqlserver.jdbc.SQLServerConnection.connect(SQLServerConnection.java:827)
		at com.microsoft.sqlserver.jdbc.SQLServerDriver.connect(SQLServerDriver.java:1012)
		at java.sql.DriverManager.getConnection(DriverManager.java:664)
		at java.sql.DriverManager.getConnection(DriverManager.java:247)
		at utils.DBUtils.getConnection(DBUtils.java:32)
		at dao.UserDAO.readById(UserDAO.java:78)
		at utils.AuthUtils.getUser(AuthUtils.java:22)
		at utils.AuthUtils.isValidLogin(AuthUtils.java:27)
		at controller.MainController.processLogin(MainController.java:36)
		at controller.MainController.processRequest(MainController.java:177)
		at controller.MainController.doPost(MainController.java:232)
		at javax.servlet.http.HttpServlet.service(HttpServlet.java:515)
		at javax.servlet.http.HttpServlet.service(HttpServlet.java:583)
		at org.apache.catalina.core.ApplicationFilterChain.internalDoFilter(ApplicationFilterChain.java:212)
		at org.apache.catalina.core.ApplicationFilterChain.doFilter(ApplicationFilterChain.java:156)
		at org.apache.tomcat.websocket.server.WsFilter.doFilter(WsFilter.java:51)
		at org.apache.catalina.core.ApplicationFilterChain.internalDoFilter(ApplicationFilterChain.java:181)
		at org.apache.catalina.core.ApplicationFilterChain.doFilter(ApplicationFilterChain.java:156)
		at org.apache.catalina.core.StandardWrapperValve.invoke(StandardWrapperValve.java:168)
		at org.apache.catalina.core.StandardContextValve.invoke(StandardContextValve.java:90)
		at org.apache.catalina.authenticator.AuthenticatorBase.invoke(AuthenticatorBase.java:483)
		at org.apache.catalina.core.StandardHostValve.invoke(StandardHostValve.java:130)
		at org.apache.catalina.valves.ErrorReportValve.invoke(ErrorReportValve.java:93)
		at org.apache.catalina.valves.AbstractAccessLogValve.invoke(AbstractAccessLogValve.java:679)
		at org.apache.catalina.core.StandardEngineValve.invoke(StandardEngineValve.java:74)
		at org.apache.catalina.connector.CoyoteAdapter.service(CoyoteAdapter.java:346)
		at org.apache.coyote.http11.Http11Processor.service(Http11Processor.java:617)
		at org.apache.coyote.AbstractProcessorLight.process(AbstractProcessorLight.java:63)
		at org.apache.coyote.AbstractProtocol$ConnectionHandler.process(AbstractProtocol.java:934)
		at org.apache.tomcat.util.net.NioEndpoint$SocketProcessor.doRun(NioEndpoint.java:1698)
		at org.apache.tomcat.util.net.SocketProcessorBase.run(SocketProcessorBase.java:52)
		at org.apache.tomcat.util.threads.ThreadPoolExecutor.runWorker(ThreadPoolExecutor.java:1191)
		at org.apache.tomcat.util.threads.ThreadPoolExecutor$Worker.run(ThreadPoolExecutor.java:659)
		at org.apache.tomcat.util.threads.TaskThread$WrappingRunnable.run(TaskThread.java:63)
		at java.lang.Thread.run(Thread.java:748)
17-Mar-2025 10:36:04.579 SEVERE [http-nio-8080-exec-18] dao.UserDAO.readById null
	com.microsoft.sqlserver.jdbc.SQLServerException: Cannot open database "StartupProjectManagement" requested by the login. The login failed. ClientConnectionId:13aee7c6-a597-4db0-af06-acfee7d974db
		at com.microsoft.sqlserver.jdbc.SQLServerException.makeFromDatabaseError(SQLServerException.java:216)
		at com.microsoft.sqlserver.jdbc.TDSTokenHandler.onEOF(tdsparser.java:254)
		at com.microsoft.sqlserver.jdbc.TDSParser.parse(tdsparser.java:84)
		at com.microsoft.sqlserver.jdbc.SQLServerConnection.sendLogon(SQLServerConnection.java:2908)
		at com.microsoft.sqlserver.jdbc.SQLServerConnection.logon(SQLServerConnection.java:2234)
		at com.microsoft.sqlserver.jdbc.SQLServerConnection.access$000(SQLServerConnection.java:41)
		at com.microsoft.sqlserver.jdbc.SQLServerConnection$LogonCommand.doExecute(SQLServerConnection.java:2220)
		at com.microsoft.sqlserver.jdbc.TDSCommand.execute(IOBuffer.java:5696)
		at com.microsoft.sqlserver.jdbc.SQLServerConnection.executeCommand(SQLServerConnection.java:1715)
		at com.microsoft.sqlserver.jdbc.SQLServerConnection.connectHelper(SQLServerConnection.java:1326)
		at com.microsoft.sqlserver.jdbc.SQLServerConnection.login(SQLServerConnection.java:991)
		at com.microsoft.sqlserver.jdbc.SQLServerConnection.connect(SQLServerConnection.java:827)
		at com.microsoft.sqlserver.jdbc.SQLServerDriver.connect(SQLServerDriver.java:1012)
		at java.sql.DriverManager.getConnection(DriverManager.java:664)
		at java.sql.DriverManager.getConnection(DriverManager.java:247)
		at utils.DBUtils.getConnection(DBUtils.java:32)
		at dao.UserDAO.readById(UserDAO.java:78)
		at utils.AuthUtils.getUser(AuthUtils.java:22)
		at utils.AuthUtils.isValidLogin(AuthUtils.java:27)
		at controller.MainController.processLogin(MainController.java:36)
		at controller.MainController.processRequest(MainController.java:177)
		at controller.MainController.doPost(MainController.java:232)
		at javax.servlet.http.HttpServlet.service(HttpServlet.java:515)
		at javax.servlet.http.HttpServlet.service(HttpServlet.java:583)
		at org.apache.catalina.core.ApplicationFilterChain.internalDoFilter(ApplicationFilterChain.java:212)
		at org.apache.catalina.core.ApplicationFilterChain.doFilter(ApplicationFilterChain.java:156)
		at org.apache.tomcat.websocket.server.WsFilter.doFilter(WsFilter.java:51)
		at org.apache.catalina.core.ApplicationFilterChain.internalDoFilter(ApplicationFilterChain.java:181)
		at org.apache.catalina.core.ApplicationFilterChain.doFilter(ApplicationFilterChain.java:156)
		at org.apache.catalina.core.StandardWrapperValve.invoke(StandardWrapperValve.java:168)
		at org.apache.catalina.core.StandardContextValve.invoke(StandardContextValve.java:90)
		at org.apache.catalina.authenticator.AuthenticatorBase.invoke(AuthenticatorBase.java:483)
		at org.apache.catalina.core.StandardHostValve.invoke(StandardHostValve.java:130)
		at org.apache.catalina.valves.ErrorReportValve.invoke(ErrorReportValve.java:93)
		at org.apache.catalina.valves.AbstractAccessLogValve.invoke(AbstractAccessLogValve.java:679)
		at org.apache.catalina.core.StandardEngineValve.invoke(StandardEngineValve.java:74)
		at org.apache.catalina.connector.CoyoteAdapter.service(CoyoteAdapter.java:346)
		at org.apache.coyote.http11.Http11Processor.service(Http11Processor.java:617)
		at org.apache.coyote.AbstractProcessorLight.process(AbstractProcessorLight.java:63)
		at org.apache.coyote.AbstractProtocol$ConnectionHandler.process(AbstractProtocol.java:934)
		at org.apache.tomcat.util.net.NioEndpoint$SocketProcessor.doRun(NioEndpoint.java:1698)
		at org.apache.tomcat.util.net.SocketProcessorBase.run(SocketProcessorBase.java:52)
		at org.apache.tomcat.util.threads.ThreadPoolExecutor.runWorker(ThreadPoolExecutor.java:1191)
		at org.apache.tomcat.util.threads.ThreadPoolExecutor$Worker.run(ThreadPoolExecutor.java:659)
		at org.apache.tomcat.util.threads.TaskThread$WrappingRunnable.run(TaskThread.java:63)
		at java.lang.Thread.run(Thread.java:748)
17-Mar-2025 10:38:04.597 INFO [main] org.apache.catalina.core.StandardServer.await A valid shutdown command was received via the shutdown port. Stopping the Server instance.
17-Mar-2025 10:38:04.597 INFO [main] org.apache.coyote.AbstractProtocol.pause Pausing ProtocolHandler ["http-nio-8080"]
17-Mar-2025 10:38:04.729 INFO [main] org.apache.catalina.core.StandardService.stopInternal Stopping service [Catalina]
17-Mar-2025 10:38:04.811 WARNING [localhost-startStop-2] org.apache.catalina.loader.WebappClassLoaderBase.clearReferencesJdbc The web application [Startup_Project_Management] registered the JDBC driver [com.microsoft.sqlserver.jdbc.SQLServerDriver] but failed to unregister it when the web application was stopped. To prevent a memory leak, the JDBC Driver has been forcibly unregistered.
17-Mar-2025 10:38:04.812 SEVERE [localhost-startStop-2] org.apache.catalina.loader.WebappClassLoaderBase.checkThreadLocalMapForLeaks The web application [Startup_Project_Management] created a ThreadLocal with key of type [com.microsoft.sqlserver.jdbc.ActivityCorrelator$1] (value [com.microsoft.sqlserver.jdbc.ActivityCorrelator$1@70e98204]) and a value of type [com.microsoft.sqlserver.jdbc.ActivityId] (value [9544f1e9-5b0f-49e8-9fc8-e44c5f1d6d7b-1]) but failed to remove it when the web application was stopped. Threads are going to be renewed over time to try and avoid a probable memory leak.
17-Mar-2025 10:38:04.812 SEVERE [localhost-startStop-2] org.apache.catalina.loader.WebappClassLoaderBase.checkThreadLocalMapForLeaks The web application [Startup_Project_Management] created a ThreadLocal with key of type [com.microsoft.sqlserver.jdbc.ActivityCorrelator$1] (value [com.microsoft.sqlserver.jdbc.ActivityCorrelator$1@70e98204]) and a value of type [com.microsoft.sqlserver.jdbc.ActivityId] (value [a80d73d7-18ef-493d-95f2-d3c978658e10-1]) but failed to remove it when the web application was stopped. Threads are going to be renewed over time to try and avoid a probable memory leak.
17-Mar-2025 10:38:04.812 SEVERE [localhost-startStop-2] org.apache.catalina.loader.WebappClassLoaderBase.checkThreadLocalMapForLeaks The web application [Startup_Project_Management] created a ThreadLocal with key of type [com.microsoft.sqlserver.jdbc.ActivityCorrelator$1] (value [com.microsoft.sqlserver.jdbc.ActivityCorrelator$1@70e98204]) and a value of type [com.microsoft.sqlserver.jdbc.ActivityId] (value [a3e92925-7c7b-4f97-bd25-4f0a2a8d6302-3]) but failed to remove it when the web application was stopped. Threads are going to be renewed over time to try and avoid a probable memory leak.
17-Mar-2025 10:38:04.816 INFO [main] org.apache.coyote.AbstractProtocol.stop Stopping ProtocolHandler ["http-nio-8080"]
17-Mar-2025 10:38:04.823 INFO [main] org.apache.coyote.AbstractProtocol.destroy Destroying ProtocolHandler ["http-nio-8080"]
17-Mar-2025 14:25:49.321 INFO [main] org.apache.catalina.startup.VersionLoggerListener.log Server version name:   Apache Tomcat/8.5.99
17-Mar-2025 14:25:49.323 INFO [main] org.apache.catalina.startup.VersionLoggerListener.log Server built:          Feb 14 2024 22:52:13 UTC
17-Mar-2025 14:25:49.323 INFO [main] org.apache.catalina.startup.VersionLoggerListener.log Server version number: 8.5.99.0
17-Mar-2025 14:25:49.323 INFO [main] org.apache.catalina.startup.VersionLoggerListener.log OS Name:               Windows 10
17-Mar-2025 14:25:49.325 INFO [main] org.apache.catalina.startup.VersionLoggerListener.log OS Version:            10.0
17-Mar-2025 14:25:49.325 INFO [main] org.apache.catalina.startup.VersionLoggerListener.log Architecture:          amd64
17-Mar-2025 14:25:49.325 INFO [main] org.apache.catalina.startup.VersionLoggerListener.log Java Home:             C:\Program Files\Java\jdk1.8.0_202\jre
17-Mar-2025 14:25:49.325 INFO [main] org.apache.catalina.startup.VersionLoggerListener.log JVM Version:           1.8.0_202-b08
17-Mar-2025 14:25:49.325 INFO [main] org.apache.catalina.startup.VersionLoggerListener.log JVM Vendor:            Oracle Corporation
17-Mar-2025 14:25:49.325 INFO [main] org.apache.catalina.startup.VersionLoggerListener.log CATALINA_BASE:         C:\Users\ducmi\OneDrive\Documents\GitHub\PRJ301\IDE\apache-tomcat-8.5.99
17-Mar-2025 14:25:49.325 INFO [main] org.apache.catalina.startup.VersionLoggerListener.log CATALINA_HOME:         C:\Users\ducmi\OneDrive\Documents\GitHub\PRJ301\IDE\apache-tomcat-8.5.99
17-Mar-2025 14:25:49.325 INFO [main] org.apache.catalina.startup.VersionLoggerListener.log Command line argument: -Djava.util.logging.config.file=C:\Users\ducmi\OneDrive\Documents\GitHub\PRJ301\IDE\apache-tomcat-8.5.99\conf\logging.properties
17-Mar-2025 14:25:49.325 INFO [main] org.apache.catalina.startup.VersionLoggerListener.log Command line argument: -Djava.util.logging.manager=org.apache.juli.ClassLoaderLogManager
17-Mar-2025 14:25:49.325 INFO [main] org.apache.catalina.startup.VersionLoggerListener.log Command line argument: -Dhttp.nonProxyHosts=localhost|127.0.0.1|DucMinh
17-Mar-2025 14:25:49.325 INFO [main] org.apache.catalina.startup.VersionLoggerListener.log Command line argument: -Djdk.tls.ephemeralDHKeySize=2048
17-Mar-2025 14:25:49.325 INFO [main] org.apache.catalina.startup.VersionLoggerListener.log Command line argument: -Djava.protocol.handler.pkgs=org.apache.catalina.webresources
17-Mar-2025 14:25:49.325 INFO [main] org.apache.catalina.startup.VersionLoggerListener.log Command line argument: -Dignore.endorsed.dirs=
17-Mar-2025 14:25:49.325 INFO [main] org.apache.catalina.startup.VersionLoggerListener.log Command line argument: -Dcatalina.base=C:\Users\ducmi\OneDrive\Documents\GitHub\PRJ301\IDE\apache-tomcat-8.5.99
17-Mar-2025 14:25:49.327 INFO [main] org.apache.catalina.startup.VersionLoggerListener.log Command line argument: -Dcatalina.home=C:\Users\ducmi\OneDrive\Documents\GitHub\PRJ301\IDE\apache-tomcat-8.5.99
17-Mar-2025 14:25:49.327 INFO [main] org.apache.catalina.startup.VersionLoggerListener.log Command line argument: -Djava.io.tmpdir=C:\Users\ducmi\OneDrive\Documents\GitHub\PRJ301\IDE\apache-tomcat-8.5.99\temp
17-Mar-2025 14:25:49.327 INFO [main] org.apache.catalina.core.AprLifecycleListener.lifecycleEvent The Apache Tomcat Native library which allows using OpenSSL was not found on the java.library.path: [C:\Program Files\Java\jdk1.8.0_202\bin;C:\WINDOWS\Sun\Java\bin;C:\WINDOWS\system32;C:\WINDOWS;C:\Program Files (x86)\Common Files\Oracle\Java\java8path;C:\Program Files (x86)\Common Files\Oracle\Java\javapath;C:\WINDOWS\system32;C:\WINDOWS;C:\WINDOWS\System32\Wbem;C:\WINDOWS\System32\WindowsPowerShell\v1.0\;C:\WINDOWS\System32\OpenSSH\;C:\Program Files (x86)\NVIDIA Corporation\PhysX\Common;C:\Program Files\Cloudflare\Cloudflare WARP\;C:\Program Files (x86)\Microsoft SQL Server\160\Tools\Binn\;C:\Program Files\Microsoft SQL Server\160\Tools\Binn\;C:\Program Files\Microsoft SQL Server\Client SDK\ODBC\170\Tools\Binn\;C:\Program Files\Microsoft SQL Server\160\DTS\Binn\;C:\Program Files\NVIDIA Corporation\NVIDIA app\NvDLISR;C:\Program Files (x86)\Microsoft SQL Server\160\DTS\Binn\;C:\Users\ducmi\AppData\Local\Microsoft\WindowsApps;C:\Users\ducmi\AppData\Local\GitHubDesktop\bin;C:\Users\ducmi\AppData\Local\Programs\Microsoft VS Code\bin;.]
17-Mar-2025 14:25:49.462 INFO [main] org.apache.coyote.AbstractProtocol.init Initializing ProtocolHandler ["http-nio-8080"]
17-Mar-2025 14:25:49.480 INFO [main] org.apache.catalina.startup.Catalina.load Initialization processed in 530 ms
17-Mar-2025 14:25:49.505 INFO [main] org.apache.catalina.core.StandardService.startInternal Starting service [Catalina]
17-Mar-2025 14:25:49.505 INFO [main] org.apache.catalina.core.StandardEngine.startInternal Starting Servlet engine: [Apache Tomcat/8.5.99]
17-Mar-2025 14:25:49.514 INFO [localhost-startStop-1] org.apache.catalina.startup.HostConfig.deployDescriptor Deploying deployment descriptor [C:\Users\ducmi\OneDrive\Documents\GitHub\PRJ301\IDE\apache-tomcat-8.5.99\conf\Catalina\localhost\Final_Project.xml]
17-Mar-2025 14:25:49.528 WARNING [localhost-startStop-1] org.apache.catalina.startup.HostConfig.deployDescriptor The path attribute with value [/Final_Project] in deployment descriptor [C:\Users\ducmi\OneDrive\Documents\GitHub\PRJ301\IDE\apache-tomcat-8.5.99\conf\Catalina\localhost\Final_Project.xml] has been ignored
17-Mar-2025 14:25:49.972 INFO [localhost-startStop-1] org.apache.jasper.servlet.TldScanner.scanJars At least one JAR was scanned for TLDs yet contained no TLDs. Enable debug logging for this logger for a complete list of JARs that were scanned but no TLDs were found in them. Skipping unneeded JARs during scanning can improve startup time and JSP compilation time.
17-Mar-2025 14:25:50.194 WARNING [localhost-startStop-1] org.apache.catalina.util.SessionIdGeneratorBase.createSecureRandom Creation of SecureRandom instance for session ID generation using [SHA1PRNG] took [191] milliseconds.
17-Mar-2025 14:25:50.208 INFO [localhost-startStop-1] org.apache.catalina.startup.HostConfig.deployDescriptor Deployment of deployment descriptor [C:\Users\ducmi\OneDrive\Documents\GitHub\PRJ301\IDE\apache-tomcat-8.5.99\conf\Catalina\localhost\Final_Project.xml] has finished in [694] ms
17-Mar-2025 14:25:50.208 INFO [localhost-startStop-1] org.apache.catalina.startup.HostConfig.deployDescriptor Deploying deployment descriptor [C:\Users\ducmi\OneDrive\Documents\GitHub\PRJ301\IDE\apache-tomcat-8.5.99\conf\Catalina\localhost\Online_Examination.xml]
17-Mar-2025 14:25:50.209 WARNING [localhost-startStop-1] org.apache.catalina.startup.HostConfig.deployDescriptor The path attribute with value [/Online_Examination] in deployment descriptor [C:\Users\ducmi\OneDrive\Documents\GitHub\PRJ301\IDE\apache-tomcat-8.5.99\conf\Catalina\localhost\Online_Examination.xml] has been ignored
17-Mar-2025 14:25:50.433 INFO [localhost-startStop-1] org.apache.jasper.servlet.TldScanner.scanJars At least one JAR was scanned for TLDs yet contained no TLDs. Enable debug logging for this logger for a complete list of JARs that were scanned but no TLDs were found in them. Skipping unneeded JARs during scanning can improve startup time and JSP compilation time.
17-Mar-2025 14:25:50.515 INFO [localhost-startStop-1] org.apache.catalina.startup.HostConfig.deployDescriptor Deployment of deployment descriptor [C:\Users\ducmi\OneDrive\Documents\GitHub\PRJ301\IDE\apache-tomcat-8.5.99\conf\Catalina\localhost\Online_Examination.xml] has finished in [307] ms
17-Mar-2025 14:25:50.515 INFO [localhost-startStop-1] org.apache.catalina.startup.HostConfig.deployDescriptor Deploying deployment descriptor [C:\Users\ducmi\OneDrive\Documents\GitHub\PRJ301\IDE\apache-tomcat-8.5.99\conf\Catalina\localhost\Startup_Project_Management.xml]
17-Mar-2025 14:25:50.517 WARNING [localhost-startStop-1] org.apache.catalina.startup.HostConfig.deployDescriptor The path attribute with value [/Startup_Project_Management] in deployment descriptor [C:\Users\ducmi\OneDrive\Documents\GitHub\PRJ301\IDE\apache-tomcat-8.5.99\conf\Catalina\localhost\Startup_Project_Management.xml] has been ignored
17-Mar-2025 14:25:50.625 INFO [localhost-startStop-1] org.apache.jasper.servlet.TldScanner.scanJars At least one JAR was scanned for TLDs yet contained no TLDs. Enable debug logging for this logger for a complete list of JARs that were scanned but no TLDs were found in them. Skipping unneeded JARs during scanning can improve startup time and JSP compilation time.
17-Mar-2025 14:25:50.629 INFO [localhost-startStop-1] org.apache.catalina.startup.HostConfig.deployDescriptor Deployment of deployment descriptor [C:\Users\ducmi\OneDrive\Documents\GitHub\PRJ301\IDE\apache-tomcat-8.5.99\conf\Catalina\localhost\Startup_Project_Management.xml] has finished in [114] ms
17-Mar-2025 14:25:50.629 INFO [localhost-startStop-1] org.apache.catalina.startup.HostConfig.deployDescriptor Deploying deployment descriptor [C:\Users\ducmi\OneDrive\Documents\GitHub\PRJ301\IDE\apache-tomcat-8.5.99\conf\Catalina\localhost\WebApplication_14.xml]
17-Mar-2025 14:25:50.630 WARNING [localhost-startStop-1] org.apache.catalina.startup.HostConfig.deployDescriptor The path attribute with value [/WebApplication_14] in deployment descriptor [C:\Users\ducmi\OneDrive\Documents\GitHub\PRJ301\IDE\apache-tomcat-8.5.99\conf\Catalina\localhost\WebApplication_14.xml] has been ignored
17-Mar-2025 14:25:50.845 INFO [localhost-startStop-1] org.apache.jasper.servlet.TldScanner.scanJars At least one JAR was scanned for TLDs yet contained no TLDs. Enable debug logging for this logger for a complete list of JARs that were scanned but no TLDs were found in them. Skipping unneeded JARs during scanning can improve startup time and JSP compilation time.
17-Mar-2025 14:25:50.859 INFO [localhost-startStop-1] org.apache.catalina.startup.HostConfig.deployDescriptor Deployment of deployment descriptor [C:\Users\ducmi\OneDrive\Documents\GitHub\PRJ301\IDE\apache-tomcat-8.5.99\conf\Catalina\localhost\WebApplication_14.xml] has finished in [230] ms
17-Mar-2025 14:25:50.860 INFO [localhost-startStop-1] org.apache.catalina.startup.HostConfig.deployDescriptor Deploying deployment descriptor [C:\Users\ducmi\OneDrive\Documents\GitHub\PRJ301\IDE\apache-tomcat-8.5.99\conf\Catalina\localhost\WebApplication_15.xml]
17-Mar-2025 14:25:50.861 WARNING [localhost-startStop-1] org.apache.catalina.startup.HostConfig.deployDescriptor The path attribute with value [/WebApplication_15] in deployment descriptor [C:\Users\ducmi\OneDrive\Documents\GitHub\PRJ301\IDE\apache-tomcat-8.5.99\conf\Catalina\localhost\WebApplication_15.xml] has been ignored
17-Mar-2025 14:25:51.038 INFO [localhost-startStop-1] org.apache.jasper.servlet.TldScanner.scanJars At least one JAR was scanned for TLDs yet contained no TLDs. Enable debug logging for this logger for a complete list of JARs that were scanned but no TLDs were found in them. Skipping unneeded JARs during scanning can improve startup time and JSP compilation time.
17-Mar-2025 14:25:51.051 INFO [localhost-startStop-1] org.apache.catalina.startup.HostConfig.deployDescriptor Deployment of deployment descriptor [C:\Users\ducmi\OneDrive\Documents\GitHub\PRJ301\IDE\apache-tomcat-8.5.99\conf\Catalina\localhost\WebApplication_15.xml] has finished in [191] ms
17-Mar-2025 14:25:51.053 INFO [localhost-startStop-1] org.apache.catalina.startup.HostConfig.deployDescriptor Deploying deployment descriptor [C:\Users\ducmi\OneDrive\Documents\GitHub\PRJ301\IDE\apache-tomcat-8.5.99\conf\Catalina\localhost\WebApplication_16.xml]
17-Mar-2025 14:25:51.054 WARNING [localhost-startStop-1] org.apache.catalina.startup.HostConfig.deployDescriptor The path attribute with value [/WebApplication_16] in deployment descriptor [C:\Users\ducmi\OneDrive\Documents\GitHub\PRJ301\IDE\apache-tomcat-8.5.99\conf\Catalina\localhost\WebApplication_16.xml] has been ignored
17-Mar-2025 14:25:51.252 INFO [localhost-startStop-1] org.apache.jasper.servlet.TldScanner.scanJars At least one JAR was scanned for TLDs yet contained no TLDs. Enable debug logging for this logger for a complete list of JARs that were scanned but no TLDs were found in them. Skipping unneeded JARs during scanning can improve startup time and JSP compilation time.
17-Mar-2025 14:25:51.268 INFO [localhost-startStop-1] org.apache.catalina.startup.HostConfig.deployDescriptor Deployment of deployment descriptor [C:\Users\ducmi\OneDrive\Documents\GitHub\PRJ301\IDE\apache-tomcat-8.5.99\conf\Catalina\localhost\WebApplication_16.xml] has finished in [215] ms
17-Mar-2025 14:25:51.268 INFO [localhost-startStop-1] org.apache.catalina.startup.HostConfig.deployDescriptor Deploying deployment descriptor [C:\Users\ducmi\OneDrive\Documents\GitHub\PRJ301\IDE\apache-tomcat-8.5.99\conf\Catalina\localhost\WebApplication_16_b.xml]
17-Mar-2025 14:25:51.269 WARNING [localhost-startStop-1] org.apache.catalina.startup.HostConfig.deployDescriptor The path attribute with value [/WebApplication_16_b] in deployment descriptor [C:\Users\ducmi\OneDrive\Documents\GitHub\PRJ301\IDE\apache-tomcat-8.5.99\conf\Catalina\localhost\WebApplication_16_b.xml] has been ignored
17-Mar-2025 14:25:51.455 INFO [localhost-startStop-1] org.apache.jasper.servlet.TldScanner.scanJars At least one JAR was scanned for TLDs yet contained no TLDs. Enable debug logging for this logger for a complete list of JARs that were scanned but no TLDs were found in them. Skipping unneeded JARs during scanning can improve startup time and JSP compilation time.
17-Mar-2025 14:25:51.468 INFO [localhost-startStop-1] org.apache.catalina.startup.HostConfig.deployDescriptor Deployment of deployment descriptor [C:\Users\ducmi\OneDrive\Documents\GitHub\PRJ301\IDE\apache-tomcat-8.5.99\conf\Catalina\localhost\WebApplication_16_b.xml] has finished in [200] ms
17-Mar-2025 14:25:51.469 INFO [localhost-startStop-1] org.apache.catalina.startup.HostConfig.deployDirectory Deploying web application directory [C:\Users\ducmi\OneDrive\Documents\GitHub\PRJ301\IDE\apache-tomcat-8.5.99\webapps\docs]
17-Mar-2025 14:25:51.488 INFO [localhost-startStop-1] org.apache.catalina.startup.HostConfig.deployDirectory Deployment of web application directory [C:\Users\ducmi\OneDrive\Documents\GitHub\PRJ301\IDE\apache-tomcat-8.5.99\webapps\docs] has finished in [19] ms
17-Mar-2025 14:25:51.488 INFO [localhost-startStop-1] org.apache.catalina.startup.HostConfig.deployDirectory Deploying web application directory [C:\Users\ducmi\OneDrive\Documents\GitHub\PRJ301\IDE\apache-tomcat-8.5.99\webapps\examples]
17-Mar-2025 14:25:51.746 INFO [localhost-startStop-1] org.apache.catalina.startup.HostConfig.deployDirectory Deployment of web application directory [C:\Users\ducmi\OneDrive\Documents\GitHub\PRJ301\IDE\apache-tomcat-8.5.99\webapps\examples] has finished in [258] ms
17-Mar-2025 14:25:51.746 INFO [localhost-startStop-1] org.apache.catalina.startup.HostConfig.deployDirectory Deploying web application directory [C:\Users\ducmi\OneDrive\Documents\GitHub\PRJ301\IDE\apache-tomcat-8.5.99\webapps\host-manager]
17-Mar-2025 14:25:51.768 INFO [localhost-startStop-1] org.apache.catalina.startup.HostConfig.deployDirectory Deployment of web application directory [C:\Users\ducmi\OneDrive\Documents\GitHub\PRJ301\IDE\apache-tomcat-8.5.99\webapps\host-manager] has finished in [22] ms
17-Mar-2025 14:25:51.769 INFO [localhost-startStop-1] org.apache.catalina.startup.HostConfig.deployDirectory Deploying web application directory [C:\Users\ducmi\OneDrive\Documents\GitHub\PRJ301\IDE\apache-tomcat-8.5.99\webapps\manager]
17-Mar-2025 14:25:51.788 INFO [localhost-startStop-1] org.apache.catalina.startup.HostConfig.deployDirectory Deployment of web application directory [C:\Users\ducmi\OneDrive\Documents\GitHub\PRJ301\IDE\apache-tomcat-8.5.99\webapps\manager] has finished in [19] ms
17-Mar-2025 14:25:51.788 INFO [localhost-startStop-1] org.apache.catalina.startup.HostConfig.deployDirectory Deploying web application directory [C:\Users\ducmi\OneDrive\Documents\GitHub\PRJ301\IDE\apache-tomcat-8.5.99\webapps\ROOT]
17-Mar-2025 14:25:51.803 INFO [localhost-startStop-1] org.apache.catalina.startup.HostConfig.deployDirectory Deployment of web application directory [C:\Users\ducmi\OneDrive\Documents\GitHub\PRJ301\IDE\apache-tomcat-8.5.99\webapps\ROOT] has finished in [15] ms
17-Mar-2025 14:25:51.818 INFO [main] org.apache.coyote.AbstractProtocol.start Starting ProtocolHandler ["http-nio-8080"]
17-Mar-2025 14:25:51.837 INFO [main] org.apache.catalina.startup.Catalina.start Server startup in 2355 ms
17-Mar-2025 14:25:54.423 INFO [http-nio-8080-exec-10] org.apache.catalina.startup.HostConfig.deployDescriptor Deploying deployment descriptor [C:\Users\ducmi\OneDrive\Documents\GitHub\PRJ301\IDE\apache-tomcat-8.5.99\conf\Catalina\localhost\WebApplication_17.xml]
17-Mar-2025 14:25:54.424 WARNING [http-nio-8080-exec-10] org.apache.catalina.startup.HostConfig.deployDescriptor The path attribute with value [/WebApplication_17] in deployment descriptor [C:\Users\ducmi\OneDrive\Documents\GitHub\PRJ301\IDE\apache-tomcat-8.5.99\conf\Catalina\localhost\WebApplication_17.xml] has been ignored
17-Mar-2025 14:25:54.615 INFO [http-nio-8080-exec-10] org.apache.jasper.servlet.TldScanner.scanJars At least one JAR was scanned for TLDs yet contained no TLDs. Enable debug logging for this logger for a complete list of JARs that were scanned but no TLDs were found in them. Skipping unneeded JARs during scanning can improve startup time and JSP compilation time.
17-Mar-2025 14:25:54.621 INFO [http-nio-8080-exec-10] org.apache.catalina.startup.HostConfig.deployDescriptor Deployment of deployment descriptor [C:\Users\ducmi\OneDrive\Documents\GitHub\PRJ301\IDE\apache-tomcat-8.5.99\conf\Catalina\localhost\WebApplication_17.xml] has finished in [198] ms
17-Mar-2025 14:25:54.625 INFO [http-nio-8080-exec-1] org.apache.catalina.util.LifecycleBase.start The start() method was called on component [StandardEngine[Catalina].StandardHost[localhost].StandardContext[/WebApplication_17]] after start() had already been called. The second call will be ignored.
17-Mar-2025 14:26:59.808 SEVERE [http-nio-8080-exec-1] dao.UserDAO.readByID null
	com.microsoft.sqlserver.jdbc.SQLServerException: The column name email is not valid.
		at com.microsoft.sqlserver.jdbc.SQLServerException.makeFromDriverError(SQLServerException.java:190)
		at com.microsoft.sqlserver.jdbc.SQLServerResultSet.findColumn(SQLServerResultSet.java:656)
		at com.microsoft.sqlserver.jdbc.SQLServerResultSet.getString(SQLServerResultSet.java:2401)
		at dao.UserDAO.readByID(UserDAO.java:90)
		at utils.AuthUtils.getUser(AuthUtils.java:23)
		at utils.AuthUtils.isValidLogin(AuthUtils.java:28)
		at controller.MainController.processLogin(MainController.java:43)
		at controller.MainController.processRequest(MainController.java:315)
		at controller.MainController.doPost(MainController.java:368)
		at javax.servlet.http.HttpServlet.service(HttpServlet.java:515)
		at javax.servlet.http.HttpServlet.service(HttpServlet.java:583)
		at org.apache.catalina.core.ApplicationFilterChain.internalDoFilter(ApplicationFilterChain.java:212)
		at org.apache.catalina.core.ApplicationFilterChain.doFilter(ApplicationFilterChain.java:156)
		at org.apache.tomcat.websocket.server.WsFilter.doFilter(WsFilter.java:51)
		at org.apache.catalina.core.ApplicationFilterChain.internalDoFilter(ApplicationFilterChain.java:181)
		at org.apache.catalina.core.ApplicationFilterChain.doFilter(ApplicationFilterChain.java:156)
		at org.apache.catalina.core.StandardWrapperValve.invoke(StandardWrapperValve.java:168)
		at org.apache.catalina.core.StandardContextValve.invoke(StandardContextValve.java:90)
		at org.apache.catalina.authenticator.AuthenticatorBase.invoke(AuthenticatorBase.java:483)
		at org.apache.catalina.core.StandardHostValve.invoke(StandardHostValve.java:130)
		at org.apache.catalina.valves.ErrorReportValve.invoke(ErrorReportValve.java:93)
		at org.apache.catalina.valves.AbstractAccessLogValve.invoke(AbstractAccessLogValve.java:679)
		at org.apache.catalina.core.StandardEngineValve.invoke(StandardEngineValve.java:74)
		at org.apache.catalina.connector.CoyoteAdapter.service(CoyoteAdapter.java:346)
		at org.apache.coyote.http11.Http11Processor.service(Http11Processor.java:617)
		at org.apache.coyote.AbstractProcessorLight.process(AbstractProcessorLight.java:63)
		at org.apache.coyote.AbstractProtocol$ConnectionHandler.process(AbstractProtocol.java:934)
		at org.apache.tomcat.util.net.NioEndpoint$SocketProcessor.doRun(NioEndpoint.java:1698)
		at org.apache.tomcat.util.net.SocketProcessorBase.run(SocketProcessorBase.java:52)
		at org.apache.tomcat.util.threads.ThreadPoolExecutor.runWorker(ThreadPoolExecutor.java:1191)
		at org.apache.tomcat.util.threads.ThreadPoolExecutor$Worker.run(ThreadPoolExecutor.java:659)
		at org.apache.tomcat.util.threads.TaskThread$WrappingRunnable.run(TaskThread.java:63)
		at java.lang.Thread.run(Thread.java:748)
17-Mar-2025 14:27:01.166 SEVERE [http-nio-8080-exec-4] dao.UserDAO.readByID null
	com.microsoft.sqlserver.jdbc.SQLServerException: The column name email is not valid.
		at com.microsoft.sqlserver.jdbc.SQLServerException.makeFromDriverError(SQLServerException.java:190)
		at com.microsoft.sqlserver.jdbc.SQLServerResultSet.findColumn(SQLServerResultSet.java:656)
		at com.microsoft.sqlserver.jdbc.SQLServerResultSet.getString(SQLServerResultSet.java:2401)
		at dao.UserDAO.readByID(UserDAO.java:90)
		at utils.AuthUtils.getUser(AuthUtils.java:23)
		at utils.AuthUtils.isValidLogin(AuthUtils.java:28)
		at controller.MainController.processLogin(MainController.java:43)
		at controller.MainController.processRequest(MainController.java:315)
		at controller.MainController.doPost(MainController.java:368)
		at javax.servlet.http.HttpServlet.service(HttpServlet.java:515)
		at javax.servlet.http.HttpServlet.service(HttpServlet.java:583)
		at org.apache.catalina.core.ApplicationFilterChain.internalDoFilter(ApplicationFilterChain.java:212)
		at org.apache.catalina.core.ApplicationFilterChain.doFilter(ApplicationFilterChain.java:156)
		at org.apache.tomcat.websocket.server.WsFilter.doFilter(WsFilter.java:51)
		at org.apache.catalina.core.ApplicationFilterChain.internalDoFilter(ApplicationFilterChain.java:181)
		at org.apache.catalina.core.ApplicationFilterChain.doFilter(ApplicationFilterChain.java:156)
		at org.apache.catalina.core.StandardWrapperValve.invoke(StandardWrapperValve.java:168)
		at org.apache.catalina.core.StandardContextValve.invoke(StandardContextValve.java:90)
		at org.apache.catalina.authenticator.AuthenticatorBase.invoke(AuthenticatorBase.java:483)
		at org.apache.catalina.core.StandardHostValve.invoke(StandardHostValve.java:130)
		at org.apache.catalina.valves.ErrorReportValve.invoke(ErrorReportValve.java:93)
		at org.apache.catalina.valves.AbstractAccessLogValve.invoke(AbstractAccessLogValve.java:679)
		at org.apache.catalina.core.StandardEngineValve.invoke(StandardEngineValve.java:74)
		at org.apache.catalina.connector.CoyoteAdapter.service(CoyoteAdapter.java:346)
		at org.apache.coyote.http11.Http11Processor.service(Http11Processor.java:617)
		at org.apache.coyote.AbstractProcessorLight.process(AbstractProcessorLight.java:63)
		at org.apache.coyote.AbstractProtocol$ConnectionHandler.process(AbstractProtocol.java:934)
		at org.apache.tomcat.util.net.NioEndpoint$SocketProcessor.doRun(NioEndpoint.java:1698)
		at org.apache.tomcat.util.net.SocketProcessorBase.run(SocketProcessorBase.java:52)
		at org.apache.tomcat.util.threads.ThreadPoolExecutor.runWorker(ThreadPoolExecutor.java:1191)
		at org.apache.tomcat.util.threads.ThreadPoolExecutor$Worker.run(ThreadPoolExecutor.java:659)
		at org.apache.tomcat.util.threads.TaskThread$WrappingRunnable.run(TaskThread.java:63)
		at java.lang.Thread.run(Thread.java:748)
17-Mar-2025 14:27:05.945 SEVERE [http-nio-8080-exec-2] dao.UserDAO.readByID null
	com.microsoft.sqlserver.jdbc.SQLServerException: The column name email is not valid.
		at com.microsoft.sqlserver.jdbc.SQLServerException.makeFromDriverError(SQLServerException.java:190)
		at com.microsoft.sqlserver.jdbc.SQLServerResultSet.findColumn(SQLServerResultSet.java:656)
		at com.microsoft.sqlserver.jdbc.SQLServerResultSet.getString(SQLServerResultSet.java:2401)
		at dao.UserDAO.readByID(UserDAO.java:90)
		at utils.AuthUtils.getUser(AuthUtils.java:23)
		at utils.AuthUtils.isValidLogin(AuthUtils.java:28)
		at controller.MainController.processLogin(MainController.java:43)
		at controller.MainController.processRequest(MainController.java:315)
		at controller.MainController.doPost(MainController.java:368)
		at javax.servlet.http.HttpServlet.service(HttpServlet.java:515)
		at javax.servlet.http.HttpServlet.service(HttpServlet.java:583)
		at org.apache.catalina.core.ApplicationFilterChain.internalDoFilter(ApplicationFilterChain.java:212)
		at org.apache.catalina.core.ApplicationFilterChain.doFilter(ApplicationFilterChain.java:156)
		at org.apache.tomcat.websocket.server.WsFilter.doFilter(WsFilter.java:51)
		at org.apache.catalina.core.ApplicationFilterChain.internalDoFilter(ApplicationFilterChain.java:181)
		at org.apache.catalina.core.ApplicationFilterChain.doFilter(ApplicationFilterChain.java:156)
		at org.apache.catalina.core.StandardWrapperValve.invoke(StandardWrapperValve.java:168)
		at org.apache.catalina.core.StandardContextValve.invoke(StandardContextValve.java:90)
		at org.apache.catalina.authenticator.AuthenticatorBase.invoke(AuthenticatorBase.java:483)
		at org.apache.catalina.core.StandardHostValve.invoke(StandardHostValve.java:130)
		at org.apache.catalina.valves.ErrorReportValve.invoke(ErrorReportValve.java:93)
		at org.apache.catalina.valves.AbstractAccessLogValve.invoke(AbstractAccessLogValve.java:679)
		at org.apache.catalina.core.StandardEngineValve.invoke(StandardEngineValve.java:74)
		at org.apache.catalina.connector.CoyoteAdapter.service(CoyoteAdapter.java:346)
		at org.apache.coyote.http11.Http11Processor.service(Http11Processor.java:617)
		at org.apache.coyote.AbstractProcessorLight.process(AbstractProcessorLight.java:63)
		at org.apache.coyote.AbstractProtocol$ConnectionHandler.process(AbstractProtocol.java:934)
		at org.apache.tomcat.util.net.NioEndpoint$SocketProcessor.doRun(NioEndpoint.java:1698)
		at org.apache.tomcat.util.net.SocketProcessorBase.run(SocketProcessorBase.java:52)
		at org.apache.tomcat.util.threads.ThreadPoolExecutor.runWorker(ThreadPoolExecutor.java:1191)
		at org.apache.tomcat.util.threads.ThreadPoolExecutor$Worker.run(ThreadPoolExecutor.java:659)
		at org.apache.tomcat.util.threads.TaskThread$WrappingRunnable.run(TaskThread.java:63)
		at java.lang.Thread.run(Thread.java:748)
17-Mar-2025 14:27:23.260 INFO [http-nio-8080-exec-8] org.apache.catalina.core.StandardContext.reload Reloading Context with name [/WebApplication_17] has started
17-Mar-2025 14:27:23.297 WARNING [http-nio-8080-exec-8] org.apache.catalina.loader.WebappClassLoaderBase.clearReferencesJdbc The web application [WebApplication_17] registered the JDBC driver [com.microsoft.sqlserver.jdbc.SQLServerDriver] but failed to unregister it when the web application was stopped. To prevent a memory leak, the JDBC Driver has been forcibly unregistered.
17-Mar-2025 14:27:23.306 SEVERE [http-nio-8080-exec-8] org.apache.catalina.loader.WebappClassLoaderBase.checkThreadLocalMapForLeaks The web application [WebApplication_17] created a ThreadLocal with key of type [com.microsoft.sqlserver.jdbc.ActivityCorrelator$1] (value [com.microsoft.sqlserver.jdbc.ActivityCorrelator$1@64c9ce52]) and a value of type [com.microsoft.sqlserver.jdbc.ActivityId] (value [b8c56ce1-7861-44f1-91a2-a6085c80e7a3-1]) but failed to remove it when the web application was stopped. Threads are going to be renewed over time to try and avoid a probable memory leak.
17-Mar-2025 14:27:23.307 SEVERE [http-nio-8080-exec-8] org.apache.catalina.loader.WebappClassLoaderBase.checkThreadLocalMapForLeaks The web application [WebApplication_17] created a ThreadLocal with key of type [com.microsoft.sqlserver.jdbc.ActivityCorrelator$1] (value [com.microsoft.sqlserver.jdbc.ActivityCorrelator$1@64c9ce52]) and a value of type [com.microsoft.sqlserver.jdbc.ActivityId] (value [ca490fa3-81c4-4fef-b957-4711be77e1fa-1]) but failed to remove it when the web application was stopped. Threads are going to be renewed over time to try and avoid a probable memory leak.
17-Mar-2025 14:27:23.309 SEVERE [http-nio-8080-exec-8] org.apache.catalina.loader.WebappClassLoaderBase.checkThreadLocalMapForLeaks The web application [WebApplication_17] created a ThreadLocal with key of type [com.microsoft.sqlserver.jdbc.ActivityCorrelator$1] (value [com.microsoft.sqlserver.jdbc.ActivityCorrelator$1@64c9ce52]) and a value of type [com.microsoft.sqlserver.jdbc.ActivityId] (value [8d114ea1-82aa-4a56-b273-ed26b2cf5eeb-1]) but failed to remove it when the web application was stopped. Threads are going to be renewed over time to try and avoid a probable memory leak.
17-Mar-2025 14:27:25.188 INFO [http-nio-8080-exec-8] org.apache.jasper.servlet.TldScanner.scanJars At least one JAR was scanned for TLDs yet contained no TLDs. Enable debug logging for this logger for a complete list of JARs that were scanned but no TLDs were found in them. Skipping unneeded JARs during scanning can improve startup time and JSP compilation time.
17-Mar-2025 14:27:25.234 INFO [http-nio-8080-exec-8] org.apache.catalina.core.StandardContext.reload Reloading Context with name [/WebApplication_17] is completed
17-Mar-2025 14:27:31.672 SEVERE [http-nio-8080-exec-4] dao.UserDAO.readByID null
	com.microsoft.sqlserver.jdbc.SQLServerException: The column name email is not valid.
		at com.microsoft.sqlserver.jdbc.SQLServerException.makeFromDriverError(SQLServerException.java:190)
		at com.microsoft.sqlserver.jdbc.SQLServerResultSet.findColumn(SQLServerResultSet.java:656)
		at com.microsoft.sqlserver.jdbc.SQLServerResultSet.getString(SQLServerResultSet.java:2401)
		at dao.UserDAO.readByID(UserDAO.java:90)
		at utils.AuthUtils.getUser(AuthUtils.java:23)
		at utils.AuthUtils.isValidLogin(AuthUtils.java:28)
		at controller.MainController.processLogin(MainController.java:43)
		at controller.MainController.processRequest(MainController.java:315)
		at controller.MainController.doPost(MainController.java:368)
		at javax.servlet.http.HttpServlet.service(HttpServlet.java:515)
		at javax.servlet.http.HttpServlet.service(HttpServlet.java:583)
		at org.apache.catalina.core.ApplicationFilterChain.internalDoFilter(ApplicationFilterChain.java:212)
		at org.apache.catalina.core.ApplicationFilterChain.doFilter(ApplicationFilterChain.java:156)
		at org.apache.tomcat.websocket.server.WsFilter.doFilter(WsFilter.java:51)
		at org.apache.catalina.core.ApplicationFilterChain.internalDoFilter(ApplicationFilterChain.java:181)
		at org.apache.catalina.core.ApplicationFilterChain.doFilter(ApplicationFilterChain.java:156)
		at org.apache.catalina.core.StandardWrapperValve.invoke(StandardWrapperValve.java:168)
		at org.apache.catalina.core.StandardContextValve.invoke(StandardContextValve.java:90)
		at org.apache.catalina.authenticator.AuthenticatorBase.invoke(AuthenticatorBase.java:483)
		at org.apache.catalina.core.StandardHostValve.invoke(StandardHostValve.java:130)
		at org.apache.catalina.valves.ErrorReportValve.invoke(ErrorReportValve.java:93)
		at org.apache.catalina.valves.AbstractAccessLogValve.invoke(AbstractAccessLogValve.java:679)
		at org.apache.catalina.core.StandardEngineValve.invoke(StandardEngineValve.java:74)
		at org.apache.catalina.connector.CoyoteAdapter.service(CoyoteAdapter.java:346)
		at org.apache.coyote.http11.Http11Processor.service(Http11Processor.java:617)
		at org.apache.coyote.AbstractProcessorLight.process(AbstractProcessorLight.java:63)
		at org.apache.coyote.AbstractProtocol$ConnectionHandler.process(AbstractProtocol.java:934)
		at org.apache.tomcat.util.net.NioEndpoint$SocketProcessor.doRun(NioEndpoint.java:1698)
		at org.apache.tomcat.util.net.SocketProcessorBase.run(SocketProcessorBase.java:52)
		at org.apache.tomcat.util.threads.ThreadPoolExecutor.runWorker(ThreadPoolExecutor.java:1191)
		at org.apache.tomcat.util.threads.ThreadPoolExecutor$Worker.run(ThreadPoolExecutor.java:659)
		at org.apache.tomcat.util.threads.TaskThread$WrappingRunnable.run(TaskThread.java:63)
		at java.lang.Thread.run(Thread.java:748)
17-Mar-2025 14:27:40.314 SEVERE [http-nio-8080-exec-9] dao.UserDAO.readByID null
	com.microsoft.sqlserver.jdbc.SQLServerException: The column name email is not valid.
		at com.microsoft.sqlserver.jdbc.SQLServerException.makeFromDriverError(SQLServerException.java:190)
		at com.microsoft.sqlserver.jdbc.SQLServerResultSet.findColumn(SQLServerResultSet.java:656)
		at com.microsoft.sqlserver.jdbc.SQLServerResultSet.getString(SQLServerResultSet.java:2401)
		at dao.UserDAO.readByID(UserDAO.java:90)
		at utils.AuthUtils.getUser(AuthUtils.java:23)
		at utils.AuthUtils.isValidLogin(AuthUtils.java:28)
		at controller.MainController.processLogin(MainController.java:43)
		at controller.MainController.processRequest(MainController.java:315)
		at controller.MainController.doPost(MainController.java:368)
		at javax.servlet.http.HttpServlet.service(HttpServlet.java:515)
		at javax.servlet.http.HttpServlet.service(HttpServlet.java:583)
		at org.apache.catalina.core.ApplicationFilterChain.internalDoFilter(ApplicationFilterChain.java:212)
		at org.apache.catalina.core.ApplicationFilterChain.doFilter(ApplicationFilterChain.java:156)
		at org.apache.tomcat.websocket.server.WsFilter.doFilter(WsFilter.java:51)
		at org.apache.catalina.core.ApplicationFilterChain.internalDoFilter(ApplicationFilterChain.java:181)
		at org.apache.catalina.core.ApplicationFilterChain.doFilter(ApplicationFilterChain.java:156)
		at org.apache.catalina.core.StandardWrapperValve.invoke(StandardWrapperValve.java:168)
		at org.apache.catalina.core.StandardContextValve.invoke(StandardContextValve.java:90)
		at org.apache.catalina.authenticator.AuthenticatorBase.invoke(AuthenticatorBase.java:483)
		at org.apache.catalina.core.StandardHostValve.invoke(StandardHostValve.java:130)
		at org.apache.catalina.valves.ErrorReportValve.invoke(ErrorReportValve.java:93)
		at org.apache.catalina.valves.AbstractAccessLogValve.invoke(AbstractAccessLogValve.java:679)
		at org.apache.catalina.core.StandardEngineValve.invoke(StandardEngineValve.java:74)
		at org.apache.catalina.connector.CoyoteAdapter.service(CoyoteAdapter.java:346)
		at org.apache.coyote.http11.Http11Processor.service(Http11Processor.java:617)
		at org.apache.coyote.AbstractProcessorLight.process(AbstractProcessorLight.java:63)
		at org.apache.coyote.AbstractProtocol$ConnectionHandler.process(AbstractProtocol.java:934)
		at org.apache.tomcat.util.net.NioEndpoint$SocketProcessor.doRun(NioEndpoint.java:1698)
		at org.apache.tomcat.util.net.SocketProcessorBase.run(SocketProcessorBase.java:52)
		at org.apache.tomcat.util.threads.ThreadPoolExecutor.runWorker(ThreadPoolExecutor.java:1191)
		at org.apache.tomcat.util.threads.ThreadPoolExecutor$Worker.run(ThreadPoolExecutor.java:659)
		at org.apache.tomcat.util.threads.TaskThread$WrappingRunnable.run(TaskThread.java:63)
		at java.lang.Thread.run(Thread.java:748)
17-Mar-2025 14:28:37.752 INFO [http-nio-8080-exec-1] org.apache.catalina.core.StandardContext.reload Reloading Context with name [/WebApplication_17] has started
17-Mar-2025 14:28:37.760 WARNING [http-nio-8080-exec-1] org.apache.catalina.loader.WebappClassLoaderBase.clearReferencesJdbc The web application [WebApplication_17] registered the JDBC driver [com.microsoft.sqlserver.jdbc.SQLServerDriver] but failed to unregister it when the web application was stopped. To prevent a memory leak, the JDBC Driver has been forcibly unregistered.
17-Mar-2025 14:28:37.998 INFO [http-nio-8080-exec-1] org.apache.jasper.servlet.TldScanner.scanJars At least one JAR was scanned for TLDs yet contained no TLDs. Enable debug logging for this logger for a complete list of JARs that were scanned but no TLDs were found in them. Skipping unneeded JARs during scanning can improve startup time and JSP compilation time.
17-Mar-2025 14:28:38.005 INFO [http-nio-8080-exec-1] org.apache.catalina.core.StandardContext.reload Reloading Context with name [/WebApplication_17] is completed
17-Mar-2025 15:08:33.939 INFO [main] org.apache.catalina.core.StandardServer.await A valid shutdown command was received via the shutdown port. Stopping the Server instance.
17-Mar-2025 15:08:33.941 INFO [main] org.apache.coyote.AbstractProtocol.pause Pausing ProtocolHandler ["http-nio-8080"]
17-Mar-2025 15:08:34.518 INFO [main] org.apache.catalina.core.StandardService.stopInternal Stopping service [Catalina]
17-Mar-2025 15:08:34.554 INFO [main] org.apache.coyote.AbstractProtocol.stop Stopping ProtocolHandler ["http-nio-8080"]
17-Mar-2025 15:08:34.565 INFO [main] org.apache.coyote.AbstractProtocol.destroy Destroying ProtocolHandler ["http-nio-8080"]
