20-Mar-2025 09:33:42.131 INFO [http-nio-8080-exec-5] org.apache.catalina.core.ApplicationContext.log Manager: init: Associated with Deployer 'Catalina:type=Deployer,host=localhost'
20-Mar-2025 09:33:42.133 INFO [http-nio-8080-exec-5] org.apache.catalina.core.ApplicationContext.log Manager: init: Global resources are available
20-Mar-2025 09:33:42.420 INFO [http-nio-8080-exec-8] org.apache.catalina.core.ApplicationContext.log Manager: list: Listing contexts for virtual host 'localhost'
20-Mar-2025 09:33:42.425 INFO [http-nio-8080-exec-4] org.apache.catalina.core.ApplicationContext.log Manager: list: Listing contexts for virtual host 'localhost'
20-Mar-2025 09:33:42.536 INFO [http-nio-8080-exec-7] org.apache.catalina.core.ApplicationContext.log Manager: restart: Reloading web application '/Online_Examination'
20-Mar-2025 09:34:02.351 INFO [http-nio-8080-exec-8] org.apache.catalina.core.ApplicationContext.log Manager: list: Listing contexts for virtual host 'localhost'
20-Mar-2025 09:34:02.358 INFO [http-nio-8080-exec-13] org.apache.catalina.core.ApplicationContext.log Manager: undeploy: Undeploying web application at '/Online_Examination'
20-Mar-2025 09:37:19.599 INFO [http-nio-8080-exec-9] org.apache.catalina.core.ApplicationContext.log Manager: list: Listing contexts for virtual host 'localhost'
20-Mar-2025 09:37:19.745 INFO [http-nio-8080-exec-6] org.apache.catalina.core.ApplicationContext.log Manager: list: Listing contexts for virtual host 'localhost'
20-Mar-2025 09:37:19.745 INFO [http-nio-8080-exec-15] org.apache.catalina.core.ApplicationContext.log Manager: install: Installing context configuration at 'file:/C:/Users/ducmi/AppData/Local/Temp/context410552027593221374.xml'
20-Mar-2025 09:37:19.871 INFO [http-nio-8080-exec-19] org.apache.catalina.core.ApplicationContext.log Manager: start: Starting web application '/Workshop2_basic'
20-Mar-2025 09:44:11.748 INFO [http-nio-8080-exec-24] org.apache.catalina.core.ApplicationContext.log Manager: list: Listing contexts for virtual host 'localhost'
20-Mar-2025 09:45:46.802 INFO [http-nio-8080-exec-17] org.apache.catalina.core.ApplicationContext.log Manager: list: Listing contexts for virtual host 'localhost'
20-Mar-2025 09:46:24.443 INFO [http-nio-8080-exec-21] org.apache.catalina.core.ApplicationContext.log Manager: list: Listing contexts for virtual host 'localhost'
20-Mar-2025 09:46:29.126 INFO [http-nio-8080-exec-20] org.apache.catalina.core.ApplicationContext.log Manager: list: Listing contexts for virtual host 'localhost'
20-Mar-2025 09:46:29.134 INFO [http-nio-8080-exec-22] org.apache.catalina.core.ApplicationContext.log Manager: restart: Reloading web application '/Workshop2_basic'
20-Mar-2025 09:46:34.345 INFO [http-nio-8080-exec-17] org.apache.catalina.core.ApplicationContext.log Manager: list: Listing contexts for virtual host 'localhost'
20-Mar-2025 09:46:48.989 INFO [http-nio-8080-exec-20] org.apache.catalina.core.ApplicationContext.log Manager: list: Listing contexts for virtual host 'localhost'
20-Mar-2025 09:46:48.994 INFO [http-nio-8080-exec-24] org.apache.catalina.core.ApplicationContext.log Manager: restart: Reloading web application '/Workshop2_basic'
20-Mar-2025 09:46:53.115 INFO [http-nio-8080-exec-28] org.apache.catalina.core.ApplicationContext.log Manager: list: Listing contexts for virtual host 'localhost'
20-Mar-2025 09:46:53.123 INFO [http-nio-8080-exec-25] org.apache.catalina.core.ApplicationContext.log Manager: restart: Reloading web application '/Workshop2_basic'
20-Mar-2025 09:46:59.041 INFO [http-nio-8080-exec-24] org.apache.catalina.core.ApplicationContext.log Manager: list: Listing contexts for virtual host 'localhost'
20-Mar-2025 09:46:59.046 INFO [http-nio-8080-exec-29] org.apache.catalina.core.ApplicationContext.log Manager: restart: Reloading web application '/Workshop2_basic'
20-Mar-2025 09:47:03.473 INFO [http-nio-8080-exec-26] org.apache.catalina.core.ApplicationContext.log Manager: list: Listing contexts for virtual host 'localhost'
20-Mar-2025 09:47:03.479 INFO [http-nio-8080-exec-28] org.apache.catalina.core.ApplicationContext.log Manager: restart: Reloading web application '/Workshop2_basic'
20-Mar-2025 09:47:07.959 INFO [http-nio-8080-exec-29] org.apache.catalina.core.ApplicationContext.log Manager: list: Listing contexts for virtual host 'localhost'
20-Mar-2025 09:47:07.964 INFO [http-nio-8080-exec-31] org.apache.catalina.core.ApplicationContext.log Manager: restart: Reloading web application '/Workshop2_basic'
20-Mar-2025 09:47:12.315 INFO [http-nio-8080-exec-19] org.apache.catalina.core.ApplicationContext.log Manager: list: Listing contexts for virtual host 'localhost'
20-Mar-2025 09:47:12.321 INFO [http-nio-8080-exec-28] org.apache.catalina.core.ApplicationContext.log Manager: restart: Reloading web application '/Workshop2_basic'
20-Mar-2025 09:47:16.361 INFO [http-nio-8080-exec-19] org.apache.catalina.core.ApplicationContext.log Manager: list: Listing contexts for virtual host 'localhost'
20-Mar-2025 09:47:16.367 INFO [http-nio-8080-exec-33] org.apache.catalina.core.ApplicationContext.log Manager: restart: Reloading web application '/Workshop2_basic'
20-Mar-2025 09:47:20.458 INFO [http-nio-8080-exec-29] org.apache.catalina.core.ApplicationContext.log Manager: list: Listing contexts for virtual host 'localhost'
20-Mar-2025 09:47:20.461 INFO [http-nio-8080-exec-34] org.apache.catalina.core.ApplicationContext.log Manager: restart: Reloading web application '/Workshop2_basic'
20-Mar-2025 09:47:24.492 INFO [http-nio-8080-exec-26] org.apache.catalina.core.ApplicationContext.log Manager: list: Listing contexts for virtual host 'localhost'
20-Mar-2025 09:47:24.504 INFO [http-nio-8080-exec-29] org.apache.catalina.core.ApplicationContext.log Manager: restart: Reloading web application '/Workshop2_basic'
20-Mar-2025 09:47:31.399 INFO [http-nio-8080-exec-26] org.apache.catalina.core.ApplicationContext.log Manager: list: Listing contexts for virtual host 'localhost'
20-Mar-2025 09:47:31.404 INFO [http-nio-8080-exec-35] org.apache.catalina.core.ApplicationContext.log Manager: restart: Reloading web application '/Workshop2_basic'
20-Mar-2025 09:50:50.487 INFO [http-nio-8080-exec-43] org.apache.catalina.core.ApplicationContext.log Manager: list: Listing contexts for virtual host 'localhost'
20-Mar-2025 09:50:50.487 INFO [http-nio-8080-exec-44] org.apache.catalina.core.ApplicationContext.log Manager: list: Listing contexts for virtual host 'localhost'
20-Mar-2025 09:50:50.513 INFO [http-nio-8080-exec-46] org.apache.catalina.core.ApplicationContext.log Manager: restart: Reloading web application '/Workshop2_basic'
20-Mar-2025 09:51:15.392 INFO [http-nio-8080-exec-49] org.apache.catalina.core.ApplicationContext.log Manager: list: Listing contexts for virtual host 'localhost'
20-Mar-2025 09:51:15.395 INFO [http-nio-8080-exec-45] org.apache.catalina.core.ApplicationContext.log Manager: list: Listing contexts for virtual host 'localhost'
20-Mar-2025 09:53:35.376 INFO [http-nio-8080-exec-51] org.apache.catalina.core.ApplicationContext.log Manager: list: Listing contexts for virtual host 'localhost'
20-Mar-2025 09:53:35.377 INFO [http-nio-8080-exec-53] org.apache.catalina.core.ApplicationContext.log Manager: list: Listing contexts for virtual host 'localhost'
20-Mar-2025 09:56:32.488 INFO [http-nio-8080-exec-51] org.apache.catalina.core.ApplicationContext.log Manager: list: Listing contexts for virtual host 'localhost'
20-Mar-2025 09:56:43.974 INFO [http-nio-8080-exec-57] org.apache.catalina.core.ApplicationContext.log Manager: list: Listing contexts for virtual host 'localhost'
20-Mar-2025 10:03:21.342 INFO [http-nio-8080-exec-53] org.apache.catalina.core.ApplicationContext.log Manager: list: Listing contexts for virtual host 'localhost'
20-Mar-2025 10:03:31.673 INFO [http-nio-8080-exec-50] org.apache.catalina.core.ApplicationContext.log Manager: list: Listing contexts for virtual host 'localhost'
20-Mar-2025 10:04:31.474 INFO [http-nio-8080-exec-50] org.apache.catalina.core.ApplicationContext.log Manager: list: Listing contexts for virtual host 'localhost'
20-Mar-2025 10:04:56.454 INFO [http-nio-8080-exec-52] org.apache.catalina.core.ApplicationContext.log Manager: list: Listing contexts for virtual host 'localhost'
20-Mar-2025 11:25:03.864 INFO [http-nio-8080-exec-52] org.apache.catalina.core.ApplicationContext.log Manager: list: Listing contexts for virtual host 'localhost'
20-Mar-2025 11:25:03.874 INFO [http-nio-8080-exec-57] org.apache.catalina.core.ApplicationContext.log Manager: list: Listing contexts for virtual host 'localhost'
20-Mar-2025 11:25:03.883 INFO [http-nio-8080-exec-51] org.apache.catalina.core.ApplicationContext.log Manager: install: Installing context configuration at 'file:/C:/Users/ducmi/AppData/Local/Temp/context6561730342047655286.xml'
20-Mar-2025 11:25:03.953 INFO [http-nio-8080-exec-48] org.apache.catalina.core.ApplicationContext.log Manager: start: Starting web application '/OnlineEx'
20-Mar-2025 11:25:42.403 INFO [http-nio-8080-exec-57] org.apache.catalina.core.ApplicationContext.log Manager: list: Listing contexts for virtual host 'localhost'
20-Mar-2025 11:25:42.403 INFO [http-nio-8080-exec-51] org.apache.catalina.core.ApplicationContext.log Manager: list: Listing contexts for virtual host 'localhost'
20-Mar-2025 11:25:42.424 INFO [http-nio-8080-exec-48] org.apache.catalina.core.ApplicationContext.log Manager: restart: Reloading web application '/OnlineEx'
20-Mar-2025 11:26:51.402 INFO [http-nio-8080-exec-61] org.apache.catalina.core.ApplicationContext.log Manager: list: Listing contexts for virtual host 'localhost'
20-Mar-2025 11:26:51.402 INFO [http-nio-8080-exec-60] org.apache.catalina.core.ApplicationContext.log Manager: restart: Reloading web application '/OnlineEx'
20-Mar-2025 11:27:05.669 INFO [http-nio-8080-exec-66] org.apache.catalina.core.ApplicationContext.log Manager: list: Listing contexts for virtual host 'localhost'
20-Mar-2025 11:27:05.672 INFO [http-nio-8080-exec-63] org.apache.catalina.core.ApplicationContext.log Manager: restart: Reloading web application '/OnlineEx'
20-Mar-2025 11:27:06.082 INFO [http-nio-8080-exec-65] org.apache.catalina.core.ApplicationContext.log Manager: list: Listing contexts for virtual host 'localhost'
20-Mar-2025 11:27:06.097 INFO [http-nio-8080-exec-66] org.apache.catalina.core.ApplicationContext.log Manager: restart: Reloading web application '/OnlineEx'
20-Mar-2025 11:27:17.394 INFO [http-nio-8080-exec-58] org.apache.catalina.core.ApplicationContext.log Manager: list: Listing contexts for virtual host 'localhost'
20-Mar-2025 11:27:17.394 INFO [http-nio-8080-exec-60] org.apache.catalina.core.ApplicationContext.log Manager: restart: Reloading web application '/OnlineEx'
20-Mar-2025 11:28:34.301 INFO [http-nio-8080-exec-65] org.apache.catalina.core.ApplicationContext.log Manager: list: Listing contexts for virtual host 'localhost'
20-Mar-2025 11:28:34.303 INFO [http-nio-8080-exec-66] org.apache.catalina.core.ApplicationContext.log Manager: restart: Reloading web application '/OnlineEx'
20-Mar-2025 11:28:42.987 INFO [http-nio-8080-exec-65] org.apache.catalina.core.ApplicationContext.log Manager: list: Listing contexts for virtual host 'localhost'
20-Mar-2025 11:28:42.993 INFO [http-nio-8080-exec-62] org.apache.catalina.core.ApplicationContext.log Manager: restart: Reloading web application '/OnlineEx'
20-Mar-2025 11:28:54.430 INFO [http-nio-8080-exec-69] org.apache.catalina.core.ApplicationContext.log Manager: list: Listing contexts for virtual host 'localhost'
20-Mar-2025 11:28:54.473 INFO [http-nio-8080-exec-66] org.apache.catalina.core.ApplicationContext.log Manager: undeploy: Undeploying web application at '/OnlineEx'
20-Mar-2025 11:32:03.716 INFO [http-nio-8080-exec-75] org.apache.catalina.core.ApplicationContext.log Manager: list: Listing contexts for virtual host 'localhost'
20-Mar-2025 11:32:08.342 INFO [http-nio-8080-exec-73] org.apache.catalina.core.ApplicationContext.log Manager: list: Listing contexts for virtual host 'localhost'
20-Mar-2025 11:35:27.868 INFO [http-nio-8080-exec-71] org.apache.catalina.core.ApplicationContext.log Manager: list: Listing contexts for virtual host 'localhost'
20-Mar-2025 11:35:40.602 INFO [http-nio-8080-exec-75] org.apache.catalina.core.ApplicationContext.log Manager: list: Listing contexts for virtual host 'localhost'
20-Mar-2025 11:35:40.602 INFO [http-nio-8080-exec-80] org.apache.catalina.core.ApplicationContext.log Manager: list: Listing contexts for virtual host 'localhost'
20-Mar-2025 11:35:40.618 INFO [http-nio-8080-exec-79] org.apache.catalina.core.ApplicationContext.log Manager: install: Installing context configuration at 'file:/C:/Users/ducmi/AppData/Local/Temp/context3499619100074023399.xml'
20-Mar-2025 11:35:40.757 INFO [http-nio-8080-exec-82] org.apache.catalina.core.ApplicationContext.log Manager: start: Starting web application '/OnlineEx'
20-Mar-2025 11:35:43.233 INFO [http-nio-8080-exec-80] org.apache.catalina.core.ApplicationContext.log Manager: list: Listing contexts for virtual host 'localhost'
20-Mar-2025 11:35:43.233 INFO [http-nio-8080-exec-75] org.apache.catalina.core.ApplicationContext.log Manager: list: Listing contexts for virtual host 'localhost'
20-Mar-2025 11:37:34.282 INFO [http-nio-8080-exec-80] org.apache.catalina.core.ApplicationContext.log Manager: list: Listing contexts for virtual host 'localhost'
20-Mar-2025 11:37:34.282 INFO [http-nio-8080-exec-75] org.apache.catalina.core.ApplicationContext.log Manager: restart: Reloading web application '/OnlineEx'
20-Mar-2025 11:37:39.172 INFO [http-nio-8080-exec-74] org.apache.catalina.core.ApplicationContext.log Manager: list: Listing contexts for virtual host 'localhost'
20-Mar-2025 11:37:39.182 INFO [http-nio-8080-exec-82] org.apache.catalina.core.ApplicationContext.log Manager: restart: Reloading web application '/OnlineEx'
20-Mar-2025 11:37:57.782 INFO [http-nio-8080-exec-80] org.apache.catalina.core.ApplicationContext.log Manager: list: Listing contexts for virtual host 'localhost'
20-Mar-2025 11:37:57.783 INFO [http-nio-8080-exec-73] org.apache.catalina.core.ApplicationContext.log Manager: undeploy: Undeploying web application at '/OnlineEx'
20-Mar-2025 11:38:01.852 INFO [http-nio-8080-exec-74] org.apache.catalina.core.ApplicationContext.log Manager: list: Listing contexts for virtual host 'localhost'
20-Mar-2025 11:38:01.852 INFO [http-nio-8080-exec-82] org.apache.catalina.core.ApplicationContext.log Manager: list: Listing contexts for virtual host 'localhost'
20-Mar-2025 11:38:01.862 INFO [http-nio-8080-exec-80] org.apache.catalina.core.ApplicationContext.log Manager: install: Installing context configuration at 'file:/C:/Users/ducmi/AppData/Local/Temp/context7949634221098491530.xml'
20-Mar-2025 11:38:02.052 INFO [http-nio-8080-exec-73] org.apache.catalina.core.ApplicationContext.log Manager: start: Starting web application '/OnlineEx'
20-Mar-2025 11:43:42.396 INFO [http-nio-8080-exec-6] org.apache.catalina.core.ApplicationContext.log Manager: init: Associated with Deployer 'Catalina:type=Deployer,host=localhost'
20-Mar-2025 11:43:42.396 INFO [http-nio-8080-exec-6] org.apache.catalina.core.ApplicationContext.log Manager: init: Global resources are available
20-Mar-2025 11:43:42.658 INFO [http-nio-8080-exec-8] org.apache.catalina.core.ApplicationContext.log Manager: list: Listing contexts for virtual host 'localhost'
20-Mar-2025 11:43:42.666 INFO [http-nio-8080-exec-9] org.apache.catalina.core.ApplicationContext.log Manager: list: Listing contexts for virtual host 'localhost'
20-Mar-2025 11:43:42.683 INFO [http-nio-8080-exec-10] org.apache.catalina.core.ApplicationContext.log Manager: install: Installing context configuration at 'file:/C:/Users/ducmi/AppData/Local/Temp/context4381185923085045839.xml'
20-Mar-2025 11:43:42.806 INFO [http-nio-8080-exec-1] org.apache.catalina.core.ApplicationContext.log Manager: start: Starting web application '/Workshop2'
20-Mar-2025 12:21:54.829 INFO [http-nio-8080-exec-2] org.apache.catalina.core.ApplicationContext.log Manager: list: Listing contexts for virtual host 'localhost'
20-Mar-2025 12:21:54.829 INFO [http-nio-8080-exec-6] org.apache.catalina.core.ApplicationContext.log Manager: list: Listing contexts for virtual host 'localhost'
20-Mar-2025 13:05:17.712 INFO [http-nio-8080-exec-14] org.apache.catalina.core.ApplicationContext.log Manager: list: Listing contexts for virtual host 'localhost'
20-Mar-2025 13:05:17.727 INFO [http-nio-8080-exec-11] org.apache.catalina.core.ApplicationContext.log Manager: list: Listing contexts for virtual host 'localhost'
20-Mar-2025 13:05:17.735 INFO [http-nio-8080-exec-18] org.apache.catalina.core.ApplicationContext.log Manager: install: Installing context configuration at 'file:/C:/Users/ducmi/AppData/Local/Temp/context1399322373394273865.xml'
20-Mar-2025 13:05:17.932 INFO [http-nio-8080-exec-12] org.apache.catalina.core.ApplicationContext.log Manager: start: Starting web application '/FNP'
20-Mar-2025 13:05:38.616 INFO [http-nio-8080-exec-11] org.apache.catalina.core.ApplicationContext.log Manager: list: Listing contexts for virtual host 'localhost'
20-Mar-2025 13:05:38.620 INFO [http-nio-8080-exec-18] org.apache.catalina.core.ApplicationContext.log Manager: list: Listing contexts for virtual host 'localhost'
20-Mar-2025 13:06:10.698 INFO [http-nio-8080-exec-18] org.apache.catalina.core.ApplicationContext.log Manager: list: Listing contexts for virtual host 'localhost'
20-Mar-2025 13:06:10.706 INFO [http-nio-8080-exec-26] org.apache.catalina.core.ApplicationContext.log Manager: undeploy: Undeploying web application at '/FNP'
20-Mar-2025 13:18:55.456 INFO [http-nio-8080-exec-33] org.apache.catalina.core.ApplicationContext.log Manager: list: Listing contexts for virtual host 'localhost'
20-Mar-2025 13:18:55.458 INFO [http-nio-8080-exec-34] org.apache.catalina.core.ApplicationContext.log Manager: list: Listing contexts for virtual host 'localhost'
20-Mar-2025 13:24:24.915 INFO [http-nio-8080-exec-37] org.apache.catalina.core.ApplicationContext.log Manager: list: Listing contexts for virtual host 'localhost'
20-Mar-2025 13:24:24.919 INFO [http-nio-8080-exec-35] org.apache.catalina.core.ApplicationContext.log Manager: list: Listing contexts for virtual host 'localhost'
