23-Mar-2025 00:16:09.936 INFO [http-nio-8080-exec-3] org.apache.catalina.core.ApplicationContext.log Manager: init: Associated with Deployer 'Catalina:type=Deployer,host=localhost'
23-Mar-2025 00:16:09.936 INFO [http-nio-8080-exec-3] org.apache.catalina.core.ApplicationContext.log Manager: init: Global resources are available
23-Mar-2025 00:16:10.237 INFO [http-nio-8080-exec-7] org.apache.catalina.core.ApplicationContext.log Manager: list: Listing contexts for virtual host 'localhost'
23-Mar-2025 00:16:10.344 INFO [http-nio-8080-exec-10] org.apache.catalina.core.ApplicationContext.log Manager: list: Listing contexts for virtual host 'localhost'
23-Mar-2025 00:16:10.357 INFO [http-nio-8080-exec-5] org.apache.catalina.core.ApplicationContext.log Manager: install: Installing context configuration at 'file:/C:/Users/ducmi/AppData/Local/Temp/context543902574194547518.xml'
23-Mar-2025 00:16:10.451 INFO [http-nio-8080-exec-1] org.apache.catalina.core.ApplicationContext.log Manager: start: Starting web application '/PE_PRJ301_2'
23-Mar-2025 09:22:10.372 INFO [http-nio-8080-exec-3] org.apache.catalina.core.ApplicationContext.log Manager: init: Associated with Deployer 'Catalina:type=Deployer,host=localhost'
23-Mar-2025 09:22:10.372 INFO [http-nio-8080-exec-3] org.apache.catalina.core.ApplicationContext.log Manager: init: Global resources are available
23-Mar-2025 09:22:10.664 INFO [http-nio-8080-exec-7] org.apache.catalina.core.ApplicationContext.log Manager: list: Listing contexts for virtual host 'localhost'
23-Mar-2025 09:22:10.668 INFO [http-nio-8080-exec-10] org.apache.catalina.core.ApplicationContext.log Manager: list: Listing contexts for virtual host 'localhost'
23-Mar-2025 09:22:58.603 INFO [http-nio-8080-exec-8] org.apache.catalina.core.ApplicationContext.log Manager: list: Listing contexts for virtual host 'localhost'
23-Mar-2025 09:22:58.603 INFO [http-nio-8080-exec-9] org.apache.catalina.core.ApplicationContext.log Manager: restart: Reloading web application '/PE_PRJ301_2'
23-Mar-2025 09:23:00.171 INFO [http-nio-8080-exec-10] org.apache.catalina.core.ApplicationContext.log Manager: list: Listing contexts for virtual host 'localhost'
23-Mar-2025 09:23:00.187 INFO [http-nio-8080-exec-1] org.apache.catalina.core.ApplicationContext.log Manager: restart: Reloading web application '/PE_PRJ301_2'
23-Mar-2025 09:23:04.931 INFO [http-nio-8080-exec-3] org.apache.catalina.core.ApplicationContext.log Manager: list: Listing contexts for virtual host 'localhost'
23-Mar-2025 09:23:04.931 INFO [http-nio-8080-exec-7] org.apache.catalina.core.ApplicationContext.log Manager: list: Listing contexts for virtual host 'localhost'
23-Mar-2025 09:23:04.947 INFO [http-nio-8080-exec-8] org.apache.catalina.core.ApplicationContext.log Manager: restart: Reloading web application '/PE_PRJ301_2'
23-Mar-2025 09:23:18.333 INFO [http-nio-8080-exec-5] org.apache.catalina.core.ApplicationContext.log Manager: list: Listing contexts for virtual host 'localhost'
23-Mar-2025 09:23:18.333 INFO [http-nio-8080-exec-8] org.apache.catalina.core.ApplicationContext.log Manager: list: Listing contexts for virtual host 'localhost'
23-Mar-2025 09:35:03.450 INFO [http-nio-8080-exec-17] org.apache.catalina.core.ApplicationContext.log Manager: list: Listing contexts for virtual host 'localhost'
23-Mar-2025 09:35:03.450 INFO [http-nio-8080-exec-15] org.apache.catalina.core.ApplicationContext.log Manager: list: Listing contexts for virtual host 'localhost'
23-Mar-2025 09:35:53.992 INFO [http-nio-8080-exec-17] org.apache.catalina.core.ApplicationContext.log Manager: list: Listing contexts for virtual host 'localhost'
23-Mar-2025 09:35:54.004 INFO [http-nio-8080-exec-20] org.apache.catalina.core.ApplicationContext.log Manager: list: Listing contexts for virtual host 'localhost'
23-Mar-2025 09:37:05.402 INFO [http-nio-8080-exec-20] org.apache.catalina.core.ApplicationContext.log Manager: list: Listing contexts for virtual host 'localhost'
23-Mar-2025 09:37:12.941 INFO [http-nio-8080-exec-14] org.apache.catalina.core.ApplicationContext.log Manager: list: Listing contexts for virtual host 'localhost'
23-Mar-2025 09:37:25.426 INFO [http-nio-8080-exec-23] org.apache.catalina.core.ApplicationContext.log Manager: list: Listing contexts for virtual host 'localhost'
23-Mar-2025 09:37:44.214 INFO [http-nio-8080-exec-21] org.apache.catalina.core.ApplicationContext.log Manager: list: Listing contexts for virtual host 'localhost'
23-Mar-2025 09:38:12.661 INFO [http-nio-8080-exec-21] org.apache.catalina.core.ApplicationContext.log Manager: list: Listing contexts for virtual host 'localhost'
23-Mar-2025 09:38:22.306 INFO [http-nio-8080-exec-20] org.apache.catalina.core.ApplicationContext.log Manager: list: Listing contexts for virtual host 'localhost'
23-Mar-2025 10:50:19.240 INFO [http-nio-8080-exec-23] org.apache.catalina.core.ApplicationContext.log Manager: list: Listing contexts for virtual host 'localhost'
23-Mar-2025 10:50:19.258 INFO [http-nio-8080-exec-17] org.apache.catalina.core.ApplicationContext.log Manager: undeploy: Undeploying web application at '/PE_PRJ301_2'
23-Mar-2025 10:55:43.615 INFO [http-nio-8080-exec-26] org.apache.catalina.core.ApplicationContext.log Manager: list: Listing contexts for virtual host 'localhost'
23-Mar-2025 10:55:43.618 INFO [http-nio-8080-exec-29] org.apache.catalina.core.ApplicationContext.log Manager: list: Listing contexts for virtual host 'localhost'
23-Mar-2025 14:08:41.310 INFO [http-nio-8080-exec-5] org.apache.catalina.core.ApplicationContext.log Manager: init: Associated with Deployer 'Catalina:type=Deployer,host=localhost'
23-Mar-2025 14:08:41.310 INFO [http-nio-8080-exec-5] org.apache.catalina.core.ApplicationContext.log Manager: init: Global resources are available
23-Mar-2025 14:08:41.632 INFO [http-nio-8080-exec-1] org.apache.catalina.core.ApplicationContext.log Manager: list: Listing contexts for virtual host 'localhost'
23-Mar-2025 14:08:41.647 INFO [http-nio-8080-exec-10] org.apache.catalina.core.ApplicationContext.log Manager: list: Listing contexts for virtual host 'localhost'
23-Mar-2025 14:08:41.880 INFO [http-nio-8080-exec-2] org.apache.catalina.core.ApplicationContext.log Manager: install: Installing context configuration at 'file:/C:/Users/ducmi/AppData/Local/Temp/context4452643363288291066.xml'
23-Mar-2025 14:08:42.153 INFO [http-nio-8080-exec-3] org.apache.catalina.core.ApplicationContext.log Manager: start: Starting web application '/PE_PRJ301_2'
23-Mar-2025 14:22:48.420 INFO [http-nio-8080-exec-10] org.apache.catalina.core.ApplicationContext.log Manager: list: Listing contexts for virtual host 'localhost'
23-Mar-2025 14:22:48.441 INFO [http-nio-8080-exec-9] org.apache.catalina.core.ApplicationContext.log Manager: list: Listing contexts for virtual host 'localhost'
23-Mar-2025 14:22:48.447 INFO [http-nio-8080-exec-1] org.apache.catalina.core.ApplicationContext.log Manager: install: Installing context configuration at 'file:/C:/Users/ducmi/AppData/Local/Temp/context1148355549817073838.xml'
23-Mar-2025 14:22:48.594 INFO [http-nio-8080-exec-3] org.apache.catalina.core.ApplicationContext.log Manager: start: Starting web application '/PE_PRJ301'
23-Mar-2025 14:23:53.824 INFO [http-nio-8080-exec-10] org.apache.catalina.core.ApplicationContext.log Manager: list: Listing contexts for virtual host 'localhost'
23-Mar-2025 14:24:29.620 INFO [http-nio-8080-exec-10] org.apache.catalina.core.ApplicationContext.log Manager: list: Listing contexts for virtual host 'localhost'
23-Mar-2025 14:24:29.636 INFO [http-nio-8080-exec-9] org.apache.catalina.core.ApplicationContext.log Manager: restart: Reloading web application '/PE_PRJ301'
23-Mar-2025 14:24:30.279 INFO [http-nio-8080-exec-4] org.apache.catalina.core.ApplicationContext.log Manager: list: Listing contexts for virtual host 'localhost'
23-Mar-2025 14:24:30.285 INFO [http-nio-8080-exec-3] org.apache.catalina.core.ApplicationContext.log Manager: restart: Reloading web application '/PE_PRJ301'
23-Mar-2025 14:24:55.633 INFO [http-nio-8080-exec-4] org.apache.catalina.core.ApplicationContext.log Manager: list: Listing contexts for virtual host 'localhost'
23-Mar-2025 14:24:55.649 INFO [http-nio-8080-exec-2] org.apache.catalina.core.ApplicationContext.log Manager: restart: Reloading web application '/PE_PRJ301'
23-Mar-2025 14:24:56.161 INFO [http-nio-8080-exec-8] org.apache.catalina.core.ApplicationContext.log Manager: list: Listing contexts for virtual host 'localhost'
23-Mar-2025 14:24:56.161 INFO [http-nio-8080-exec-7] org.apache.catalina.core.ApplicationContext.log Manager: restart: Reloading web application '/PE_PRJ301'
23-Mar-2025 14:25:10.625 INFO [http-nio-8080-exec-13] org.apache.catalina.core.ApplicationContext.log Manager: list: Listing contexts for virtual host 'localhost'
23-Mar-2025 14:25:10.655 INFO [http-nio-8080-exec-1] org.apache.catalina.core.ApplicationContext.log Manager: restart: Reloading web application '/PE_PRJ301'
23-Mar-2025 14:25:11.133 INFO [http-nio-8080-exec-12] org.apache.catalina.core.ApplicationContext.log Manager: list: Listing contexts for virtual host 'localhost'
23-Mar-2025 14:25:11.139 INFO [http-nio-8080-exec-4] org.apache.catalina.core.ApplicationContext.log Manager: restart: Reloading web application '/PE_PRJ301'
23-Mar-2025 14:25:42.745 INFO [http-nio-8080-exec-10] org.apache.catalina.core.ApplicationContext.log Manager: list: Listing contexts for virtual host 'localhost'
23-Mar-2025 14:25:42.753 INFO [http-nio-8080-exec-8] org.apache.catalina.core.ApplicationContext.log Manager: restart: Reloading web application '/PE_PRJ301'
23-Mar-2025 14:26:08.223 INFO [http-nio-8080-exec-13] org.apache.catalina.core.ApplicationContext.log Manager: list: Listing contexts for virtual host 'localhost'
23-Mar-2025 14:26:08.233 INFO [http-nio-8080-exec-7] org.apache.catalina.core.ApplicationContext.log Manager: restart: Reloading web application '/PE_PRJ301'
23-Mar-2025 14:28:49.530 INFO [http-nio-8080-exec-19] org.apache.catalina.core.ApplicationContext.log Manager: list: Listing contexts for virtual host 'localhost'
23-Mar-2025 14:28:49.545 INFO [http-nio-8080-exec-10] org.apache.catalina.core.ApplicationContext.log Manager: restart: Reloading web application '/PE_PRJ301'
23-Mar-2025 14:29:10.395 INFO [http-nio-8080-exec-13] org.apache.catalina.core.ApplicationContext.log Manager: list: Listing contexts for virtual host 'localhost'
23-Mar-2025 14:29:10.411 INFO [http-nio-8080-exec-2] org.apache.catalina.core.ApplicationContext.log Manager: restart: Reloading web application '/PE_PRJ301'
23-Mar-2025 14:29:30.719 INFO [http-nio-8080-exec-7] org.apache.catalina.core.ApplicationContext.log Manager: list: Listing contexts for virtual host 'localhost'
23-Mar-2025 14:29:30.735 INFO [http-nio-8080-exec-13] org.apache.catalina.core.ApplicationContext.log Manager: restart: Reloading web application '/PE_PRJ301'
23-Mar-2025 14:29:57.092 INFO [http-nio-8080-exec-16] org.apache.catalina.core.ApplicationContext.log Manager: list: Listing contexts for virtual host 'localhost'
23-Mar-2025 14:29:57.098 INFO [http-nio-8080-exec-2] org.apache.catalina.core.ApplicationContext.log Manager: restart: Reloading web application '/PE_PRJ301'
23-Mar-2025 14:30:20.694 INFO [http-nio-8080-exec-22] org.apache.catalina.core.ApplicationContext.log Manager: list: Listing contexts for virtual host 'localhost'
23-Mar-2025 14:30:20.700 INFO [http-nio-8080-exec-16] org.apache.catalina.core.ApplicationContext.log Manager: restart: Reloading web application '/PE_PRJ301'
23-Mar-2025 14:31:22.809 INFO [http-nio-8080-exec-7] org.apache.catalina.core.ApplicationContext.log Manager: list: Listing contexts for virtual host 'localhost'
23-Mar-2025 14:31:22.809 INFO [http-nio-8080-exec-23] org.apache.catalina.core.ApplicationContext.log Manager: restart: Reloading web application '/PE_PRJ301'
23-Mar-2025 14:31:48.742 INFO [http-nio-8080-exec-25] org.apache.catalina.core.ApplicationContext.log Manager: list: Listing contexts for virtual host 'localhost'
23-Mar-2025 14:31:48.751 INFO [http-nio-8080-exec-17] org.apache.catalina.core.ApplicationContext.log Manager: restart: Reloading web application '/PE_PRJ301'
23-Mar-2025 14:31:58.180 INFO [http-nio-8080-exec-23] org.apache.catalina.core.ApplicationContext.log Manager: list: Listing contexts for virtual host 'localhost'
23-Mar-2025 14:31:58.191 INFO [http-nio-8080-exec-22] org.apache.catalina.core.ApplicationContext.log Manager: restart: Reloading web application '/PE_PRJ301'
23-Mar-2025 14:32:03.488 INFO [http-nio-8080-exec-16] org.apache.catalina.core.ApplicationContext.log Manager: list: Listing contexts for virtual host 'localhost'
23-Mar-2025 14:32:03.488 INFO [http-nio-8080-exec-25] org.apache.catalina.core.ApplicationContext.log Manager: restart: Reloading web application '/PE_PRJ301'
23-Mar-2025 14:32:18.230 INFO [http-nio-8080-exec-7] org.apache.catalina.core.ApplicationContext.log Manager: list: Listing contexts for virtual host 'localhost'
23-Mar-2025 14:32:18.230 INFO [http-nio-8080-exec-26] org.apache.catalina.core.ApplicationContext.log Manager: restart: Reloading web application '/PE_PRJ301'
23-Mar-2025 14:33:41.775 INFO [http-nio-8080-exec-17] org.apache.catalina.core.ApplicationContext.log Manager: list: Listing contexts for virtual host 'localhost'
23-Mar-2025 14:33:41.783 INFO [http-nio-8080-exec-7] org.apache.catalina.core.ApplicationContext.log Manager: restart: Reloading web application '/PE_PRJ301'
23-Mar-2025 14:34:09.862 INFO [http-nio-8080-exec-29] org.apache.catalina.core.ApplicationContext.log Manager: list: Listing contexts for virtual host 'localhost'
23-Mar-2025 14:34:09.862 INFO [http-nio-8080-exec-12] org.apache.catalina.core.ApplicationContext.log Manager: list: Listing contexts for virtual host 'localhost'
23-Mar-2025 14:34:09.884 INFO [http-nio-8080-exec-22] org.apache.catalina.core.ApplicationContext.log Manager: restart: Reloading web application '/PE_PRJ301'
23-Mar-2025 14:34:49.354 INFO [http-nio-8080-exec-17] org.apache.catalina.core.ApplicationContext.log Manager: list: Listing contexts for virtual host 'localhost'
23-Mar-2025 14:34:49.365 INFO [http-nio-8080-exec-16] org.apache.catalina.core.ApplicationContext.log Manager: restart: Reloading web application '/PE_PRJ301'
23-Mar-2025 14:35:16.702 INFO [http-nio-8080-exec-16] org.apache.catalina.core.ApplicationContext.log Manager: list: Listing contexts for virtual host 'localhost'
23-Mar-2025 14:35:16.702 INFO [http-nio-8080-exec-35] org.apache.catalina.core.ApplicationContext.log Manager: restart: Reloading web application '/PE_PRJ301'
23-Mar-2025 14:35:35.524 INFO [http-nio-8080-exec-41] org.apache.catalina.core.ApplicationContext.log Manager: list: Listing contexts for virtual host 'localhost'
23-Mar-2025 14:35:35.532 INFO [http-nio-8080-exec-40] org.apache.catalina.core.ApplicationContext.log Manager: list: Listing contexts for virtual host 'localhost'
23-Mar-2025 14:35:35.555 INFO [http-nio-8080-exec-37] org.apache.catalina.core.ApplicationContext.log Manager: restart: Reloading web application '/PE_PRJ301'
23-Mar-2025 14:36:20.756 INFO [http-nio-8080-exec-37] org.apache.catalina.core.ApplicationContext.log Manager: list: Listing contexts for virtual host 'localhost'
23-Mar-2025 14:36:20.762 INFO [http-nio-8080-exec-44] org.apache.catalina.core.ApplicationContext.log Manager: restart: Reloading web application '/PE_PRJ301'
23-Mar-2025 14:36:32.768 INFO [http-nio-8080-exec-46] org.apache.catalina.core.ApplicationContext.log Manager: list: Listing contexts for virtual host 'localhost'
23-Mar-2025 14:36:32.772 INFO [http-nio-8080-exec-43] org.apache.catalina.core.ApplicationContext.log Manager: list: Listing contexts for virtual host 'localhost'
23-Mar-2025 14:36:32.791 INFO [http-nio-8080-exec-50] org.apache.catalina.core.ApplicationContext.log Manager: restart: Reloading web application '/PE_PRJ301'
23-Mar-2025 14:37:49.003 INFO [http-nio-8080-exec-55] org.apache.catalina.core.ApplicationContext.log Manager: list: Listing contexts for virtual host 'localhost'
23-Mar-2025 14:37:49.014 INFO [http-nio-8080-exec-56] org.apache.catalina.core.ApplicationContext.log Manager: restart: Reloading web application '/PE_PRJ301'
23-Mar-2025 14:37:56.816 INFO [http-nio-8080-exec-58] org.apache.catalina.core.ApplicationContext.log Manager: list: Listing contexts for virtual host 'localhost'
23-Mar-2025 14:37:56.816 INFO [http-nio-8080-exec-49] org.apache.catalina.core.ApplicationContext.log Manager: list: Listing contexts for virtual host 'localhost'
23-Mar-2025 14:37:56.848 INFO [http-nio-8080-exec-50] org.apache.catalina.core.ApplicationContext.log Manager: restart: Reloading web application '/PE_PRJ301'
23-Mar-2025 14:38:45.353 INFO [http-nio-8080-exec-55] org.apache.catalina.core.ApplicationContext.log Manager: list: Listing contexts for virtual host 'localhost'
23-Mar-2025 14:38:45.363 INFO [http-nio-8080-exec-54] org.apache.catalina.core.ApplicationContext.log Manager: restart: Reloading web application '/PE_PRJ301'
23-Mar-2025 14:38:52.404 INFO [http-nio-8080-exec-54] org.apache.catalina.core.ApplicationContext.log Manager: list: Listing contexts for virtual host 'localhost'
23-Mar-2025 14:38:52.404 INFO [http-nio-8080-exec-56] org.apache.catalina.core.ApplicationContext.log Manager: list: Listing contexts for virtual host 'localhost'
23-Mar-2025 14:38:52.434 INFO [http-nio-8080-exec-61] org.apache.catalina.core.ApplicationContext.log Manager: restart: Reloading web application '/PE_PRJ301'
23-Mar-2025 14:41:15.102 INFO [http-nio-8080-exec-65] org.apache.catalina.core.ApplicationContext.log Manager: list: Listing contexts for virtual host 'localhost'
23-Mar-2025 14:41:46.692 INFO [http-nio-8080-exec-64] org.apache.catalina.core.ApplicationContext.log Manager: list: Listing contexts for virtual host 'localhost'
23-Mar-2025 14:41:46.699 INFO [http-nio-8080-exec-63] org.apache.catalina.core.ApplicationContext.log Manager: restart: Reloading web application '/PE_PRJ301'
23-Mar-2025 14:42:14.146 INFO [http-nio-8080-exec-69] org.apache.catalina.core.ApplicationContext.log Manager: list: Listing contexts for virtual host 'localhost'
23-Mar-2025 14:42:14.162 INFO [http-nio-8080-exec-72] org.apache.catalina.core.ApplicationContext.log Manager: restart: Reloading web application '/PE_PRJ301'
23-Mar-2025 14:42:14.162 SEVERE [http-nio-8080-exec-72] org.apache.catalina.core.ApplicationContext.log Manager: Error reloading [/PE_PRJ301]
	java.lang.IllegalStateException: Context with name [/PE_PRJ301] has not yet been started
		at org.apache.catalina.core.StandardContext.reload(StandardContext.java:3530)
		at org.apache.catalina.manager.ManagerServlet.reload(ManagerServlet.java:1020)
		at org.apache.catalina.manager.ManagerServlet.doGet(ManagerServlet.java:337)
		at javax.servlet.http.HttpServlet.service(HttpServlet.java:489)
		at javax.servlet.http.HttpServlet.service(HttpServlet.java:583)
		at org.apache.catalina.core.ApplicationFilterChain.internalDoFilter(ApplicationFilterChain.java:212)
		at org.apache.catalina.core.ApplicationFilterChain.doFilter(ApplicationFilterChain.java:156)
		at org.apache.tomcat.websocket.server.WsFilter.doFilter(WsFilter.java:51)
		at org.apache.catalina.core.ApplicationFilterChain.internalDoFilter(ApplicationFilterChain.java:181)
		at org.apache.catalina.core.ApplicationFilterChain.doFilter(ApplicationFilterChain.java:156)
		at org.apache.catalina.filters.HttpHeaderSecurityFilter.doFilter(HttpHeaderSecurityFilter.java:129)
		at org.apache.catalina.core.ApplicationFilterChain.internalDoFilter(ApplicationFilterChain.java:181)
		at org.apache.catalina.core.ApplicationFilterChain.doFilter(ApplicationFilterChain.java:156)
		at org.apache.catalina.filters.SetCharacterEncodingFilter.doFilter(SetCharacterEncodingFilter.java:115)
		at org.apache.catalina.core.ApplicationFilterChain.internalDoFilter(ApplicationFilterChain.java:181)
		at org.apache.catalina.core.ApplicationFilterChain.doFilter(ApplicationFilterChain.java:156)
		at org.apache.catalina.core.StandardWrapperValve.invoke(StandardWrapperValve.java:168)
		at org.apache.catalina.core.StandardContextValve.invoke(StandardContextValve.java:90)
		at org.apache.catalina.authenticator.AuthenticatorBase.invoke(AuthenticatorBase.java:598)
		at org.apache.catalina.valves.RequestFilterValve.process(RequestFilterValve.java:355)
		at org.apache.catalina.valves.RemoteAddrValve.invoke(RemoteAddrValve.java:54)
		at org.apache.catalina.core.StandardHostValve.invoke(StandardHostValve.java:130)
		at org.apache.catalina.valves.ErrorReportValve.invoke(ErrorReportValve.java:93)
		at org.apache.catalina.valves.AbstractAccessLogValve.invoke(AbstractAccessLogValve.java:679)
		at org.apache.catalina.core.StandardEngineValve.invoke(StandardEngineValve.java:74)
		at org.apache.catalina.connector.CoyoteAdapter.service(CoyoteAdapter.java:346)
		at org.apache.coyote.http11.Http11Processor.service(Http11Processor.java:617)
		at org.apache.coyote.AbstractProcessorLight.process(AbstractProcessorLight.java:63)
		at org.apache.coyote.AbstractProtocol$ConnectionHandler.process(AbstractProtocol.java:934)
		at org.apache.tomcat.util.net.NioEndpoint$SocketProcessor.doRun(NioEndpoint.java:1698)
		at org.apache.tomcat.util.net.SocketProcessorBase.run(SocketProcessorBase.java:52)
		at org.apache.tomcat.util.threads.ThreadPoolExecutor.runWorker(ThreadPoolExecutor.java:1191)
		at org.apache.tomcat.util.threads.ThreadPoolExecutor$Worker.run(ThreadPoolExecutor.java:659)
		at org.apache.tomcat.util.threads.TaskThread$WrappingRunnable.run(TaskThread.java:63)
		at java.lang.Thread.run(Thread.java:748)
23-Mar-2025 14:42:17.110 INFO [http-nio-8080-exec-73] org.apache.catalina.core.ApplicationContext.log Manager: list: Listing contexts for virtual host 'localhost'
23-Mar-2025 14:42:17.110 INFO [http-nio-8080-exec-70] org.apache.catalina.core.ApplicationContext.log Manager: list: Listing contexts for virtual host 'localhost'
23-Mar-2025 14:42:17.123 INFO [http-nio-8080-exec-74] org.apache.catalina.core.ApplicationContext.log Manager: undeploy: Undeploying web application at '/PE_PRJ301'
23-Mar-2025 14:42:17.682 INFO [http-nio-8080-exec-68] org.apache.catalina.core.ApplicationContext.log Manager: install: Installing context configuration at 'file:/C:/Users/ducmi/AppData/Local/Temp/context5935218242853563735.xml'
23-Mar-2025 14:42:17.806 INFO [http-nio-8080-exec-72] org.apache.catalina.core.ApplicationContext.log Manager: start: Starting web application '/PE_PRJ301'
23-Mar-2025 14:42:37.819 INFO [http-nio-8080-exec-69] org.apache.catalina.core.ApplicationContext.log Manager: list: Listing contexts for virtual host 'localhost'
23-Mar-2025 14:42:37.826 INFO [http-nio-8080-exec-74] org.apache.catalina.core.ApplicationContext.log Manager: restart: Reloading web application '/PE_PRJ301'
23-Mar-2025 14:42:55.368 INFO [http-nio-8080-exec-67] org.apache.catalina.core.ApplicationContext.log Manager: list: Listing contexts for virtual host 'localhost'
23-Mar-2025 14:42:55.373 INFO [http-nio-8080-exec-70] org.apache.catalina.core.ApplicationContext.log Manager: restart: Reloading web application '/PE_PRJ301'
23-Mar-2025 14:42:55.518 INFO [http-nio-8080-exec-74] org.apache.catalina.core.ApplicationContext.log Manager: list: Listing contexts for virtual host 'localhost'
23-Mar-2025 14:42:55.525 INFO [http-nio-8080-exec-77] org.apache.catalina.core.ApplicationContext.log Manager: restart: Reloading web application '/PE_PRJ301'
23-Mar-2025 14:43:15.471 INFO [http-nio-8080-exec-70] org.apache.catalina.core.ApplicationContext.log Manager: list: Listing contexts for virtual host 'localhost'
23-Mar-2025 14:43:15.479 INFO [http-nio-8080-exec-67] org.apache.catalina.core.ApplicationContext.log Manager: restart: Reloading web application '/PE_PRJ301'
23-Mar-2025 14:43:15.575 INFO [http-nio-8080-exec-74] org.apache.catalina.core.ApplicationContext.log Manager: list: Listing contexts for virtual host 'localhost'
23-Mar-2025 14:43:15.582 INFO [http-nio-8080-exec-73] org.apache.catalina.core.ApplicationContext.log Manager: restart: Reloading web application '/PE_PRJ301'
23-Mar-2025 14:43:16.369 INFO [http-nio-8080-exec-74] org.apache.catalina.core.ApplicationContext.log Manager: list: Listing contexts for virtual host 'localhost'
23-Mar-2025 14:43:16.373 INFO [http-nio-8080-exec-71] org.apache.catalina.core.ApplicationContext.log Manager: restart: Reloading web application '/PE_PRJ301'
23-Mar-2025 14:43:31.199 INFO [http-nio-8080-exec-70] org.apache.catalina.core.ApplicationContext.log Manager: list: Listing contexts for virtual host 'localhost'
23-Mar-2025 14:43:31.207 INFO [http-nio-8080-exec-74] org.apache.catalina.core.ApplicationContext.log Manager: restart: Reloading web application '/PE_PRJ301'
23-Mar-2025 14:43:32.886 INFO [http-nio-8080-exec-78] org.apache.catalina.core.ApplicationContext.log Manager: list: Listing contexts for virtual host 'localhost'
23-Mar-2025 14:43:32.889 INFO [http-nio-8080-exec-73] org.apache.catalina.core.ApplicationContext.log Manager: restart: Reloading web application '/PE_PRJ301'
23-Mar-2025 14:43:46.587 INFO [http-nio-8080-exec-76] org.apache.catalina.core.ApplicationContext.log Manager: list: Listing contexts for virtual host 'localhost'
23-Mar-2025 14:43:46.593 INFO [http-nio-8080-exec-69] org.apache.catalina.core.ApplicationContext.log Manager: restart: Reloading web application '/PE_PRJ301'
23-Mar-2025 14:44:31.538 INFO [http-nio-8080-exec-82] org.apache.catalina.core.ApplicationContext.log Manager: list: Listing contexts for virtual host 'localhost'
23-Mar-2025 14:44:31.538 INFO [http-nio-8080-exec-81] org.apache.catalina.core.ApplicationContext.log Manager: restart: Reloading web application '/PE_PRJ301'
23-Mar-2025 14:44:42.297 INFO [http-nio-8080-exec-74] org.apache.catalina.core.ApplicationContext.log Manager: list: Listing contexts for virtual host 'localhost'
23-Mar-2025 14:44:42.313 INFO [http-nio-8080-exec-79] org.apache.catalina.core.ApplicationContext.log Manager: restart: Reloading web application '/PE_PRJ301'
23-Mar-2025 14:44:47.277 INFO [http-nio-8080-exec-82] org.apache.catalina.core.ApplicationContext.log Manager: list: Listing contexts for virtual host 'localhost'
23-Mar-2025 14:44:47.277 INFO [http-nio-8080-exec-84] org.apache.catalina.core.ApplicationContext.log Manager: restart: Reloading web application '/PE_PRJ301'
23-Mar-2025 14:44:51.501 INFO [http-nio-8080-exec-85] org.apache.catalina.core.ApplicationContext.log Manager: list: Listing contexts for virtual host 'localhost'
23-Mar-2025 14:44:51.501 INFO [http-nio-8080-exec-73] org.apache.catalina.core.ApplicationContext.log Manager: restart: Reloading web application '/PE_PRJ301'
23-Mar-2025 14:45:09.851 INFO [http-nio-8080-exec-84] org.apache.catalina.core.ApplicationContext.log Manager: list: Listing contexts for virtual host 'localhost'
23-Mar-2025 14:45:10.277 INFO [http-nio-8080-exec-86] org.apache.catalina.core.ApplicationContext.log Manager: list: Listing contexts for virtual host 'localhost'
23-Mar-2025 14:45:10.293 INFO [http-nio-8080-exec-73] org.apache.catalina.core.ApplicationContext.log Manager: restart: Reloading web application '/PE_PRJ301'
23-Mar-2025 14:45:38.425 INFO [http-nio-8080-exec-79] org.apache.catalina.core.ApplicationContext.log Manager: list: Listing contexts for virtual host 'localhost'
23-Mar-2025 14:45:38.438 INFO [http-nio-8080-exec-64] org.apache.catalina.core.ApplicationContext.log Manager: restart: Reloading web application '/PE_PRJ301'
23-Mar-2025 14:45:43.328 INFO [http-nio-8080-exec-85] org.apache.catalina.core.ApplicationContext.log Manager: list: Listing contexts for virtual host 'localhost'
23-Mar-2025 14:45:43.339 INFO [http-nio-8080-exec-81] org.apache.catalina.core.ApplicationContext.log Manager: restart: Reloading web application '/PE_PRJ301'
23-Mar-2025 14:46:08.648 INFO [http-nio-8080-exec-64] org.apache.catalina.core.ApplicationContext.log Manager: list: Listing contexts for virtual host 'localhost'
23-Mar-2025 14:46:08.651 INFO [http-nio-8080-exec-89] org.apache.catalina.core.ApplicationContext.log Manager: restart: Reloading web application '/PE_PRJ301'
23-Mar-2025 14:46:44.361 INFO [http-nio-8080-exec-82] org.apache.catalina.core.ApplicationContext.log Manager: list: Listing contexts for virtual host 'localhost'
23-Mar-2025 14:46:44.379 INFO [http-nio-8080-exec-81] org.apache.catalina.core.ApplicationContext.log Manager: restart: Reloading web application '/PE_PRJ301'
23-Mar-2025 14:47:06.483 INFO [http-nio-8080-exec-91] org.apache.catalina.core.ApplicationContext.log Manager: list: Listing contexts for virtual host 'localhost'
23-Mar-2025 14:47:06.483 INFO [http-nio-8080-exec-88] org.apache.catalina.core.ApplicationContext.log Manager: restart: Reloading web application '/PE_PRJ301'
23-Mar-2025 14:47:15.418 INFO [http-nio-8080-exec-81] org.apache.catalina.core.ApplicationContext.log Manager: list: Listing contexts for virtual host 'localhost'
23-Mar-2025 14:47:15.434 INFO [http-nio-8080-exec-90] org.apache.catalina.core.ApplicationContext.log Manager: restart: Reloading web application '/PE_PRJ301'
23-Mar-2025 14:48:42.475 INFO [http-nio-8080-exec-64] org.apache.catalina.core.ApplicationContext.log Manager: list: Listing contexts for virtual host 'localhost'
23-Mar-2025 14:48:42.486 INFO [http-nio-8080-exec-73] org.apache.catalina.core.ApplicationContext.log Manager: restart: Reloading web application '/PE_PRJ301'
23-Mar-2025 14:49:26.610 INFO [http-nio-8080-exec-90] org.apache.catalina.core.ApplicationContext.log Manager: list: Listing contexts for virtual host 'localhost'
23-Mar-2025 14:49:26.626 INFO [http-nio-8080-exec-81] org.apache.catalina.core.ApplicationContext.log Manager: restart: Reloading web application '/PE_PRJ301'
23-Mar-2025 14:50:46.474 INFO [http-nio-8080-exec-92] org.apache.catalina.core.ApplicationContext.log Manager: list: Listing contexts for virtual host 'localhost'
23-Mar-2025 14:50:46.481 INFO [http-nio-8080-exec-73] org.apache.catalina.core.ApplicationContext.log Manager: restart: Reloading web application '/PE_PRJ301'
23-Mar-2025 14:50:59.711 INFO [http-nio-8080-exec-97] org.apache.catalina.core.ApplicationContext.log Manager: list: Listing contexts for virtual host 'localhost'
23-Mar-2025 14:51:05.100 INFO [http-nio-8080-exec-64] org.apache.catalina.core.ApplicationContext.log Manager: list: Listing contexts for virtual host 'localhost'
23-Mar-2025 14:51:05.100 INFO [http-nio-8080-exec-97] org.apache.catalina.core.ApplicationContext.log Manager: list: Listing contexts for virtual host 'localhost'
23-Mar-2025 14:51:05.117 INFO [http-nio-8080-exec-81] org.apache.catalina.core.ApplicationContext.log Manager: restart: Reloading web application '/PE_PRJ301'
23-Mar-2025 14:51:52.380 INFO [http-nio-8080-exec-97] org.apache.catalina.core.ApplicationContext.log Manager: list: Listing contexts for virtual host 'localhost'
23-Mar-2025 14:51:52.380 INFO [http-nio-8080-exec-92] org.apache.catalina.core.ApplicationContext.log Manager: restart: Reloading web application '/PE_PRJ301'
23-Mar-2025 14:52:02.887 INFO [http-nio-8080-exec-102] org.apache.catalina.core.ApplicationContext.log Manager: list: Listing contexts for virtual host 'localhost'
23-Mar-2025 14:52:02.887 INFO [http-nio-8080-exec-94] org.apache.catalina.core.ApplicationContext.log Manager: restart: Reloading web application '/PE_PRJ301'
23-Mar-2025 14:52:28.210 INFO [http-nio-8080-exec-96] org.apache.catalina.core.ApplicationContext.log Manager: list: Listing contexts for virtual host 'localhost'
23-Mar-2025 14:52:28.225 INFO [http-nio-8080-exec-99] org.apache.catalina.core.ApplicationContext.log Manager: restart: Reloading web application '/PE_PRJ301'
23-Mar-2025 14:52:37.330 INFO [http-nio-8080-exec-92] org.apache.catalina.core.ApplicationContext.log Manager: list: Listing contexts for virtual host 'localhost'
23-Mar-2025 14:52:37.330 INFO [http-nio-8080-exec-83] org.apache.catalina.core.ApplicationContext.log Manager: list: Listing contexts for virtual host 'localhost'
23-Mar-2025 14:52:37.361 INFO [http-nio-8080-exec-103] org.apache.catalina.core.ApplicationContext.log Manager: restart: Reloading web application '/PE_PRJ301'
23-Mar-2025 14:53:36.159 INFO [http-nio-8080-exec-102] org.apache.catalina.core.ApplicationContext.log Manager: list: Listing contexts for virtual host 'localhost'
23-Mar-2025 14:53:36.159 INFO [http-nio-8080-exec-97] org.apache.catalina.core.ApplicationContext.log Manager: restart: Reloading web application '/PE_PRJ301'
23-Mar-2025 14:53:44.543 INFO [http-nio-8080-exec-107] org.apache.catalina.core.ApplicationContext.log Manager: list: Listing contexts for virtual host 'localhost'
23-Mar-2025 14:53:44.558 INFO [http-nio-8080-exec-94] org.apache.catalina.core.ApplicationContext.log Manager: restart: Reloading web application '/PE_PRJ301'
23-Mar-2025 14:55:43.266 INFO [http-nio-8080-exec-107] org.apache.catalina.core.ApplicationContext.log Manager: list: Listing contexts for virtual host 'localhost'
23-Mar-2025 14:55:43.276 INFO [http-nio-8080-exec-108] org.apache.catalina.core.ApplicationContext.log Manager: restart: Reloading web application '/PE_PRJ301'
23-Mar-2025 14:55:46.887 INFO [http-nio-8080-exec-106] org.apache.catalina.core.ApplicationContext.log Manager: list: Listing contexts for virtual host 'localhost'
23-Mar-2025 14:55:46.892 INFO [http-nio-8080-exec-83] org.apache.catalina.core.ApplicationContext.log Manager: list: Listing contexts for virtual host 'localhost'
23-Mar-2025 14:55:46.908 INFO [http-nio-8080-exec-99] org.apache.catalina.core.ApplicationContext.log Manager: restart: Reloading web application '/PE_PRJ301'
23-Mar-2025 14:56:49.793 INFO [http-nio-8080-exec-116] org.apache.catalina.core.ApplicationContext.log Manager: list: Listing contexts for virtual host 'localhost'
23-Mar-2025 14:56:49.800 INFO [http-nio-8080-exec-113] org.apache.catalina.core.ApplicationContext.log Manager: restart: Reloading web application '/PE_PRJ301'
23-Mar-2025 14:56:58.432 INFO [http-nio-8080-exec-99] org.apache.catalina.core.ApplicationContext.log Manager: list: Listing contexts for virtual host 'localhost'
23-Mar-2025 14:56:58.432 INFO [http-nio-8080-exec-112] org.apache.catalina.core.ApplicationContext.log Manager: restart: Reloading web application '/PE_PRJ301'
23-Mar-2025 14:57:06.245 INFO [http-nio-8080-exec-114] org.apache.catalina.core.ApplicationContext.log Manager: list: Listing contexts for virtual host 'localhost'
23-Mar-2025 14:57:06.245 INFO [http-nio-8080-exec-116] org.apache.catalina.core.ApplicationContext.log Manager: restart: Reloading web application '/PE_PRJ301'
23-Mar-2025 14:57:11.987 INFO [http-nio-8080-exec-96] org.apache.catalina.core.ApplicationContext.log Manager: list: Listing contexts for virtual host 'localhost'
23-Mar-2025 14:57:12.002 INFO [http-nio-8080-exec-99] org.apache.catalina.core.ApplicationContext.log Manager: restart: Reloading web application '/PE_PRJ301'
23-Mar-2025 14:57:33.768 INFO [http-nio-8080-exec-116] org.apache.catalina.core.ApplicationContext.log Manager: list: Listing contexts for virtual host 'localhost'
23-Mar-2025 14:57:33.780 INFO [http-nio-8080-exec-114] org.apache.catalina.core.ApplicationContext.log Manager: restart: Reloading web application '/PE_PRJ301'
23-Mar-2025 14:57:59.737 INFO [http-nio-8080-exec-97] org.apache.catalina.core.ApplicationContext.log Manager: list: Listing contexts for virtual host 'localhost'
23-Mar-2025 14:57:59.753 INFO [http-nio-8080-exec-108] org.apache.catalina.core.ApplicationContext.log Manager: restart: Reloading web application '/PE_PRJ301'
23-Mar-2025 14:58:00.449 INFO [http-nio-8080-exec-110] org.apache.catalina.core.ApplicationContext.log Manager: list: Listing contexts for virtual host 'localhost'
23-Mar-2025 14:58:00.465 INFO [http-nio-8080-exec-121] org.apache.catalina.core.ApplicationContext.log Manager: restart: Reloading web application '/PE_PRJ301'
23-Mar-2025 14:58:06.946 INFO [http-nio-8080-exec-116] org.apache.catalina.core.ApplicationContext.log Manager: list: Listing contexts for virtual host 'localhost'
23-Mar-2025 14:58:06.959 INFO [http-nio-8080-exec-120] org.apache.catalina.core.ApplicationContext.log Manager: restart: Reloading web application '/PE_PRJ301'
23-Mar-2025 14:58:35.439 INFO [http-nio-8080-exec-108] org.apache.catalina.core.ApplicationContext.log Manager: list: Listing contexts for virtual host 'localhost'
23-Mar-2025 14:58:35.451 INFO [http-nio-8080-exec-112] org.apache.catalina.core.ApplicationContext.log Manager: restart: Reloading web application '/PE_PRJ301'
23-Mar-2025 14:58:43.492 INFO [http-nio-8080-exec-116] org.apache.catalina.core.ApplicationContext.log Manager: list: Listing contexts for virtual host 'localhost'
23-Mar-2025 14:58:43.500 INFO [http-nio-8080-exec-113] org.apache.catalina.core.ApplicationContext.log Manager: restart: Reloading web application '/PE_PRJ301'
23-Mar-2025 14:59:01.235 INFO [http-nio-8080-exec-116] org.apache.catalina.core.ApplicationContext.log Manager: list: Listing contexts for virtual host 'localhost'
23-Mar-2025 14:59:21.943 INFO [http-nio-8080-exec-108] org.apache.catalina.core.ApplicationContext.log Manager: list: Listing contexts for virtual host 'localhost'
23-Mar-2025 14:59:21.952 INFO [http-nio-8080-exec-120] org.apache.catalina.core.ApplicationContext.log Manager: restart: Reloading web application '/PE_PRJ301'
23-Mar-2025 14:59:25.778 INFO [http-nio-8080-exec-97] org.apache.catalina.core.ApplicationContext.log Manager: list: Listing contexts for virtual host 'localhost'
23-Mar-2025 14:59:25.794 INFO [http-nio-8080-exec-114] org.apache.catalina.core.ApplicationContext.log Manager: restart: Reloading web application '/PE_PRJ301'
23-Mar-2025 14:59:28.981 INFO [http-nio-8080-exec-125] org.apache.catalina.core.ApplicationContext.log Manager: list: Listing contexts for virtual host 'localhost'
23-Mar-2025 14:59:28.981 INFO [http-nio-8080-exec-113] org.apache.catalina.core.ApplicationContext.log Manager: list: Listing contexts for virtual host 'localhost'
23-Mar-2025 14:59:29.000 INFO [http-nio-8080-exec-97] org.apache.catalina.core.ApplicationContext.log Manager: restart: Reloading web application '/PE_PRJ301'
23-Mar-2025 15:00:07.638 INFO [http-nio-8080-exec-127] org.apache.catalina.core.ApplicationContext.log Manager: list: Listing contexts for virtual host 'localhost'
23-Mar-2025 15:00:07.647 INFO [http-nio-8080-exec-113] org.apache.catalina.core.ApplicationContext.log Manager: restart: Reloading web application '/PE_PRJ301'
23-Mar-2025 15:00:14.050 INFO [http-nio-8080-exec-97] org.apache.catalina.core.ApplicationContext.log Manager: list: Listing contexts for virtual host 'localhost'
23-Mar-2025 15:00:14.050 INFO [http-nio-8080-exec-114] org.apache.catalina.core.ApplicationContext.log Manager: list: Listing contexts for virtual host 'localhost'
23-Mar-2025 15:00:14.072 INFO [http-nio-8080-exec-131] org.apache.catalina.core.ApplicationContext.log Manager: restart: Reloading web application '/PE_PRJ301'
23-Mar-2025 15:00:51.820 INFO [http-nio-8080-exec-97] org.apache.catalina.core.ApplicationContext.log Manager: list: Listing contexts for virtual host 'localhost'
23-Mar-2025 15:00:51.826 INFO [http-nio-8080-exec-131] org.apache.catalina.core.ApplicationContext.log Manager: restart: Reloading web application '/PE_PRJ301'
23-Mar-2025 15:01:27.973 INFO [http-nio-8080-exec-97] org.apache.catalina.core.ApplicationContext.log Manager: list: Listing contexts for virtual host 'localhost'
23-Mar-2025 15:01:27.983 INFO [http-nio-8080-exec-129] org.apache.catalina.core.ApplicationContext.log Manager: restart: Reloading web application '/PE_PRJ301'
23-Mar-2025 15:04:09.972 INFO [http-nio-8080-exec-144] org.apache.catalina.core.ApplicationContext.log Manager: list: Listing contexts for virtual host 'localhost'
23-Mar-2025 15:04:30.303 INFO [http-nio-8080-exec-146] org.apache.catalina.core.ApplicationContext.log Manager: list: Listing contexts for virtual host 'localhost'
23-Mar-2025 15:04:30.320 INFO [http-nio-8080-exec-145] org.apache.catalina.core.ApplicationContext.log Manager: undeploy: Undeploying web application at '/PE_PRJ301'
23-Mar-2025 15:04:30.855 INFO [http-nio-8080-exec-149] org.apache.catalina.core.ApplicationContext.log Manager: install: Installing context configuration at 'file:/C:/Users/ducmi/AppData/Local/Temp/context3404195297895628752.xml'
23-Mar-2025 15:04:31.012 INFO [http-nio-8080-exec-142] org.apache.catalina.core.ApplicationContext.log Manager: start: Starting web application '/PE_PRJ301'
23-Mar-2025 15:05:24.435 INFO [http-nio-8080-exec-147] org.apache.catalina.core.ApplicationContext.log Manager: list: Listing contexts for virtual host 'localhost'
23-Mar-2025 15:05:40.121 INFO [http-nio-8080-exec-152] org.apache.catalina.core.ApplicationContext.log Manager: list: Listing contexts for virtual host 'localhost'
23-Mar-2025 15:06:44.131 INFO [http-nio-8080-exec-151] org.apache.catalina.core.ApplicationContext.log Manager: list: Listing contexts for virtual host 'localhost'
23-Mar-2025 15:06:44.142 INFO [http-nio-8080-exec-152] org.apache.catalina.core.ApplicationContext.log Manager: restart: Reloading web application '/PE_PRJ301'
23-Mar-2025 15:06:58.190 INFO [http-nio-8080-exec-147] org.apache.catalina.core.ApplicationContext.log Manager: list: Listing contexts for virtual host 'localhost'
23-Mar-2025 15:06:58.198 INFO [http-nio-8080-exec-155] org.apache.catalina.core.ApplicationContext.log Manager: restart: Reloading web application '/PE_PRJ301'
23-Mar-2025 15:07:01.781 INFO [http-nio-8080-exec-153] org.apache.catalina.core.ApplicationContext.log Manager: list: Listing contexts for virtual host 'localhost'
23-Mar-2025 15:07:01.791 INFO [http-nio-8080-exec-157] org.apache.catalina.core.ApplicationContext.log Manager: restart: Reloading web application '/PE_PRJ301'
23-Mar-2025 15:07:04.754 INFO [http-nio-8080-exec-147] org.apache.catalina.core.ApplicationContext.log Manager: list: Listing contexts for virtual host 'localhost'
23-Mar-2025 15:07:04.761 INFO [http-nio-8080-exec-153] org.apache.catalina.core.ApplicationContext.log Manager: restart: Reloading web application '/PE_PRJ301'
23-Mar-2025 15:07:05.714 INFO [http-nio-8080-exec-159] org.apache.catalina.core.ApplicationContext.log Manager: list: Listing contexts for virtual host 'localhost'
23-Mar-2025 15:07:06.129 INFO [http-nio-8080-exec-147] org.apache.catalina.core.ApplicationContext.log Manager: list: Listing contexts for virtual host 'localhost'
23-Mar-2025 15:07:06.136 INFO [http-nio-8080-exec-158] org.apache.catalina.core.ApplicationContext.log Manager: restart: Reloading web application '/PE_PRJ301'
23-Mar-2025 15:07:15.757 INFO [http-nio-8080-exec-147] org.apache.catalina.core.ApplicationContext.log Manager: list: Listing contexts for virtual host 'localhost'
23-Mar-2025 15:07:15.773 INFO [http-nio-8080-exec-159] org.apache.catalina.core.ApplicationContext.log Manager: restart: Reloading web application '/PE_PRJ301'
23-Mar-2025 15:07:15.773 SEVERE [http-nio-8080-exec-159] org.apache.catalina.core.ApplicationContext.log Manager: Error reloading [/PE_PRJ301]
	java.lang.IllegalStateException: Context with name [/PE_PRJ301] has not yet been started
		at org.apache.catalina.core.StandardContext.reload(StandardContext.java:3530)
		at org.apache.catalina.manager.ManagerServlet.reload(ManagerServlet.java:1020)
		at org.apache.catalina.manager.ManagerServlet.doGet(ManagerServlet.java:337)
		at javax.servlet.http.HttpServlet.service(HttpServlet.java:489)
		at javax.servlet.http.HttpServlet.service(HttpServlet.java:583)
		at org.apache.catalina.core.ApplicationFilterChain.internalDoFilter(ApplicationFilterChain.java:212)
		at org.apache.catalina.core.ApplicationFilterChain.doFilter(ApplicationFilterChain.java:156)
		at org.apache.tomcat.websocket.server.WsFilter.doFilter(WsFilter.java:51)
		at org.apache.catalina.core.ApplicationFilterChain.internalDoFilter(ApplicationFilterChain.java:181)
		at org.apache.catalina.core.ApplicationFilterChain.doFilter(ApplicationFilterChain.java:156)
		at org.apache.catalina.filters.HttpHeaderSecurityFilter.doFilter(HttpHeaderSecurityFilter.java:129)
		at org.apache.catalina.core.ApplicationFilterChain.internalDoFilter(ApplicationFilterChain.java:181)
		at org.apache.catalina.core.ApplicationFilterChain.doFilter(ApplicationFilterChain.java:156)
		at org.apache.catalina.filters.SetCharacterEncodingFilter.doFilter(SetCharacterEncodingFilter.java:115)
		at org.apache.catalina.core.ApplicationFilterChain.internalDoFilter(ApplicationFilterChain.java:181)
		at org.apache.catalina.core.ApplicationFilterChain.doFilter(ApplicationFilterChain.java:156)
		at org.apache.catalina.core.StandardWrapperValve.invoke(StandardWrapperValve.java:168)
		at org.apache.catalina.core.StandardContextValve.invoke(StandardContextValve.java:90)
		at org.apache.catalina.authenticator.AuthenticatorBase.invoke(AuthenticatorBase.java:598)
		at org.apache.catalina.valves.RequestFilterValve.process(RequestFilterValve.java:355)
		at org.apache.catalina.valves.RemoteAddrValve.invoke(RemoteAddrValve.java:54)
		at org.apache.catalina.core.StandardHostValve.invoke(StandardHostValve.java:130)
		at org.apache.catalina.valves.ErrorReportValve.invoke(ErrorReportValve.java:93)
		at org.apache.catalina.valves.AbstractAccessLogValve.invoke(AbstractAccessLogValve.java:679)
		at org.apache.catalina.core.StandardEngineValve.invoke(StandardEngineValve.java:74)
		at org.apache.catalina.connector.CoyoteAdapter.service(CoyoteAdapter.java:346)
		at org.apache.coyote.http11.Http11Processor.service(Http11Processor.java:617)
		at org.apache.coyote.AbstractProcessorLight.process(AbstractProcessorLight.java:63)
		at org.apache.coyote.AbstractProtocol$ConnectionHandler.process(AbstractProtocol.java:934)
		at org.apache.tomcat.util.net.NioEndpoint$SocketProcessor.doRun(NioEndpoint.java:1698)
		at org.apache.tomcat.util.net.SocketProcessorBase.run(SocketProcessorBase.java:52)
		at org.apache.tomcat.util.threads.ThreadPoolExecutor.runWorker(ThreadPoolExecutor.java:1191)
		at org.apache.tomcat.util.threads.ThreadPoolExecutor$Worker.run(ThreadPoolExecutor.java:659)
		at org.apache.tomcat.util.threads.TaskThread$WrappingRunnable.run(TaskThread.java:63)
		at java.lang.Thread.run(Thread.java:748)
23-Mar-2025 15:07:16.115 INFO [http-nio-8080-exec-158] org.apache.catalina.core.ApplicationContext.log Manager: list: Listing contexts for virtual host 'localhost'
23-Mar-2025 15:07:16.125 INFO [http-nio-8080-exec-152] org.apache.catalina.core.ApplicationContext.log Manager: list: Listing contexts for virtual host 'localhost'
23-Mar-2025 15:07:16.139 INFO [http-nio-8080-exec-156] org.apache.catalina.core.ApplicationContext.log Manager: undeploy: Undeploying web application at '/PE_PRJ301'
23-Mar-2025 15:07:16.673 INFO [http-nio-8080-exec-149] org.apache.catalina.core.ApplicationContext.log Manager: install: Installing context configuration at 'file:/C:/Users/ducmi/AppData/Local/Temp/context9107444686556116339.xml'
23-Mar-2025 15:07:37.591 INFO [http-nio-8080-exec-134] org.apache.catalina.core.ApplicationContext.log Manager: list: Listing contexts for virtual host 'localhost'
23-Mar-2025 15:07:37.593 INFO [http-nio-8080-exec-156] org.apache.catalina.core.ApplicationContext.log Manager: list: Listing contexts for virtual host 'localhost'
23-Mar-2025 15:07:37.613 INFO [http-nio-8080-exec-162] org.apache.catalina.core.ApplicationContext.log Manager: undeploy: Undeploying web application at '/PE_PRJ301'
23-Mar-2025 15:07:38.162 INFO [http-nio-8080-exec-160] org.apache.catalina.core.ApplicationContext.log Manager: install: Installing context configuration at 'file:/C:/Users/ducmi/AppData/Local/Temp/context9017578141671070446.xml'
23-Mar-2025 15:07:38.290 INFO [http-nio-8080-exec-134] org.apache.catalina.core.ApplicationContext.log Manager: start: Starting web application '/PE_PRJ301'
23-Mar-2025 15:07:48.550 INFO [http-nio-8080-exec-158] org.apache.catalina.core.ApplicationContext.log Manager: list: Listing contexts for virtual host 'localhost'
23-Mar-2025 15:07:48.554 INFO [http-nio-8080-exec-153] org.apache.catalina.core.ApplicationContext.log Manager: restart: Reloading web application '/PE_PRJ301'
23-Mar-2025 15:08:04.915 INFO [http-nio-8080-exec-165] org.apache.catalina.core.ApplicationContext.log Manager: list: Listing contexts for virtual host 'localhost'
23-Mar-2025 15:08:04.927 INFO [http-nio-8080-exec-158] org.apache.catalina.core.ApplicationContext.log Manager: restart: Reloading web application '/PE_PRJ301'
23-Mar-2025 15:08:05.334 INFO [http-nio-8080-exec-166] org.apache.catalina.core.ApplicationContext.log Manager: list: Listing contexts for virtual host 'localhost'
23-Mar-2025 15:08:05.341 INFO [http-nio-8080-exec-153] org.apache.catalina.core.ApplicationContext.log Manager: restart: Reloading web application '/PE_PRJ301'
23-Mar-2025 15:08:17.269 INFO [http-nio-8080-exec-147] org.apache.catalina.core.ApplicationContext.log Manager: list: Listing contexts for virtual host 'localhost'
23-Mar-2025 15:08:17.277 INFO [http-nio-8080-exec-159] org.apache.catalina.core.ApplicationContext.log Manager: restart: Reloading web application '/PE_PRJ301'
23-Mar-2025 15:08:51.010 INFO [http-nio-8080-exec-166] org.apache.catalina.core.ApplicationContext.log Manager: list: Listing contexts for virtual host 'localhost'
23-Mar-2025 15:08:51.019 INFO [http-nio-8080-exec-134] org.apache.catalina.core.ApplicationContext.log Manager: restart: Reloading web application '/PE_PRJ301'
23-Mar-2025 15:09:02.440 INFO [http-nio-8080-exec-147] org.apache.catalina.core.ApplicationContext.log Manager: list: Listing contexts for virtual host 'localhost'
23-Mar-2025 15:09:24.057 INFO [http-nio-8080-exec-159] org.apache.catalina.core.ApplicationContext.log Manager: list: Listing contexts for virtual host 'localhost'
23-Mar-2025 15:09:24.057 INFO [http-nio-8080-exec-169] org.apache.catalina.core.ApplicationContext.log Manager: restart: Reloading web application '/PE_PRJ301'
23-Mar-2025 15:09:37.076 INFO [http-nio-8080-exec-168] org.apache.catalina.core.ApplicationContext.log Manager: list: Listing contexts for virtual host 'localhost'
23-Mar-2025 15:09:37.080 INFO [http-nio-8080-exec-134] org.apache.catalina.core.ApplicationContext.log Manager: restart: Reloading web application '/PE_PRJ301'
23-Mar-2025 15:10:00.433 INFO [http-nio-8080-exec-147] org.apache.catalina.core.ApplicationContext.log Manager: list: Listing contexts for virtual host 'localhost'
23-Mar-2025 15:10:00.435 INFO [http-nio-8080-exec-171] org.apache.catalina.core.ApplicationContext.log Manager: restart: Reloading web application '/PE_PRJ301'
23-Mar-2025 15:10:06.781 INFO [http-nio-8080-exec-168] org.apache.catalina.core.ApplicationContext.log Manager: list: Listing contexts for virtual host 'localhost'
23-Mar-2025 15:10:06.793 INFO [http-nio-8080-exec-160] org.apache.catalina.core.ApplicationContext.log Manager: restart: Reloading web application '/PE_PRJ301'
23-Mar-2025 15:10:48.967 INFO [http-nio-8080-exec-169] org.apache.catalina.core.ApplicationContext.log Manager: list: Listing contexts for virtual host 'localhost'
23-Mar-2025 15:10:48.974 INFO [http-nio-8080-exec-168] org.apache.catalina.core.ApplicationContext.log Manager: restart: Reloading web application '/PE_PRJ301'
23-Mar-2025 15:10:58.025 INFO [http-nio-8080-exec-166] org.apache.catalina.core.ApplicationContext.log Manager: list: Listing contexts for virtual host 'localhost'
23-Mar-2025 15:10:58.032 INFO [http-nio-8080-exec-160] org.apache.catalina.core.ApplicationContext.log Manager: restart: Reloading web application '/PE_PRJ301'
23-Mar-2025 15:11:43.520 INFO [http-nio-8080-exec-168] org.apache.catalina.core.ApplicationContext.log Manager: list: Listing contexts for virtual host 'localhost'
23-Mar-2025 15:11:43.531 INFO [http-nio-8080-exec-174] org.apache.catalina.core.ApplicationContext.log Manager: restart: Reloading web application '/PE_PRJ301'
23-Mar-2025 15:11:59.233 INFO [http-nio-8080-exec-176] org.apache.catalina.core.ApplicationContext.log Manager: list: Listing contexts for virtual host 'localhost'
23-Mar-2025 15:11:59.233 INFO [http-nio-8080-exec-153] org.apache.catalina.core.ApplicationContext.log Manager: restart: Reloading web application '/PE_PRJ301'
23-Mar-2025 15:12:04.720 INFO [http-nio-8080-exec-174] org.apache.catalina.core.ApplicationContext.log Manager: list: Listing contexts for virtual host 'localhost'
23-Mar-2025 15:12:04.728 INFO [http-nio-8080-exec-166] org.apache.catalina.core.ApplicationContext.log Manager: restart: Reloading web application '/PE_PRJ301'
23-Mar-2025 15:12:26.147 INFO [http-nio-8080-exec-147] org.apache.catalina.core.ApplicationContext.log Manager: list: Listing contexts for virtual host 'localhost'
23-Mar-2025 15:12:26.155 INFO [http-nio-8080-exec-177] org.apache.catalina.core.ApplicationContext.log Manager: restart: Reloading web application '/PE_PRJ301'
23-Mar-2025 15:12:57.433 INFO [http-nio-8080-exec-160] org.apache.catalina.core.ApplicationContext.log Manager: list: Listing contexts for virtual host 'localhost'
23-Mar-2025 15:12:57.440 INFO [http-nio-8080-exec-159] org.apache.catalina.core.ApplicationContext.log Manager: restart: Reloading web application '/PE_PRJ301'
23-Mar-2025 15:13:09.650 INFO [http-nio-8080-exec-166] org.apache.catalina.core.ApplicationContext.log Manager: list: Listing contexts for virtual host 'localhost'
23-Mar-2025 15:13:09.650 INFO [http-nio-8080-exec-180] org.apache.catalina.core.ApplicationContext.log Manager: restart: Reloading web application '/PE_PRJ301'
23-Mar-2025 15:13:23.520 INFO [http-nio-8080-exec-174] org.apache.catalina.core.ApplicationContext.log Manager: list: Listing contexts for virtual host 'localhost'
23-Mar-2025 15:13:23.524 INFO [http-nio-8080-exec-166] org.apache.catalina.core.ApplicationContext.log Manager: restart: Reloading web application '/PE_PRJ301'
23-Mar-2025 15:13:49.744 INFO [http-nio-8080-exec-177] org.apache.catalina.core.ApplicationContext.log Manager: list: Listing contexts for virtual host 'localhost'
23-Mar-2025 15:13:49.753 INFO [http-nio-8080-exec-174] org.apache.catalina.core.ApplicationContext.log Manager: restart: Reloading web application '/PE_PRJ301'
23-Mar-2025 15:14:04.091 INFO [http-nio-8080-exec-180] org.apache.catalina.core.ApplicationContext.log Manager: list: Listing contexts for virtual host 'localhost'
23-Mar-2025 15:14:04.103 INFO [http-nio-8080-exec-183] org.apache.catalina.core.ApplicationContext.log Manager: restart: Reloading web application '/PE_PRJ301'
23-Mar-2025 15:14:08.458 INFO [http-nio-8080-exec-180] org.apache.catalina.core.ApplicationContext.log Manager: list: Listing contexts for virtual host 'localhost'
23-Mar-2025 15:14:08.465 INFO [http-nio-8080-exec-181] org.apache.catalina.core.ApplicationContext.log Manager: restart: Reloading web application '/PE_PRJ301'
23-Mar-2025 15:14:12.697 INFO [http-nio-8080-exec-178] org.apache.catalina.core.ApplicationContext.log Manager: list: Listing contexts for virtual host 'localhost'
23-Mar-2025 15:14:12.707 INFO [http-nio-8080-exec-180] org.apache.catalina.core.ApplicationContext.log Manager: restart: Reloading web application '/PE_PRJ301'
23-Mar-2025 15:14:17.740 INFO [http-nio-8080-exec-174] org.apache.catalina.core.ApplicationContext.log Manager: list: Listing contexts for virtual host 'localhost'
23-Mar-2025 15:14:17.757 INFO [http-nio-8080-exec-178] org.apache.catalina.core.ApplicationContext.log Manager: restart: Reloading web application '/PE_PRJ301'
23-Mar-2025 15:14:23.181 INFO [http-nio-8080-exec-187] org.apache.catalina.core.ApplicationContext.log Manager: list: Listing contexts for virtual host 'localhost'
23-Mar-2025 15:14:23.186 INFO [http-nio-8080-exec-183] org.apache.catalina.core.ApplicationContext.log Manager: restart: Reloading web application '/PE_PRJ301'
23-Mar-2025 15:14:39.719 INFO [http-nio-8080-exec-186] org.apache.catalina.core.ApplicationContext.log Manager: list: Listing contexts for virtual host 'localhost'
23-Mar-2025 15:14:39.719 INFO [http-nio-8080-exec-159] org.apache.catalina.core.ApplicationContext.log Manager: list: Listing contexts for virtual host 'localhost'
23-Mar-2025 15:14:39.751 INFO [http-nio-8080-exec-174] org.apache.catalina.core.ApplicationContext.log Manager: undeploy: Undeploying web application at '/PE_PRJ301'
23-Mar-2025 15:14:40.276 INFO [http-nio-8080-exec-160] org.apache.catalina.core.ApplicationContext.log Manager: install: Installing context configuration at 'file:/C:/Users/ducmi/AppData/Local/Temp/context401219541472206230.xml'
23-Mar-2025 15:14:40.451 INFO [http-nio-8080-exec-159] org.apache.catalina.core.ApplicationContext.log Manager: start: Starting web application '/PE_PRJ301'
23-Mar-2025 15:14:47.800 INFO [http-nio-8080-exec-186] org.apache.catalina.core.ApplicationContext.log Manager: list: Listing contexts for virtual host 'localhost'
23-Mar-2025 15:14:47.800 INFO [http-nio-8080-exec-159] org.apache.catalina.core.ApplicationContext.log Manager: list: Listing contexts for virtual host 'localhost'
23-Mar-2025 15:14:47.830 INFO [http-nio-8080-exec-181] org.apache.catalina.core.ApplicationContext.log Manager: undeploy: Undeploying web application at '/PE_PRJ301'
23-Mar-2025 15:14:48.366 INFO [http-nio-8080-exec-191] org.apache.catalina.core.ApplicationContext.log Manager: install: Installing context configuration at 'file:/C:/Users/ducmi/AppData/Local/Temp/context158253998656955862.xml'
23-Mar-2025 15:14:48.509 INFO [http-nio-8080-exec-192] org.apache.catalina.core.ApplicationContext.log Manager: start: Starting web application '/PE_PRJ301'
23-Mar-2025 15:15:33.890 INFO [http-nio-8080-exec-191] org.apache.catalina.core.ApplicationContext.log Manager: list: Listing contexts for virtual host 'localhost'
23-Mar-2025 15:15:33.902 INFO [http-nio-8080-exec-181] org.apache.catalina.core.ApplicationContext.log Manager: restart: Reloading web application '/PE_PRJ301'
23-Mar-2025 15:15:57.945 INFO [http-nio-8080-exec-192] org.apache.catalina.core.ApplicationContext.log Manager: list: Listing contexts for virtual host 'localhost'
23-Mar-2025 15:15:57.945 INFO [http-nio-8080-exec-193] org.apache.catalina.core.ApplicationContext.log Manager: restart: Reloading web application '/PE_PRJ301'
23-Mar-2025 15:16:04.536 INFO [http-nio-8080-exec-192] org.apache.catalina.core.ApplicationContext.log Manager: list: Listing contexts for virtual host 'localhost'
23-Mar-2025 15:16:04.541 INFO [http-nio-8080-exec-181] org.apache.catalina.core.ApplicationContext.log Manager: restart: Reloading web application '/PE_PRJ301'
23-Mar-2025 15:16:11.180 INFO [http-nio-8080-exec-199] org.apache.catalina.core.ApplicationContext.log Manager: list: Listing contexts for virtual host 'localhost'
23-Mar-2025 15:16:11.187 INFO [http-nio-8080-exec-192] org.apache.catalina.core.ApplicationContext.log Manager: restart: Reloading web application '/PE_PRJ301'
23-Mar-2025 15:16:20.308 INFO [http-nio-8080-exec-201] org.apache.catalina.core.ApplicationContext.log Manager: list: Listing contexts for virtual host 'localhost'
23-Mar-2025 15:16:20.315 INFO [http-nio-8080-exec-194] org.apache.catalina.core.ApplicationContext.log Manager: restart: Reloading web application '/PE_PRJ301'
23-Mar-2025 15:16:24.150 INFO [http-nio-8080-exec-191] org.apache.catalina.core.ApplicationContext.log Manager: list: Listing contexts for virtual host 'localhost'
23-Mar-2025 15:16:24.160 INFO [http-nio-8080-exec-199] org.apache.catalina.core.ApplicationContext.log Manager: list: Listing contexts for virtual host 'localhost'
23-Mar-2025 15:16:24.175 INFO [http-nio-8080-exec-198] org.apache.catalina.core.ApplicationContext.log Manager: undeploy: Undeploying web application at '/PE_PRJ301'
23-Mar-2025 15:16:24.722 INFO [http-nio-8080-exec-191] org.apache.catalina.core.ApplicationContext.log Manager: install: Installing context configuration at 'file:/C:/Users/ducmi/AppData/Local/Temp/context8944514412679512710.xml'
23-Mar-2025 15:16:24.860 INFO [http-nio-8080-exec-200] org.apache.catalina.core.ApplicationContext.log Manager: start: Starting web application '/PE_PRJ301'
23-Mar-2025 15:17:03.523 INFO [http-nio-8080-exec-193] org.apache.catalina.core.ApplicationContext.log Manager: list: Listing contexts for virtual host 'localhost'
23-Mar-2025 15:17:53.581 INFO [http-nio-8080-exec-205] org.apache.catalina.core.ApplicationContext.log Manager: list: Listing contexts for virtual host 'localhost'
23-Mar-2025 15:17:53.581 INFO [http-nio-8080-exec-213] org.apache.catalina.core.ApplicationContext.log Manager: restart: Reloading web application '/PE_PRJ301'
23-Mar-2025 15:18:03.400 INFO [http-nio-8080-exec-210] org.apache.catalina.core.ApplicationContext.log Manager: list: Listing contexts for virtual host 'localhost'
23-Mar-2025 15:18:03.413 INFO [http-nio-8080-exec-212] org.apache.catalina.core.ApplicationContext.log Manager: restart: Reloading web application '/PE_PRJ301'
23-Mar-2025 15:18:05.708 INFO [http-nio-8080-exec-206] org.apache.catalina.core.ApplicationContext.log Manager: list: Listing contexts for virtual host 'localhost'
23-Mar-2025 15:18:05.712 INFO [http-nio-8080-exec-205] org.apache.catalina.core.ApplicationContext.log Manager: restart: Reloading web application '/PE_PRJ301'
23-Mar-2025 15:18:19.084 INFO [http-nio-8080-exec-204] org.apache.catalina.core.ApplicationContext.log Manager: list: Listing contexts for virtual host 'localhost'
23-Mar-2025 15:18:19.084 INFO [http-nio-8080-exec-212] org.apache.catalina.core.ApplicationContext.log Manager: restart: Reloading web application '/PE_PRJ301'
23-Mar-2025 15:18:21.064 INFO [http-nio-8080-exec-215] org.apache.catalina.core.ApplicationContext.log Manager: list: Listing contexts for virtual host 'localhost'
23-Mar-2025 15:18:21.077 INFO [http-nio-8080-exec-211] org.apache.catalina.core.ApplicationContext.log Manager: restart: Reloading web application '/PE_PRJ301'
23-Mar-2025 15:18:50.027 INFO [http-nio-8080-exec-211] org.apache.catalina.core.ApplicationContext.log Manager: list: Listing contexts for virtual host 'localhost'
23-Mar-2025 15:19:05.360 INFO [http-nio-8080-exec-214] org.apache.catalina.core.ApplicationContext.log Manager: list: Listing contexts for virtual host 'localhost'
23-Mar-2025 15:19:05.368 INFO [http-nio-8080-exec-204] org.apache.catalina.core.ApplicationContext.log Manager: restart: Reloading web application '/PE_PRJ301'
23-Mar-2025 15:19:05.968 INFO [http-nio-8080-exec-211] org.apache.catalina.core.ApplicationContext.log Manager: list: Listing contexts for virtual host 'localhost'
23-Mar-2025 15:19:05.973 INFO [http-nio-8080-exec-214] org.apache.catalina.core.ApplicationContext.log Manager: restart: Reloading web application '/PE_PRJ301'
23-Mar-2025 15:19:25.805 INFO [http-nio-8080-exec-220] org.apache.catalina.core.ApplicationContext.log Manager: list: Listing contexts for virtual host 'localhost'
23-Mar-2025 15:19:35.733 INFO [http-nio-8080-exec-227] org.apache.catalina.core.ApplicationContext.log Manager: list: Listing contexts for virtual host 'localhost'
23-Mar-2025 15:20:21.748 INFO [http-nio-8080-exec-227] org.apache.catalina.core.ApplicationContext.log Manager: list: Listing contexts for virtual host 'localhost'
23-Mar-2025 15:20:21.748 INFO [http-nio-8080-exec-229] org.apache.catalina.core.ApplicationContext.log Manager: restart: Reloading web application '/PE_PRJ301'
23-Mar-2025 15:20:30.193 INFO [http-nio-8080-exec-226] org.apache.catalina.core.ApplicationContext.log Manager: list: Listing contexts for virtual host 'localhost'
23-Mar-2025 15:20:30.204 INFO [http-nio-8080-exec-223] org.apache.catalina.core.ApplicationContext.log Manager: restart: Reloading web application '/PE_PRJ301'
23-Mar-2025 15:20:38.797 INFO [http-nio-8080-exec-228] org.apache.catalina.core.ApplicationContext.log Manager: list: Listing contexts for virtual host 'localhost'
23-Mar-2025 15:20:38.802 INFO [http-nio-8080-exec-230] org.apache.catalina.core.ApplicationContext.log Manager: list: Listing contexts for virtual host 'localhost'
23-Mar-2025 15:20:38.826 INFO [http-nio-8080-exec-226] org.apache.catalina.core.ApplicationContext.log Manager: undeploy: Undeploying web application at '/PE_PRJ301'
23-Mar-2025 15:20:39.372 INFO [http-nio-8080-exec-235] org.apache.catalina.core.ApplicationContext.log Manager: install: Installing context configuration at 'file:/C:/Users/ducmi/AppData/Local/Temp/context6944562838421646836.xml'
23-Mar-2025 15:20:39.582 INFO [http-nio-8080-exec-234] org.apache.catalina.core.ApplicationContext.log Manager: start: Starting web application '/PE_PRJ301'
23-Mar-2025 15:21:41.698 INFO [http-nio-8080-exec-243] org.apache.catalina.core.ApplicationContext.log Manager: list: Listing contexts for virtual host 'localhost'
23-Mar-2025 15:21:42.221 INFO [http-nio-8080-exec-226] org.apache.catalina.core.ApplicationContext.log Manager: list: Listing contexts for virtual host 'localhost'
23-Mar-2025 15:21:42.229 INFO [http-nio-8080-exec-241] org.apache.catalina.core.ApplicationContext.log Manager: restart: Reloading web application '/PE_PRJ301'
23-Mar-2025 15:21:52.200 INFO [http-nio-8080-exec-244] org.apache.catalina.core.ApplicationContext.log Manager: list: Listing contexts for virtual host 'localhost'
23-Mar-2025 15:21:52.200 INFO [http-nio-8080-exec-245] org.apache.catalina.core.ApplicationContext.log Manager: list: Listing contexts for virtual host 'localhost'
23-Mar-2025 15:21:52.231 INFO [http-nio-8080-exec-233] org.apache.catalina.core.ApplicationContext.log Manager: undeploy: Undeploying web application at '/PE_PRJ301'
23-Mar-2025 15:21:52.754 INFO [http-nio-8080-exec-246] org.apache.catalina.core.ApplicationContext.log Manager: install: Installing context configuration at 'file:/C:/Users/ducmi/AppData/Local/Temp/context953722281833050200.xml'
23-Mar-2025 15:21:52.883 INFO [http-nio-8080-exec-244] org.apache.catalina.core.ApplicationContext.log Manager: start: Starting web application '/PE_PRJ301'
23-Mar-2025 15:22:27.364 INFO [http-nio-8080-exec-251] org.apache.catalina.core.ApplicationContext.log Manager: list: Listing contexts for virtual host 'localhost'
23-Mar-2025 15:22:27.372 INFO [http-nio-8080-exec-252] org.apache.catalina.core.ApplicationContext.log Manager: list: Listing contexts for virtual host 'localhost'
23-Mar-2025 15:22:27.395 INFO [http-nio-8080-exec-247] org.apache.catalina.core.ApplicationContext.log Manager: undeploy: Undeploying web application at '/PE_PRJ301'
23-Mar-2025 15:22:27.944 INFO [http-nio-8080-exec-226] org.apache.catalina.core.ApplicationContext.log Manager: install: Installing context configuration at 'file:/C:/Users/ducmi/AppData/Local/Temp/context5151555457558910090.xml'
23-Mar-2025 15:22:28.386 INFO [http-nio-8080-exec-238] org.apache.catalina.core.ApplicationContext.log Manager: start: Starting web application '/PE_PRJ301'
23-Mar-2025 15:23:40.778 INFO [http-nio-8080-exec-256] org.apache.catalina.core.ApplicationContext.log Manager: list: Listing contexts for virtual host 'localhost'
23-Mar-2025 15:23:40.782 INFO [http-nio-8080-exec-257] org.apache.catalina.core.ApplicationContext.log Manager: restart: Reloading web application '/PE_PRJ301'
